2018-04-03 20:58:24,187 INFO  DownloadService - Downloading "https://github.com/aashrairavooru/Skittles/archive/master.zip", attempt 3
2018-04-03 20:59:24,664 INFO  GithubDownloadService - Could not find ZIP archive for master branch
2018-04-03 20:59:25,321 INFO  GithubDownloadService - Default branch of this repository: master
2018-04-03 20:59:25,321 INFO  DownloadService - Downloading "https://github.com/aashrairavooru/Skittles/archive/master.zip", attempt 3
2018-04-03 21:00:26,714 DEBUG FullProcessService - Repository https://github.com/aashrairavooru/Skittles available: true
2018-04-03 21:00:26,714 INFO  FullProcessService - Could not download ZIP file from Github, lets clone it
2018-04-03 21:00:26,714 INFO  SysUtils - Execute command: [git, clone, -q, --single-branch, --depth, 1, https://github.com/aashrairavooru/Skittles, /tmp/rdisk/2076/src]
2018-04-03 21:00:29,413 INFO  SysUtils - 
2018-04-03 21:00:29,418 INFO  GitService - Deleted "/tmp/rdisk/2076/src/.git": true
2018-04-03 21:00:29,422 INFO  FullProcessService - Size of directory with sources: 5 MB
2018-04-03 21:00:29,422 INFO  SysUtils - Execute command: [git, init, /tmp/rdisk/2076/src]
2018-04-03 21:00:29,426 INFO  SysUtils - Initialized empty Git repository in /tmp/rdisk/2076/src/.git/

2018-04-03 21:00:29,429 INFO  ProjectBuildService - Gradle wrapper(s): /tmp/rdisk/2076/src/skittles/gradlew /tmp/rdisk/2076/src/sample/gradlew /tmp/rdisk/2076/src/gradlew
2018-04-03 21:00:29,433 INFO  ProjectBuildService - Build script(s): /tmp/rdisk/2076/src/sample/build.gradle /tmp/rdisk/2076/src/skittles/build.gradle /tmp/rdisk/2076/src/build.gradle
2018-04-03 21:00:29,438 INFO  ProjectBuildService - All script(s): /tmp/rdisk/2076/src/skittles/build.gradle /tmp/rdisk/2076/src/settings.gradle /tmp/rdisk/2076/src/sample/build.gradle /tmp/rdisk/2076/src/build.gradle
2018-04-03 21:00:29,438 INFO  DownloadService - Downloading "https://raw.githubusercontent.com/nuuneoi/JCenter/master/bintrayv1.gradle", attempt 3
2018-04-03 21:00:29,787 INFO  DownloadService - Downloaded https://raw.githubusercontent.com/nuuneoi/JCenter/master/bintrayv1.gradle, attempt 3
2018-04-03 21:00:29,787 INFO  DownloadService - Downloading "https://raw.githubusercontent.com/nuuneoi/JCenter/master/installv1.gradle", attempt 3
2018-04-03 21:00:29,931 INFO  DownloadService - Downloaded https://raw.githubusercontent.com/nuuneoi/JCenter/master/installv1.gradle, attempt 3
2018-04-03 21:00:29,931 INFO  ProjectBuildService - Remote scripts: https://raw.githubusercontent.com/nuuneoi/JCenter/master/bintrayv1.gradle https://raw.githubusercontent.com/nuuneoi/JCenter/master/installv1.gradle
2018-04-03 21:00:29,931 INFO  ProjectFixService - Fixing project...
2018-04-03 21:00:29,940 INFO  LocalPropertiesFixService - Created fake /tmp/rdisk/2076/src/sample/local.properties
2018-04-03 21:00:29,940 INFO  WrapperPropertiesFixService - Gradle wrapper: https://services.gradle.org/distributions/gradle-2.4-bin.zip
2018-04-03 21:00:29,940 INFO  ProjectFixService - Build info for "/tmp/rdisk/2076/src/sample/build.gradle": [buildToolsVersion=23.0.2,compileSdkVersion=23,minSdkVersion=14,targetSdkVersion=23]
2018-04-03 21:00:29,941 INFO  LocalPropertiesFixService - Created fake /tmp/rdisk/2076/src/skittles/local.properties
2018-04-03 21:00:29,941 INFO  WrapperPropertiesFixService - Gradle wrapper: https://services.gradle.org/distributions/gradle-2.4-bin.zip
2018-04-03 21:00:29,941 INFO  ProjectFixService - Build info for "/tmp/rdisk/2076/src/skittles/build.gradle": [buildToolsVersion=23.0.2,compileSdkVersion=23,minSdkVersion=14,targetSdkVersion=23]
2018-04-03 21:00:29,941 INFO  LocalPropertiesFixService - Created fake /tmp/rdisk/2076/src/local.properties
2018-04-03 21:00:29,942 INFO  WrapperPropertiesFixService - Gradle wrapper: https://services.gradle.org/distributions/gradle-2.10-all.zip
2018-04-03 21:00:29,942 INFO  WrapperPropertiesFixService - Gradle wrapper was changed from "-all.zip" to "-bin.zip" (https://services.gradle.org/distributions/gradle-2.10-bin.zip)
2018-04-03 21:00:29,943 INFO  ProjectFixService - Build info for "/tmp/rdisk/2076/src/build.gradle": [buildToolsVersion=23.0.2,compileSdkVersion=23,minSdkVersion=14,targetSdkVersion=23]
2018-04-03 21:00:29,943 INFO  ProjectFixService - Project was maybe fixed
2018-04-03 21:00:29,943 INFO  ProjectTaskService - Detecting possible tasks...
2018-04-03 21:00:29,943 INFO  SysUtils - Execute command: [/tmp/rdisk/2076/src/sample/gradlew, -b, /tmp/rdisk/2076/src/sample/build.gradle, -Dorg.gradle.daemon=false, -Dorg.gradle.daemon.performance.enable-monitoring=false, -Dorg.gradle.configureondemand=true, tasks]
2018-04-03 21:00:57,193 ERROR ProjectTaskService - Could not detect possible Gradle tasks: Process exited with an error: 1 (Exit value: 1)
2018-04-03 21:00:57,193 INFO  ProjectTaskService - Detected possible tasks: 3
2018-04-03 21:00:57,193 INFO  ProjectTaskService - Excluded tasks (3): sourcesJar javadocJar javadoc
2018-04-03 21:00:57,193 INFO  SysUtils - Execute command: [/tmp/rdisk/2076/src/sample/gradlew, -b, /tmp/rdisk/2076/src/sample/build.gradle, -Dorg.gradle.daemon=false, -Dorg.gradle.daemon.performance.enable-monitoring=false, -Dorg.gradle.configureondemand=true, --stacktrace, -x, sourcesJar, -x, javadocJar, -x, javadoc, build]
2018-04-03 21:01:00,887 ERROR SysUtils - Could not process external command
org.apache.commons.exec.ExecuteException: Process exited with an error: 1 (Exit value: 1)
	at org.apache.commons.exec.DefaultExecutor.executeInternal(DefaultExecutor.java:404)
	at org.apache.commons.exec.DefaultExecutor.execute(DefaultExecutor.java:166)
	at com.github.vbauer.apkmaster.util.SysUtils.execute(SysUtils.java:67)
	at com.github.vbauer.apkmaster.util.SysUtils.executeSimple(SysUtils.java:43)
	at com.github.vbauer.apkmaster.service.assembly.ProjectBuildService.buildProject(ProjectBuildService.java:78)
	at com.github.vbauer.apkmaster.service.assembly.ProjectBuildService.buildProject(ProjectBuildService.java:64)
	at com.github.vbauer.apkmaster.service.assembly.ProjectBuildService.buildProject(ProjectBuildService.java:43)
	at com.github.vbauer.apkmaster.service.FullProcessService.build(FullProcessService.java:84)
	at com.github.vbauer.apkmaster.service.FullProcessService.process(FullProcessService.java:34)
	at com.github.vbauer.apkmaster.app.MainApplication.process(MainApplication.java:38)
	at com.github.vbauer.apkmaster.app.MainApplication.main(MainApplication.java:20)
	at sun.reflect.GeneratedMethodAccessor8.invoke(Unknown Source)
	at sun.reflect.DelegatingMethodAccessorImpl.invoke(DelegatingMethodAccessorImpl.java:43)
	at java.lang.reflect.Method.invoke(Method.java:498)
	at com.android.arsenal.util.ReflectionUtils.invoke(ReflectionUtils.java:42)
	at com.android.arsenal.util.ApkMasterUtils.main(ApkMasterUtils.java:30)
	at com.android.arsenal.service.processor.impl.BuildProcessorServiceImpl.buildProject(BuildProcessorServiceImpl.java:197)
	at com.android.arsenal.service.processor.impl.BuildProcessorServiceImpl.build(BuildProcessorServiceImpl.java:131)
	at com.android.arsenal.service.processor.impl.BuildProcessorServiceImpl.lambda$null$1(BuildProcessorServiceImpl.java:114)
	at java.util.concurrent.FutureTask.run(FutureTask.java:266)
	at java.util.concurrent.Executors$RunnableAdapter.call(Executors.java:511)
	at java.util.concurrent.FutureTask.run(FutureTask.java:266)
	at java.util.concurrent.ThreadPoolExecutor.runWorker(ThreadPoolExecutor.java:1149)
	at java.util.concurrent.ThreadPoolExecutor$Worker.run(ThreadPoolExecutor.java:624)
	at java.lang.Thread.run(Thread.java:748)
2018-04-03 21:01:00,887 INFO  SysUtils - Configuration on demand is an incubating feature.

FAILURE: Build failed with an exception.

* Where:
Build file '/tmp/rdisk/2076/src/sample/build.gradle' line: 1

* What went wrong:
A problem occurred evaluating project ':sample'.
> Failed to apply plugin [id 'com.android.application']
   > Gradle version 2.10 is required. Current version is 2.4. If using the gradle wrapper, try editing the distributionUrl in /root/Documents/workspace/java/bloodhound/gradle/wrapper/gradle-wrapper.properties to gradle-2.10-all.zip

* Try:
Run with --info or --debug option to get more log output.

* Exception is:
org.gradle.api.GradleScriptException: A problem occurred evaluating project ':sample'.
	at org.gradle.groovy.scripts.internal.DefaultScriptRunnerFactory$ScriptRunnerImpl.run(DefaultScriptRunnerFactory.java:76)
	at org.gradle.configuration.DefaultScriptPluginFactory$ScriptPluginImpl$1.run(DefaultScriptPluginFactory.java:148)
	at org.gradle.configuration.DefaultScriptPluginFactory$ScriptPluginImpl.apply(DefaultScriptPluginFactory.java:156)
	at org.gradle.configuration.project.BuildScriptProcessor.execute(BuildScriptProcessor.java:39)
	at org.gradle.configuration.project.BuildScriptProcessor.execute(BuildScriptProcessor.java:26)
	at org.gradle.configuration.project.ConfigureActionsProjectEvaluator.evaluate(ConfigureActionsProjectEvaluator.java:34)
	at org.gradle.configuration.project.LifecycleProjectEvaluator.evaluate(LifecycleProjectEvaluator.java:55)
	at org.gradle.api.internal.project.AbstractProject.evaluate(AbstractProject.java:487)
	at org.gradle.api.internal.project.AbstractProject.evaluate(AbstractProject.java:85)
	at org.gradle.execution.TaskPathProjectEvaluator.configure(TaskPathProjectEvaluator.java:35)
	at org.gradle.execution.TaskSelector.getFilter(TaskSelector.java:56)
	at org.gradle.execution.ExcludedTaskFilteringBuildConfigurationAction.configure(ExcludedTaskFilteringBuildConfigurationAction.java:42)
	at org.gradle.execution.DefaultBuildExecuter.configure(DefaultBuildExecuter.java:42)
	at org.gradle.execution.DefaultBuildExecuter.access$100(DefaultBuildExecuter.java:23)
	at org.gradle.execution.DefaultBuildExecuter$1.proceed(DefaultBuildExecuter.java:48)
	at org.gradle.execution.DefaultTasksBuildExecutionAction.configure(DefaultTasksBuildExecutionAction.java:44)
	at org.gradle.execution.DefaultBuildExecuter.configure(DefaultBuildExecuter.java:42)
	at org.gradle.execution.DefaultBuildExecuter.select(DefaultBuildExecuter.java:35)
	at org.gradle.initialization.DefaultGradleLauncher.doBuildStages(DefaultGradleLauncher.java:142)
	at org.gradle.initialization.DefaultGradleLauncher.doBuild(DefaultGradleLauncher.java:106)
	at org.gradle.initialization.DefaultGradleLauncher.run(DefaultGradleLauncher.java:86)
	at org.gradle.launcher.exec.InProcessBuildActionExecuter$DefaultBuildController.run(InProcessBuildActionExecuter.java:90)
	at org.gradle.tooling.internal.provider.ExecuteBuildActionRunner.run(ExecuteBuildActionRunner.java:28)
	at org.gradle.launcher.exec.ChainingBuildActionRunner.run(ChainingBuildActionRunner.java:35)
	at org.gradle.launcher.exec.InProcessBuildActionExecuter.execute(InProcessBuildActionExecuter.java:41)
	at org.gradle.launcher.exec.InProcessBuildActionExecuter.execute(InProcessBuildActionExecuter.java:28)
	at org.gradle.launcher.exec.DaemonUsageSuggestingBuildActionExecuter.execute(DaemonUsageSuggestingBuildActionExecuter.java:50)
	at org.gradle.launcher.exec.DaemonUsageSuggestingBuildActionExecuter.execute(DaemonUsageSuggestingBuildActionExecuter.java:27)
	at org.gradle.launcher.cli.RunBuildAction.run(RunBuildAction.java:40)
	at org.gradle.internal.Actions$RunnableActionAdapter.execute(Actions.java:169)
	at org.gradle.launcher.cli.CommandLineActionFactory$ParseAndBuildAction.execute(CommandLineActionFactory.java:237)
	at org.gradle.launcher.cli.CommandLineActionFactory$ParseAndBuildAction.execute(CommandLineActionFactory.java:210)
	at org.gradle.launcher.cli.JavaRuntimeValidationAction.execute(JavaRuntimeValidationAction.java:35)
	at org.gradle.launcher.cli.JavaRuntimeValidationAction.execute(JavaRuntimeValidationAction.java:24)
	at org.gradle.launcher.cli.CommandLineActionFactory$WithLogging.execute(CommandLineActionFactory.java:206)
	at org.gradle.launcher.cli.CommandLineActionFactory$WithLogging.execute(CommandLineActionFactory.java:169)
	at org.gradle.launcher.cli.ExceptionReportingAction.execute(ExceptionReportingAction.java:33)
	at org.gradle.launcher.cli.ExceptionReportingAction.execute(ExceptionReportingAction.java:22)
	at org.gradle.launcher.Main.doAction(Main.java:33)
	at org.gradle.launcher.bootstrap.EntryPoint.run(EntryPoint.java:45)
	at org.gradle.launcher.bootstrap.ProcessBootstrap.runNoExit(ProcessBootstrap.java:54)
	at org.gradle.launcher.bootstrap.ProcessBootstrap.run(ProcessBootstrap.java:35)
	at org.gradle.launcher.GradleMain.main(GradleMain.java:23)
	at org.gradle.wrapper.BootstrapMainStarter.start(BootstrapMainStarter.java:30)
	at org.gradle.wrapper.WrapperExecutor.execute(WrapperExecutor.java:127)
	at org.gradle.wrapper.GradleWrapperMain.main(GradleWrapperMain.java:56)
Caused by: org.gradle.api.internal.plugins.PluginApplicationException: Failed to apply plugin [id 'com.android.application']
	at org.gradle.api.internal.plugins.DefaultPluginManager.doApply(DefaultPluginManager.java:160)
	at org.gradle.api.internal.plugins.DefaultPluginManager.apply(DefaultPluginManager.java:112)
	at org.gradle.api.internal.plugins.DefaultObjectConfigurationAction.applyType(DefaultObjectConfigurationAction.java:113)
	at org.gradle.api.internal.plugins.DefaultObjectConfigurationAction.access$200(DefaultObjectConfigurationAction.java:36)
	at org.gradle.api.internal.plugins.DefaultObjectConfigurationAction$3.run(DefaultObjectConfigurationAction.java:80)
	at org.gradle.api.internal.plugins.DefaultObjectConfigurationAction.execute(DefaultObjectConfigurationAction.java:136)
	at org.gradle.api.internal.project.AbstractPluginAware.apply(AbstractPluginAware.java:46)
	at org.gradle.api.plugins.PluginAware$apply.call(Unknown Source)
	at org.gradle.api.internal.project.ProjectScript.apply(ProjectScript.groovy:34)
	at org.gradle.api.Script$apply$0.callCurrent(Unknown Source)
	at build_buclftiree5xifqy6x5sm24sc.run(/tmp/rdisk/2076/src/sample/build.gradle:1)
	at org.gradle.groovy.scripts.internal.DefaultScriptRunnerFactory$ScriptRunnerImpl.run(DefaultScriptRunnerFactory.java:74)
	... 45 more
Caused by: org.gradle.api.GradleException: Gradle version 2.10 is required. Current version is 2.4. If using the gradle wrapper, try editing the distributionUrl in /root/Documents/workspace/java/bloodhound/gradle/wrapper/gradle-wrapper.properties to gradle-2.10-all.zip
	at com.android.build.gradle.internal.ExtraModelInfo.handleSyncIssue(ExtraModelInfo.java:118)
	at com.android.builder.core.ErrorReporter.handleSyncError(ErrorReporter.java:76)
	at com.android.build.gradle.BasePlugin.checkGradleVersion(BasePlugin.java:591)
	at com.android.build.gradle.BasePlugin.configureProject(BasePlugin.java:343)
	at com.android.build.gradle.BasePlugin$1.call(BasePlugin.java:317)
	at com.android.build.gradle.BasePlugin$1.call(BasePlugin.java:314)
	at com.android.builder.profile.ThreadRecorder$1.record(ThreadRecorder.java:55)
	at com.android.builder.profile.ThreadRecorder$1.record(ThreadRecorder.java:47)
	at com.android.build.gradle.BasePlugin.apply(BasePlugin.java:313)
	at com.android.build.gradle.AppPlugin.super$2$apply(AppPlugin.groovy)
	at com.android.build.gradle.AppPlugin.apply(AppPlugin.groovy:69)
	at com.android.build.gradle.AppPlugin.apply(AppPlugin.groovy)
	at org.gradle.api.internal.plugins.ImperativeOnlyPluginApplicator.applyImperative(ImperativeOnlyPluginApplicator.java:35)
	at org.gradle.api.internal.plugins.RuleBasedPluginApplicator.applyImperative(RuleBasedPluginApplicator.java:43)
	at org.gradle.api.internal.plugins.DefaultPluginManager.doApply(DefaultPluginManager.java:144)
	... 56 more


BUILD FAILED

Total time: 3.263 secs

2018-04-03 21:01:00,890 INFO  ProjectTaskService - Detecting possible tasks...
2018-04-03 21:01:00,890 INFO  SysUtils - Execute command: [/tmp/rdisk/2076/src/skittles/gradlew, -b, /tmp/rdisk/2076/src/skittles/build.gradle, -Dorg.gradle.daemon=false, -Dorg.gradle.daemon.performance.enable-monitoring=false, -Dorg.gradle.configureondemand=true, tasks]
2018-04-03 21:01:05,792 ERROR ProjectTaskService - Could not detect possible Gradle tasks: Process exited with an error: 1 (Exit value: 1)
2018-04-03 21:01:05,792 INFO  ProjectTaskService - Detected possible tasks: 3
2018-04-03 21:01:05,792 INFO  ProjectTaskService - Excluded tasks (3): sourcesJar javadocJar javadoc
2018-04-03 21:01:05,793 INFO  SysUtils - Execute command: [/tmp/rdisk/2076/src/skittles/gradlew, -b, /tmp/rdisk/2076/src/skittles/build.gradle, -Dorg.gradle.daemon=false, -Dorg.gradle.daemon.performance.enable-monitoring=false, -Dorg.gradle.configureondemand=true, --stacktrace, -x, sourcesJar, -x, javadocJar, -x, javadoc, build]
2018-04-03 21:01:09,508 ERROR SysUtils - Could not process external command
org.apache.commons.exec.ExecuteException: Process exited with an error: 1 (Exit value: 1)
	at org.apache.commons.exec.DefaultExecutor.executeInternal(DefaultExecutor.java:404)
	at org.apache.commons.exec.DefaultExecutor.execute(DefaultExecutor.java:166)
	at com.github.vbauer.apkmaster.util.SysUtils.execute(SysUtils.java:67)
	at com.github.vbauer.apkmaster.util.SysUtils.executeSimple(SysUtils.java:43)
	at com.github.vbauer.apkmaster.service.assembly.ProjectBuildService.buildProject(ProjectBuildService.java:78)
	at com.github.vbauer.apkmaster.service.assembly.ProjectBuildService.buildProject(ProjectBuildService.java:64)
	at com.github.vbauer.apkmaster.service.assembly.ProjectBuildService.buildProject(ProjectBuildService.java:43)
	at com.github.vbauer.apkmaster.service.FullProcessService.build(FullProcessService.java:84)
	at com.github.vbauer.apkmaster.service.FullProcessService.process(FullProcessService.java:34)
	at com.github.vbauer.apkmaster.app.MainApplication.process(MainApplication.java:38)
	at com.github.vbauer.apkmaster.app.MainApplication.main(MainApplication.java:20)
	at sun.reflect.GeneratedMethodAccessor8.invoke(Unknown Source)
	at sun.reflect.DelegatingMethodAccessorImpl.invoke(DelegatingMethodAccessorImpl.java:43)
	at java.lang.reflect.Method.invoke(Method.java:498)
	at com.android.arsenal.util.ReflectionUtils.invoke(ReflectionUtils.java:42)
	at com.android.arsenal.util.ApkMasterUtils.main(ApkMasterUtils.java:30)
	at com.android.arsenal.service.processor.impl.BuildProcessorServiceImpl.buildProject(BuildProcessorServiceImpl.java:197)
	at com.android.arsenal.service.processor.impl.BuildProcessorServiceImpl.build(BuildProcessorServiceImpl.java:131)
	at com.android.arsenal.service.processor.impl.BuildProcessorServiceImpl.lambda$null$1(BuildProcessorServiceImpl.java:114)
	at java.util.concurrent.FutureTask.run(FutureTask.java:266)
	at java.util.concurrent.Executors$RunnableAdapter.call(Executors.java:511)
	at java.util.concurrent.FutureTask.run(FutureTask.java:266)
	at java.util.concurrent.ThreadPoolExecutor.runWorker(ThreadPoolExecutor.java:1149)
	at java.util.concurrent.ThreadPoolExecutor$Worker.run(ThreadPoolExecutor.java:624)
	at java.lang.Thread.run(Thread.java:748)
2018-04-03 21:01:09,508 INFO  SysUtils - Configuration on demand is an incubating feature.

FAILURE: Build failed with an exception.

* Where:
Build file '/tmp/rdisk/2076/src/skittles/build.gradle' line: 1

* What went wrong:
A problem occurred evaluating project ':skittles'.
> Failed to apply plugin [id 'com.android.library']
   > Gradle version 2.10 is required. Current version is 2.4. If using the gradle wrapper, try editing the distributionUrl in /root/Documents/workspace/java/bloodhound/gradle/wrapper/gradle-wrapper.properties to gradle-2.10-all.zip

* Try:
Run with --info or --debug option to get more log output.

* Exception is:
org.gradle.api.GradleScriptException: A problem occurred evaluating project ':skittles'.
	at org.gradle.groovy.scripts.internal.DefaultScriptRunnerFactory$ScriptRunnerImpl.run(DefaultScriptRunnerFactory.java:76)
	at org.gradle.configuration.DefaultScriptPluginFactory$ScriptPluginImpl$1.run(DefaultScriptPluginFactory.java:148)
	at org.gradle.configuration.DefaultScriptPluginFactory$ScriptPluginImpl.apply(DefaultScriptPluginFactory.java:156)
	at org.gradle.configuration.project.BuildScriptProcessor.execute(BuildScriptProcessor.java:39)
	at org.gradle.configuration.project.BuildScriptProcessor.execute(BuildScriptProcessor.java:26)
	at org.gradle.configuration.project.ConfigureActionsProjectEvaluator.evaluate(ConfigureActionsProjectEvaluator.java:34)
	at org.gradle.configuration.project.LifecycleProjectEvaluator.evaluate(LifecycleProjectEvaluator.java:55)
	at org.gradle.api.internal.project.AbstractProject.evaluate(AbstractProject.java:487)
	at org.gradle.api.internal.project.AbstractProject.evaluate(AbstractProject.java:85)
	at org.gradle.execution.TaskPathProjectEvaluator.configure(TaskPathProjectEvaluator.java:35)
	at org.gradle.execution.TaskSelector.getFilter(TaskSelector.java:56)
	at org.gradle.execution.ExcludedTaskFilteringBuildConfigurationAction.configure(ExcludedTaskFilteringBuildConfigurationAction.java:42)
	at org.gradle.execution.DefaultBuildExecuter.configure(DefaultBuildExecuter.java:42)
	at org.gradle.execution.DefaultBuildExecuter.access$100(DefaultBuildExecuter.java:23)
	at org.gradle.execution.DefaultBuildExecuter$1.proceed(DefaultBuildExecuter.java:48)
	at org.gradle.execution.DefaultTasksBuildExecutionAction.configure(DefaultTasksBuildExecutionAction.java:44)
	at org.gradle.execution.DefaultBuildExecuter.configure(DefaultBuildExecuter.java:42)
	at org.gradle.execution.DefaultBuildExecuter.select(DefaultBuildExecuter.java:35)
	at org.gradle.initialization.DefaultGradleLauncher.doBuildStages(DefaultGradleLauncher.java:142)
	at org.gradle.initialization.DefaultGradleLauncher.doBuild(DefaultGradleLauncher.java:106)
	at org.gradle.initialization.DefaultGradleLauncher.run(DefaultGradleLauncher.java:86)
	at org.gradle.launcher.exec.InProcessBuildActionExecuter$DefaultBuildController.run(InProcessBuildActionExecuter.java:90)
	at org.gradle.tooling.internal.provider.ExecuteBuildActionRunner.run(ExecuteBuildActionRunner.java:28)
	at org.gradle.launcher.exec.ChainingBuildActionRunner.run(ChainingBuildActionRunner.java:35)
	at org.gradle.launcher.exec.InProcessBuildActionExecuter.execute(InProcessBuildActionExecuter.java:41)
	at org.gradle.launcher.exec.InProcessBuildActionExecuter.execute(InProcessBuildActionExecuter.java:28)
	at org.gradle.launcher.exec.DaemonUsageSuggestingBuildActionExecuter.execute(DaemonUsageSuggestingBuildActionExecuter.java:50)
	at org.gradle.launcher.exec.DaemonUsageSuggestingBuildActionExecuter.execute(DaemonUsageSuggestingBuildActionExecuter.java:27)
	at org.gradle.launcher.cli.RunBuildAction.run(RunBuildAction.java:40)
	at org.gradle.internal.Actions$RunnableActionAdapter.execute(Actions.java:169)
	at org.gradle.launcher.cli.CommandLineActionFactory$ParseAndBuildAction.execute(CommandLineActionFactory.java:237)
	at org.gradle.launcher.cli.CommandLineActionFactory$ParseAndBuildAction.execute(CommandLineActionFactory.java:210)
	at org.gradle.launcher.cli.JavaRuntimeValidationAction.execute(JavaRuntimeValidationAction.java:35)
	at org.gradle.launcher.cli.JavaRuntimeValidationAction.execute(JavaRuntimeValidationAction.java:24)
	at org.gradle.launcher.cli.CommandLineActionFactory$WithLogging.execute(CommandLineActionFactory.java:206)
	at org.gradle.launcher.cli.CommandLineActionFactory$WithLogging.execute(CommandLineActionFactory.java:169)
	at org.gradle.launcher.cli.ExceptionReportingAction.execute(ExceptionReportingAction.java:33)
	at org.gradle.launcher.cli.ExceptionReportingAction.execute(ExceptionReportingAction.java:22)
	at org.gradle.launcher.Main.doAction(Main.java:33)
	at org.gradle.launcher.bootstrap.EntryPoint.run(EntryPoint.java:45)
	at org.gradle.launcher.bootstrap.ProcessBootstrap.runNoExit(ProcessBootstrap.java:54)
	at org.gradle.launcher.bootstrap.ProcessBootstrap.run(ProcessBootstrap.java:35)
	at org.gradle.launcher.GradleMain.main(GradleMain.java:23)
	at org.gradle.wrapper.BootstrapMainStarter.start(BootstrapMainStarter.java:30)
	at org.gradle.wrapper.WrapperExecutor.execute(WrapperExecutor.java:127)
	at org.gradle.wrapper.GradleWrapperMain.main(GradleWrapperMain.java:56)
Caused by: org.gradle.api.internal.plugins.PluginApplicationException: Failed to apply plugin [id 'com.android.library']
	at org.gradle.api.internal.plugins.DefaultPluginManager.doApply(DefaultPluginManager.java:160)
	at org.gradle.api.internal.plugins.DefaultPluginManager.apply(DefaultPluginManager.java:112)
	at org.gradle.api.internal.plugins.DefaultObjectConfigurationAction.applyType(DefaultObjectConfigurationAction.java:113)
	at org.gradle.api.internal.plugins.DefaultObjectConfigurationAction.access$200(DefaultObjectConfigurationAction.java:36)
	at org.gradle.api.internal.plugins.DefaultObjectConfigurationAction$3.run(DefaultObjectConfigurationAction.java:80)
	at org.gradle.api.internal.plugins.DefaultObjectConfigurationAction.execute(DefaultObjectConfigurationAction.java:136)
	at org.gradle.api.internal.project.AbstractPluginAware.apply(AbstractPluginAware.java:46)
	at org.gradle.api.plugins.PluginAware$apply.call(Unknown Source)
	at org.gradle.api.internal.project.ProjectScript.apply(ProjectScript.groovy:34)
	at org.gradle.api.Script$apply$0.callCurrent(Unknown Source)
	at build_xnu44270b41a9ttpxlo46act.run(/tmp/rdisk/2076/src/skittles/build.gradle:1)
	at org.gradle.groovy.scripts.internal.DefaultScriptRunnerFactory$ScriptRunnerImpl.run(DefaultScriptRunnerFactory.java:74)
	... 45 more
Caused by: org.gradle.api.GradleException: Gradle version 2.10 is required. Current version is 2.4. If using the gradle wrapper, try editing the distributionUrl in /root/Documents/workspace/java/bloodhound/gradle/wrapper/gradle-wrapper.properties to gradle-2.10-all.zip
	at com.android.build.gradle.internal.ExtraModelInfo.handleSyncIssue(ExtraModelInfo.java:118)
	at com.android.builder.core.ErrorReporter.handleSyncError(ErrorReporter.java:76)
	at com.android.build.gradle.BasePlugin.checkGradleVersion(BasePlugin.java:591)
	at com.android.build.gradle.BasePlugin.configureProject(BasePlugin.java:343)
	at com.android.build.gradle.BasePlugin$1.call(BasePlugin.java:317)
	at com.android.build.gradle.BasePlugin$1.call(BasePlugin.java:314)
	at com.android.builder.profile.ThreadRecorder$1.record(ThreadRecorder.java:55)
	at com.android.builder.profile.ThreadRecorder$1.record(ThreadRecorder.java:47)
	at com.android.build.gradle.BasePlugin.apply(BasePlugin.java:313)
	at com.android.build.gradle.LibraryPlugin.super$2$apply(LibraryPlugin.groovy)
	at com.android.build.gradle.LibraryPlugin.apply(LibraryPlugin.groovy:89)
	at com.android.build.gradle.LibraryPlugin.apply(LibraryPlugin.groovy)
	at org.gradle.api.internal.plugins.ImperativeOnlyPluginApplicator.applyImperative(ImperativeOnlyPluginApplicator.java:35)
	at org.gradle.api.internal.plugins.RuleBasedPluginApplicator.applyImperative(RuleBasedPluginApplicator.java:43)
	at org.gradle.api.internal.plugins.DefaultPluginManager.doApply(DefaultPluginManager.java:144)
	... 56 more


BUILD FAILED

Total time: 3.214 secs

2018-04-03 21:01:09,512 INFO  ProjectTaskService - Detecting possible tasks...
2018-04-03 21:01:09,512 INFO  SysUtils - Execute command: [/tmp/rdisk/2076/src/gradlew, -b, /tmp/rdisk/2076/src/build.gradle, -Dorg.gradle.daemon=false, -Dorg.gradle.daemon.performance.enable-monitoring=false, -Dorg.gradle.configureondemand=true, tasks]
2018-04-03 21:01:24,049 INFO  ProjectTaskService - Detected possible tasks: 105
2018-04-03 21:01:24,050 INFO  ProjectTaskService - Excluded tasks (20): lintDebug mockableAndroidJar javadocJar deviceCheck lint testReleaseUnitTest javadoc deviceAndroidTest uninstallDebugAndroidTest installDebugAndroidTest connectedCheck connectedDebugAndroidTest uninstallAll sourcesJar checkstyle test check testDebugUnitTest connectedAndroidTest lintRelease
2018-04-03 21:01:24,050 INFO  SysUtils - Execute command: [/tmp/rdisk/2076/src/gradlew, -b, /tmp/rdisk/2076/src/build.gradle, -Dorg.gradle.daemon=false, -Dorg.gradle.daemon.performance.enable-monitoring=false, -Dorg.gradle.configureondemand=true, --stacktrace, -x, lintDebug, -x, mockableAndroidJar, -x, javadocJar, -x, deviceCheck, -x, lint, -x, testReleaseUnitTest, -x, javadoc, -x, deviceAndroidTest, -x, uninstallDebugAndroidTest, -x, installDebugAndroidTest, -x, connectedCheck, -x, connectedDebugAndroidTest, -x, uninstallAll, -x, sourcesJar, -x, checkstyle, -x, test, -x, check, -x, testDebugUnitTest, -x, connectedAndroidTest, -x, lintRelease, build]
2018-04-03 21:02:02,929 INFO  SysUtils - Configuration on demand is an incubating feature.
Premature end of file.:
org.xml.sax.SAXParseException; lineNumber: 1; columnNumber: 1; Premature end of file.
	at com.sun.org.apache.xerces.internal.util.ErrorHandlerWrapper.createSAXParseException(ErrorHandlerWrapper.java:203)
	at com.sun.org.apache.xerces.internal.util.ErrorHandlerWrapper.fatalError(ErrorHandlerWrapper.java:177)
	at com.sun.org.apache.xerces.internal.impl.XMLErrorReporter.reportError(XMLErrorReporter.java:400)
	at com.sun.org.apache.xerces.internal.impl.XMLErrorReporter.reportError(XMLErrorReporter.java:327)
	at com.sun.org.apache.xerces.internal.impl.XMLScanner.reportFatalError(XMLScanner.java:1472)
	at com.sun.org.apache.xerces.internal.impl.XMLDocumentScannerImpl$PrologDriver.next(XMLDocumentScannerImpl.java:1014)
	at com.sun.org.apache.xerces.internal.impl.XMLDocumentScannerImpl.next(XMLDocumentScannerImpl.java:602)
	at com.sun.org.apache.xerces.internal.impl.XMLNSDocumentScannerImpl.next(XMLNSDocumentScannerImpl.java:112)
	at com.sun.org.apache.xerces.internal.impl.XMLDocumentFragmentScannerImpl.scanDocument(XMLDocumentFragmentScannerImpl.java:505)
	at com.sun.org.apache.xerces.internal.parsers.XML11Configuration.parse(XML11Configuration.java:842)
	at com.sun.org.apache.xerces.internal.parsers.XML11Configuration.parse(XML11Configuration.java:771)
	at com.sun.org.apache.xerces.internal.parsers.XMLParser.parse(XMLParser.java:141)
	at com.sun.org.apache.xerces.internal.parsers.AbstractSAXParser.parse(AbstractSAXParser.java:1213)
	at com.sun.org.apache.xerces.internal.jaxp.SAXParserImpl$JAXPSAXParser.parse(SAXParserImpl.java:643)
	at com.sun.xml.internal.bind.v2.runtime.unmarshaller.UnmarshallerImpl.unmarshal0(UnmarshallerImpl.java:243)
	at com.sun.xml.internal.bind.v2.runtime.unmarshaller.UnmarshallerImpl.unmarshal(UnmarshallerImpl.java:214)
	at javax.xml.bind.helpers.AbstractUnmarshallerImpl.unmarshal(AbstractUnmarshallerImpl.java:157)
	at javax.xml.bind.helpers.AbstractUnmarshallerImpl.unmarshal(AbstractUnmarshallerImpl.java:125)
	at com.android.repository.impl.meta.SchemaModuleUtil.unmarshal(SchemaModuleUtil.java:209)
	at com.android.repository.impl.manager.LocalRepoLoader.parsePackage(LocalRepoLoader.java:239)
	at com.android.repository.impl.manager.LocalRepoLoader.collectPackages(LocalRepoLoader.java:140)
	at com.android.repository.impl.manager.LocalRepoLoader.collectPackages(LocalRepoLoader.java:165)
	at com.android.repository.impl.manager.LocalRepoLoader.collectPackages(LocalRepoLoader.java:165)
	at com.android.repository.impl.manager.LocalRepoLoader.getPackages(LocalRepoLoader.java:116)
	at com.android.repository.impl.manager.RepoManagerImpl$LoadTask.run(RepoManagerImpl.java:462)
	at com.android.repository.api.RepoManager$2.runSyncWithProgress(RepoManager.java:305)
	at com.android.repository.impl.manager.RepoManagerImpl.load(RepoManagerImpl.java:329)
	at com.android.repository.api.RepoManager.loadSynchronously(RepoManager.java:292)
	at com.android.sdklib.repositoryv2.AndroidSdkHandler$RepoConfig.createRepoManager(AndroidSdkHandler.java:531)
	at com.android.sdklib.repositoryv2.AndroidSdkHandler.getSdkManager(AndroidSdkHandler.java:240)
	at com.android.sdklib.repositoryv2.AndroidSdkHandler.getAndroidTargetManager(AndroidSdkHandler.java:279)
	at com.android.builder.sdk.DefaultSdkLoader.getTargetInfo(DefaultSdkLoader.java:79)
	at com.android.build.gradle.internal.SdkHandler.initTarget(SdkHandler.java:89)
	at com.android.build.gradle.BasePlugin.ensureTargetSetup(BasePlugin.java:674)
	at com.android.build.gradle.BasePlugin.createAndroidTasks(BasePlugin.java:611)
	at com.android.build.gradle.BasePlugin$10$1.call(BasePlugin.java:566)
	at com.android.build.gradle.BasePlugin$10$1.call(BasePlugin.java:563)
	at com.android.builder.profile.ThreadRecorder$1.record(ThreadRecorder.java:55)
	at com.android.builder.profile.ThreadRecorder$1.record(ThreadRecorder.java:47)
	at com.android.build.gradle.BasePlugin$10.execute(BasePlugin.java:562)
	at com.android.build.gradle.BasePlugin$10.execute(BasePlugin.java:559)
	at org.gradle.internal.event.BroadcastDispatch$ActionInvocationHandler.dispatch(BroadcastDispatch.java:93)
	at org.gradle.internal.event.BroadcastDispatch$ActionInvocationHandler.dispatch(BroadcastDispatch.java:82)
	at org.gradle.internal.event.AbstractBroadcastDispatch.dispatch(AbstractBroadcastDispatch.java:44)
	at org.gradle.internal.event.BroadcastDispatch.dispatch(BroadcastDispatch.java:79)
	at org.gradle.internal.event.BroadcastDispatch.dispatch(BroadcastDispatch.java:30)
	at org.gradle.messaging.dispatch.ProxyDispatchAdapter$DispatchingInvocationHandler.invoke(ProxyDispatchAdapter.java:93)
	at com.sun.proxy.$Proxy11.afterEvaluate(Unknown Source)
	at org.gradle.configuration.project.LifecycleProjectEvaluator.notifyAfterEvaluate(LifecycleProjectEvaluator.java:67)
	at org.gradle.configuration.project.LifecycleProjectEvaluator.evaluate(LifecycleProjectEvaluator.java:61)
	at org.gradle.api.internal.project.AbstractProject.evaluate(AbstractProject.java:510)
	at org.gradle.api.internal.project.AbstractProject.evaluate(AbstractProject.java:90)
	at org.gradle.execution.TaskPathProjectEvaluator.configureHierarchy(TaskPathProjectEvaluator.java:47)
	at org.gradle.execution.TaskSelector.getSelection(TaskSelector.java:84)
	at org.gradle.execution.TaskSelector.getFilter(TaskSelector.java:63)
	at org.gradle.execution.ExcludedTaskFilteringBuildConfigurationAction.configure(ExcludedTaskFilteringBuildConfigurationAction.java:42)
	at org.gradle.execution.DefaultBuildConfigurationActionExecuter.configure(DefaultBuildConfigurationActionExecuter.java:48)
	at org.gradle.execution.DefaultBuildConfigurationActionExecuter.select(DefaultBuildConfigurationActionExecuter.java:36)
	at org.gradle.initialization.DefaultGradleLauncher$3.run(DefaultGradleLauncher.java:143)
	at org.gradle.internal.Factories$1.create(Factories.java:22)
	at org.gradle.internal.progress.DefaultBuildOperationExecutor.run(DefaultBuildOperationExecutor.java:90)
	at org.gradle.internal.progress.DefaultBuildOperationExecutor.run(DefaultBuildOperationExecutor.java:52)
	at org.gradle.initialization.DefaultGradleLauncher.doBuildStages(DefaultGradleLauncher.java:140)
	at org.gradle.initialization.DefaultGradleLauncher.access$200(DefaultGradleLauncher.java:32)
	at org.gradle.initialization.DefaultGradleLauncher$1.create(DefaultGradleLauncher.java:99)
	at org.gradle.initialization.DefaultGradleLauncher$1.create(DefaultGradleLauncher.java:93)
	at org.gradle.internal.progress.DefaultBuildOperationExecutor.run(DefaultBuildOperationExecutor.java:90)
	at org.gradle.internal.progress.DefaultBuildOperationExecutor.run(DefaultBuildOperationExecutor.java:62)
	at org.gradle.initialization.DefaultGradleLauncher.doBuild(DefaultGradleLauncher.java:93)
	at org.gradle.initialization.DefaultGradleLauncher.run(DefaultGradleLauncher.java:82)
	at org.gradle.launcher.exec.InProcessBuildActionExecuter$DefaultBuildController.run(InProcessBuildActionExecuter.java:94)
	at org.gradle.tooling.internal.provider.ExecuteBuildActionRunner.run(ExecuteBuildActionRunner.java:28)
	at org.gradle.launcher.exec.ChainingBuildActionRunner.run(ChainingBuildActionRunner.java:35)
	at org.gradle.launcher.exec.InProcessBuildActionExecuter.execute(InProcessBuildActionExecuter.java:43)
	at org.gradle.launcher.exec.InProcessBuildActionExecuter.execute(InProcessBuildActionExecuter.java:28)
	at org.gradle.launcher.exec.ContinuousBuildActionExecuter.execute(ContinuousBuildActionExecuter.java:78)
	at org.gradle.launcher.exec.ContinuousBuildActionExecuter.execute(ContinuousBuildActionExecuter.java:48)
	at org.gradle.launcher.exec.DaemonUsageSuggestingBuildActionExecuter.execute(DaemonUsageSuggestingBuildActionExecuter.java:51)
	at org.gradle.launcher.exec.DaemonUsageSuggestingBuildActionExecuter.execute(DaemonUsageSuggestingBuildActionExecuter.java:28)
	at org.gradle.launcher.cli.RunBuildAction.run(RunBuildAction.java:43)
	at org.gradle.internal.Actions$RunnableActionAdapter.execute(Actions.java:170)
	at org.gradle.launcher.cli.CommandLineActionFactory$ParseAndBuildAction.execute(CommandLineActionFactory.java:237)
	at org.gradle.launcher.cli.CommandLineActionFactory$ParseAndBuildAction.execute(CommandLineActionFactory.java:210)
	at org.gradle.launcher.cli.JavaRuntimeValidationAction.execute(JavaRuntimeValidationAction.java:35)
	at org.gradle.launcher.cli.JavaRuntimeValidationAction.execute(JavaRuntimeValidationAction.java:24)
	at org.gradle.launcher.cli.CommandLineActionFactory$WithLogging.execute(CommandLineActionFactory.java:206)
	at org.gradle.launcher.cli.CommandLineActionFactory$WithLogging.execute(CommandLineActionFactory.java:169)
	at org.gradle.launcher.cli.ExceptionReportingAction.execute(ExceptionReportingAction.java:33)
	at org.gradle.launcher.cli.ExceptionReportingAction.execute(ExceptionReportingAction.java:22)
	at org.gradle.launcher.Main.doAction(Main.java:33)
	at org.gradle.launcher.bootstrap.EntryPoint.run(EntryPoint.java:45)
	at sun.reflect.NativeMethodAccessorImpl.invoke0(Native Method)
	at sun.reflect.NativeMethodAccessorImpl.invoke(NativeMethodAccessorImpl.java:62)
	at sun.reflect.DelegatingMethodAccessorImpl.invoke(DelegatingMethodAccessorImpl.java:43)
	at java.lang.reflect.Method.invoke(Method.java:498)
	at org.gradle.launcher.bootstrap.ProcessBootstrap.runNoExit(ProcessBootstrap.java:54)
	at org.gradle.launcher.bootstrap.ProcessBootstrap.run(ProcessBootstrap.java:35)
	at org.gradle.launcher.GradleMain.main(GradleMain.java:23)
	at sun.reflect.NativeMethodAccessorImpl.invoke0(Native Method)
	at sun.reflect.NativeMethodAccessorImpl.invoke(NativeMethodAccessorImpl.java:62)
	at sun.reflect.DelegatingMethodAccessorImpl.invoke(DelegatingMethodAccessorImpl.java:43)
	at java.lang.reflect.Method.invoke(Method.java:498)
	at org.gradle.wrapper.BootstrapMainStarter.start(BootstrapMainStarter.java:30)
	at org.gradle.wrapper.WrapperExecutor.execute(WrapperExecutor.java:127)
	at org.gradle.wrapper.GradleWrapperMain.main(GradleWrapperMain.java:56)

Found corrupted package.xml at /root/Applications/android-sdk/build-tools/28.0.0-rc1/package.xml
cvc-pattern-valid: Value 'build-tools;28.0.0 rc1' is not facet-valid with respect to pattern '[a-zA-Z0-9_\-;.]+' for type 'segmentListType'.:
org.xml.sax.SAXParseException; lineNumber: 0; columnNumber: 0; cvc-pattern-valid: Value 'build-tools;28.0.0 rc1' is not facet-valid with respect to pattern '[a-zA-Z0-9_\-;.]+' for type 'segmentListType'.
	at com.sun.org.apache.xerces.internal.util.ErrorHandlerWrapper.createSAXParseException(ErrorHandlerWrapper.java:203)
	at com.sun.org.apache.xerces.internal.util.ErrorHandlerWrapper.error(ErrorHandlerWrapper.java:134)
	at com.sun.org.apache.xerces.internal.impl.XMLErrorReporter.reportError(XMLErrorReporter.java:396)
	at com.sun.org.apache.xerces.internal.impl.XMLErrorReporter.reportError(XMLErrorReporter.java:327)
	at com.sun.org.apache.xerces.internal.impl.XMLErrorReporter.reportError(XMLErrorReporter.java:284)
	at com.sun.org.apache.xerces.internal.impl.xs.XMLSchemaValidator$XSIErrorReporter.reportError(XMLSchemaValidator.java:453)
	at com.sun.org.apache.xerces.internal.impl.xs.XMLSchemaValidator.reportSchemaError(XMLSchemaValidator.java:3231)
	at com.sun.org.apache.xerces.internal.impl.xs.XMLSchemaValidator.processOneAttribute(XMLSchemaValidator.java:2826)
	at com.sun.org.apache.xerces.internal.impl.xs.XMLSchemaValidator.processAttributes(XMLSchemaValidator.java:2763)
	at com.sun.org.apache.xerces.internal.impl.xs.XMLSchemaValidator.handleStartElement(XMLSchemaValidator.java:2051)
	at com.sun.org.apache.xerces.internal.impl.xs.XMLSchemaValidator.startElement(XMLSchemaValidator.java:741)
	at com.sun.org.apache.xerces.internal.jaxp.validation.ValidatorHandlerImpl.startElement(ValidatorHandlerImpl.java:568)
	at org.xml.sax.helpers.XMLFilterImpl.startElement(XMLFilterImpl.java:551)
	at com.sun.xml.internal.bind.v2.runtime.output.SAXOutput.endStartTag(SAXOutput.java:113)
	at com.sun.xml.internal.bind.v2.runtime.output.ForkXmlOutput.endStartTag(ForkXmlOutput.java:91)
	at com.sun.xml.internal.bind.v2.runtime.XMLSerializer.endAttributes(XMLSerializer.java:292)
	at com.sun.xml.internal.bind.v2.runtime.XMLSerializer.childAsXsiType(XMLSerializer.java:680)
	at com.sun.xml.internal.bind.v2.runtime.property.SingleElementNodeProperty.serializeBody(SingleElementNodeProperty.java:143)
	at com.sun.xml.internal.bind.v2.runtime.ClassBeanInfoImpl.serializeBody(ClassBeanInfoImpl.java:345)
	at com.sun.xml.internal.bind.v2.runtime.XMLSerializer.childAsXsiType(XMLSerializer.java:681)
	at com.sun.xml.internal.bind.v2.runtime.property.SingleElementNodeProperty.serializeBody(SingleElementNodeProperty.java:143)
	at com.sun.xml.internal.bind.v2.runtime.ElementBeanInfoImpl$1.serializeBody(ElementBeanInfoImpl.java:145)
	at com.sun.xml.internal.bind.v2.runtime.ElementBeanInfoImpl$1.serializeBody(ElementBeanInfoImpl.java:115)
	at com.sun.xml.internal.bind.v2.runtime.ElementBeanInfoImpl.serializeBody(ElementBeanInfoImpl.java:317)
	at com.sun.xml.internal.bind.v2.runtime.ElementBeanInfoImpl.serializeRoot(ElementBeanInfoImpl.java:324)
	at com.sun.xml.internal.bind.v2.runtime.ElementBeanInfoImpl.serializeRoot(ElementBeanInfoImpl.java:60)
	at com.sun.xml.internal.bind.v2.runtime.XMLSerializer.childAsRoot(XMLSerializer.java:479)
	at com.sun.xml.internal.bind.v2.runtime.MarshallerImpl.write(MarshallerImpl.java:308)
	at com.sun.xml.internal.bind.v2.runtime.MarshallerImpl.marshal(MarshallerImpl.java:236)
	at javax.xml.bind.helpers.AbstractMarshallerImpl.marshal(AbstractMarshallerImpl.java:95)
	at com.android.repository.impl.meta.SchemaModuleUtil.marshal(SchemaModuleUtil.java:226)
	at com.android.repository.impl.manager.LocalRepoLoader.writePackage(LocalRepoLoader.java:213)
	at com.android.repository.impl.manager.LocalRepoLoader.collectPackages(LocalRepoLoader.java:150)
	at com.android.repository.impl.manager.LocalRepoLoader.collectPackages(LocalRepoLoader.java:165)
	at com.android.repository.impl.manager.LocalRepoLoader.collectPackages(LocalRepoLoader.java:165)
	at com.android.repository.impl.manager.LocalRepoLoader.getPackages(LocalRepoLoader.java:116)
	at com.android.repository.impl.manager.RepoManagerImpl$LoadTask.run(RepoManagerImpl.java:462)
	at com.android.repository.api.RepoManager$2.runSyncWithProgress(RepoManager.java:305)
	at com.android.repository.impl.manager.RepoManagerImpl.load(RepoManagerImpl.java:329)
	at com.android.repository.api.RepoManager.loadSynchronously(RepoManager.java:292)
	at com.android.sdklib.repositoryv2.AndroidSdkHandler$RepoConfig.createRepoManager(AndroidSdkHandler.java:531)
	at com.android.sdklib.repositoryv2.AndroidSdkHandler.getSdkManager(AndroidSdkHandler.java:240)
	at com.android.sdklib.repositoryv2.AndroidSdkHandler.getAndroidTargetManager(AndroidSdkHandler.java:279)
	at com.android.builder.sdk.DefaultSdkLoader.getTargetInfo(DefaultSdkLoader.java:79)
	at com.android.build.gradle.internal.SdkHandler.initTarget(SdkHandler.java:89)
	at com.android.build.gradle.BasePlugin.ensureTargetSetup(BasePlugin.java:674)
	at com.android.build.gradle.BasePlugin.createAndroidTasks(BasePlugin.java:611)
	at com.android.build.gradle.BasePlugin$10$1.call(BasePlugin.java:566)
	at com.android.build.gradle.BasePlugin$10$1.call(BasePlugin.java:563)
	at com.android.builder.profile.ThreadRecorder$1.record(ThreadRecorder.java:55)
	at com.android.builder.profile.ThreadRecorder$1.record(ThreadRecorder.java:47)
	at com.android.build.gradle.BasePlugin$10.execute(BasePlugin.java:562)
	at com.android.build.gradle.BasePlugin$10.execute(BasePlugin.java:559)
	at org.gradle.internal.event.BroadcastDispatch$ActionInvocationHandler.dispatch(BroadcastDispatch.java:93)
	at org.gradle.internal.event.BroadcastDispatch$ActionInvocationHandler.dispatch(BroadcastDispatch.java:82)
	at org.gradle.internal.event.AbstractBroadcastDispatch.dispatch(AbstractBroadcastDispatch.java:44)
	at org.gradle.internal.event.BroadcastDispatch.dispatch(BroadcastDispatch.java:79)
	at org.gradle.internal.event.BroadcastDispatch.dispatch(BroadcastDispatch.java:30)
	at org.gradle.messaging.dispatch.ProxyDispatchAdapter$DispatchingInvocationHandler.invoke(ProxyDispatchAdapter.java:93)
	at com.sun.proxy.$Proxy11.afterEvaluate(Unknown Source)
	at org.gradle.configuration.project.LifecycleProjectEvaluator.notifyAfterEvaluate(LifecycleProjectEvaluator.java:67)
	at org.gradle.configuration.project.LifecycleProjectEvaluator.evaluate(LifecycleProjectEvaluator.java:61)
	at org.gradle.api.internal.project.AbstractProject.evaluate(AbstractProject.java:510)
	at org.gradle.api.internal.project.AbstractProject.evaluate(AbstractProject.java:90)
	at org.gradle.execution.TaskPathProjectEvaluator.configureHierarchy(TaskPathProjectEvaluator.java:47)
	at org.gradle.execution.TaskSelector.getSelection(TaskSelector.java:84)
	at org.gradle.execution.TaskSelector.getFilter(TaskSelector.java:63)
	at org.gradle.execution.ExcludedTaskFilteringBuildConfigurationAction.configure(ExcludedTaskFilteringBuildConfigurationAction.java:42)
	at org.gradle.execution.DefaultBuildConfigurationActionExecuter.configure(DefaultBuildConfigurationActionExecuter.java:48)
	at org.gradle.execution.DefaultBuildConfigurationActionExecuter.select(DefaultBuildConfigurationActionExecuter.java:36)
	at org.gradle.initialization.DefaultGradleLauncher$3.run(DefaultGradleLauncher.java:143)
	at org.gradle.internal.Factories$1.create(Factories.java:22)
	at org.gradle.internal.progress.DefaultBuildOperationExecutor.run(DefaultBuildOperationExecutor.java:90)
	at org.gradle.internal.progress.DefaultBuildOperationExecutor.run(DefaultBuildOperationExecutor.java:52)
	at org.gradle.initialization.DefaultGradleLauncher.doBuildStages(DefaultGradleLauncher.java:140)
	at org.gradle.initialization.DefaultGradleLauncher.access$200(DefaultGradleLauncher.java:32)
	at org.gradle.initialization.DefaultGradleLauncher$1.create(DefaultGradleLauncher.java:99)
	at org.gradle.initialization.DefaultGradleLauncher$1.create(DefaultGradleLauncher.java:93)
	at org.gradle.internal.progress.DefaultBuildOperationExecutor.run(DefaultBuildOperationExecutor.java:90)
	at org.gradle.internal.progress.DefaultBuildOperationExecutor.run(DefaultBuildOperationExecutor.java:62)
	at org.gradle.initialization.DefaultGradleLauncher.doBuild(DefaultGradleLauncher.java:93)
	at org.gradle.initialization.DefaultGradleLauncher.run(DefaultGradleLauncher.java:82)
	at org.gradle.launcher.exec.InProcessBuildActionExecuter$DefaultBuildController.run(InProcessBuildActionExecuter.java:94)
	at org.gradle.tooling.internal.provider.ExecuteBuildActionRunner.run(ExecuteBuildActionRunner.java:28)
	at org.gradle.launcher.exec.ChainingBuildActionRunner.run(ChainingBuildActionRunner.java:35)
	at org.gradle.launcher.exec.InProcessBuildActionExecuter.execute(InProcessBuildActionExecuter.java:43)
	at org.gradle.launcher.exec.InProcessBuildActionExecuter.execute(InProcessBuildActionExecuter.java:28)
	at org.gradle.launcher.exec.ContinuousBuildActionExecuter.execute(ContinuousBuildActionExecuter.java:78)
	at org.gradle.launcher.exec.ContinuousBuildActionExecuter.execute(ContinuousBuildActionExecuter.java:48)
	at org.gradle.launcher.exec.DaemonUsageSuggestingBuildActionExecuter.execute(DaemonUsageSuggestingBuildActionExecuter.java:51)
	at org.gradle.launcher.exec.DaemonUsageSuggestingBuildActionExecuter.execute(DaemonUsageSuggestingBuildActionExecuter.java:28)
	at org.gradle.launcher.cli.RunBuildAction.run(RunBuildAction.java:43)
	at org.gradle.internal.Actions$RunnableActionAdapter.execute(Actions.java:170)
	at org.gradle.launcher.cli.CommandLineActionFactory$ParseAndBuildAction.execute(CommandLineActionFactory.java:237)
	at org.gradle.launcher.cli.CommandLineActionFactory$ParseAndBuildAction.execute(CommandLineActionFactory.java:210)
	at org.gradle.launcher.cli.JavaRuntimeValidationAction.execute(JavaRuntimeValidationAction.java:35)
	at org.gradle.launcher.cli.JavaRuntimeValidationAction.execute(JavaRuntimeValidationAction.java:24)
	at org.gradle.launcher.cli.CommandLineActionFactory$WithLogging.execute(CommandLineActionFactory.java:206)
	at org.gradle.launcher.cli.CommandLineActionFactory$WithLogging.execute(CommandLineActionFactory.java:169)
	at org.gradle.launcher.cli.ExceptionReportingAction.execute(ExceptionReportingAction.java:33)
	at org.gradle.launcher.cli.ExceptionReportingAction.execute(ExceptionReportingAction.java:22)
	at org.gradle.launcher.Main.doAction(Main.java:33)
	at org.gradle.launcher.bootstrap.EntryPoint.run(EntryPoint.java:45)
	at sun.reflect.NativeMethodAccessorImpl.invoke0(Native Method)
	at sun.reflect.NativeMethodAccessorImpl.invoke(NativeMethodAccessorImpl.java:62)
	at sun.reflect.DelegatingMethodAccessorImpl.invoke(DelegatingMethodAccessorImpl.java:43)
	at java.lang.reflect.Method.invoke(Method.java:498)
	at org.gradle.launcher.bootstrap.ProcessBootstrap.runNoExit(ProcessBootstrap.java:54)
	at org.gradle.launcher.bootstrap.ProcessBootstrap.run(ProcessBootstrap.java:35)
	at org.gradle.launcher.GradleMain.main(GradleMain.java:23)
	at sun.reflect.NativeMethodAccessorImpl.invoke0(Native Method)
	at sun.reflect.NativeMethodAccessorImpl.invoke(NativeMethodAccessorImpl.java:62)
	at sun.reflect.DelegatingMethodAccessorImpl.invoke(DelegatingMethodAccessorImpl.java:43)
	at java.lang.reflect.Method.invoke(Method.java:498)
	at org.gradle.wrapper.BootstrapMainStarter.start(BootstrapMainStarter.java:30)
	at org.gradle.wrapper.WrapperExecutor.execute(WrapperExecutor.java:127)
	at org.gradle.wrapper.GradleWrapperMain.main(GradleWrapperMain.java:56)

null:
javax.xml.bind.MarshalException
 - with linked exception:
[org.xml.sax.SAXParseException; lineNumber: 0; columnNumber: 0; cvc-pattern-valid: Value 'build-tools;28.0.0 rc1' is not facet-valid with respect to pattern '[a-zA-Z0-9_\-;.]+' for type 'segmentListType'.]
	at com.sun.xml.internal.bind.v2.runtime.MarshallerImpl.write(MarshallerImpl.java:311)
	at com.sun.xml.internal.bind.v2.runtime.MarshallerImpl.marshal(MarshallerImpl.java:236)
	at javax.xml.bind.helpers.AbstractMarshallerImpl.marshal(AbstractMarshallerImpl.java:95)
	at com.android.repository.impl.meta.SchemaModuleUtil.marshal(SchemaModuleUtil.java:226)
	at com.android.repository.impl.manager.LocalRepoLoader.writePackage(LocalRepoLoader.java:213)
	at com.android.repository.impl.manager.LocalRepoLoader.collectPackages(LocalRepoLoader.java:150)
	at com.android.repository.impl.manager.LocalRepoLoader.collectPackages(LocalRepoLoader.java:165)
	at com.android.repository.impl.manager.LocalRepoLoader.collectPackages(LocalRepoLoader.java:165)
	at com.android.repository.impl.manager.LocalRepoLoader.getPackages(LocalRepoLoader.java:116)
	at com.android.repository.impl.manager.RepoManagerImpl$LoadTask.run(RepoManagerImpl.java:462)
	at com.android.repository.api.RepoManager$2.runSyncWithProgress(RepoManager.java:305)
	at com.android.repository.impl.manager.RepoManagerImpl.load(RepoManagerImpl.java:329)
	at com.android.repository.api.RepoManager.loadSynchronously(RepoManager.java:292)
	at com.android.sdklib.repositoryv2.AndroidSdkHandler$RepoConfig.createRepoManager(AndroidSdkHandler.java:531)
	at com.android.sdklib.repositoryv2.AndroidSdkHandler.getSdkManager(AndroidSdkHandler.java:240)
	at com.android.sdklib.repositoryv2.AndroidSdkHandler.getAndroidTargetManager(AndroidSdkHandler.java:279)
	at com.android.builder.sdk.DefaultSdkLoader.getTargetInfo(DefaultSdkLoader.java:79)
	at com.android.build.gradle.internal.SdkHandler.initTarget(SdkHandler.java:89)
	at com.android.build.gradle.BasePlugin.ensureTargetSetup(BasePlugin.java:674)
	at com.android.build.gradle.BasePlugin.createAndroidTasks(BasePlugin.java:611)
	at com.android.build.gradle.BasePlugin$10$1.call(BasePlugin.java:566)
	at com.android.build.gradle.BasePlugin$10$1.call(BasePlugin.java:563)
	at com.android.builder.profile.ThreadRecorder$1.record(ThreadRecorder.java:55)
	at com.android.builder.profile.ThreadRecorder$1.record(ThreadRecorder.java:47)
	at com.android.build.gradle.BasePlugin$10.execute(BasePlugin.java:562)
	at com.android.build.gradle.BasePlugin$10.execute(BasePlugin.java:559)
	at org.gradle.internal.event.BroadcastDispatch$ActionInvocationHandler.dispatch(BroadcastDispatch.java:93)
	at org.gradle.internal.event.BroadcastDispatch$ActionInvocationHandler.dispatch(BroadcastDispatch.java:82)
	at org.gradle.internal.event.AbstractBroadcastDispatch.dispatch(AbstractBroadcastDispatch.java:44)
	at org.gradle.internal.event.BroadcastDispatch.dispatch(BroadcastDispatch.java:79)
	at org.gradle.internal.event.BroadcastDispatch.dispatch(BroadcastDispatch.java:30)
	at org.gradle.messaging.dispatch.ProxyDispatchAdapter$DispatchingInvocationHandler.invoke(ProxyDispatchAdapter.java:93)
	at com.sun.proxy.$Proxy11.afterEvaluate(Unknown Source)
	at org.gradle.configuration.project.LifecycleProjectEvaluator.notifyAfterEvaluate(LifecycleProjectEvaluator.java:67)
	at org.gradle.configuration.project.LifecycleProjectEvaluator.evaluate(LifecycleProjectEvaluator.java:61)
	at org.gradle.api.internal.project.AbstractProject.evaluate(AbstractProject.java:510)
	at org.gradle.api.internal.project.AbstractProject.evaluate(AbstractProject.java:90)
	at org.gradle.execution.TaskPathProjectEvaluator.configureHierarchy(TaskPathProjectEvaluator.java:47)
	at org.gradle.execution.TaskSelector.getSelection(TaskSelector.java:84)
	at org.gradle.execution.TaskSelector.getFilter(TaskSelector.java:63)
	at org.gradle.execution.ExcludedTaskFilteringBuildConfigurationAction.configure(ExcludedTaskFilteringBuildConfigurationAction.java:42)
	at org.gradle.execution.DefaultBuildConfigurationActionExecuter.configure(DefaultBuildConfigurationActionExecuter.java:48)
	at org.gradle.execution.DefaultBuildConfigurationActionExecuter.select(DefaultBuildConfigurationActionExecuter.java:36)
	at org.gradle.initialization.DefaultGradleLauncher$3.run(DefaultGradleLauncher.java:143)
	at org.gradle.internal.Factories$1.create(Factories.java:22)
	at org.gradle.internal.progress.DefaultBuildOperationExecutor.run(DefaultBuildOperationExecutor.java:90)
	at org.gradle.internal.progress.DefaultBuildOperationExecutor.run(DefaultBuildOperationExecutor.java:52)
	at org.gradle.initialization.DefaultGradleLauncher.doBuildStages(DefaultGradleLauncher.java:140)
	at org.gradle.initialization.DefaultGradleLauncher.access$200(DefaultGradleLauncher.java:32)
	at org.gradle.initialization.DefaultGradleLauncher$1.create(DefaultGradleLauncher.java:99)
	at org.gradle.initialization.DefaultGradleLauncher$1.create(DefaultGradleLauncher.java:93)
	at org.gradle.internal.progress.DefaultBuildOperationExecutor.run(DefaultBuildOperationExecutor.java:90)
	at org.gradle.internal.progress.DefaultBuildOperationExecutor.run(DefaultBuildOperationExecutor.java:62)
	at org.gradle.initialization.DefaultGradleLauncher.doBuild(DefaultGradleLauncher.java:93)
	at org.gradle.initialization.DefaultGradleLauncher.run(DefaultGradleLauncher.java:82)
	at org.gradle.launcher.exec.InProcessBuildActionExecuter$DefaultBuildController.run(InProcessBuildActionExecuter.java:94)
	at org.gradle.tooling.internal.provider.ExecuteBuildActionRunner.run(ExecuteBuildActionRunner.java:28)
	at org.gradle.launcher.exec.ChainingBuildActionRunner.run(ChainingBuildActionRunner.java:35)
	at org.gradle.launcher.exec.InProcessBuildActionExecuter.execute(InProcessBuildActionExecuter.java:43)
	at org.gradle.launcher.exec.InProcessBuildActionExecuter.execute(InProcessBuildActionExecuter.java:28)
	at org.gradle.launcher.exec.ContinuousBuildActionExecuter.execute(ContinuousBuildActionExecuter.java:78)
	at org.gradle.launcher.exec.ContinuousBuildActionExecuter.execute(ContinuousBuildActionExecuter.java:48)
	at org.gradle.launcher.exec.DaemonUsageSuggestingBuildActionExecuter.execute(DaemonUsageSuggestingBuildActionExecuter.java:51)
	at org.gradle.launcher.exec.DaemonUsageSuggestingBuildActionExecuter.execute(DaemonUsageSuggestingBuildActionExecuter.java:28)
	at org.gradle.launcher.cli.RunBuildAction.run(RunBuildAction.java:43)
	at org.gradle.internal.Actions$RunnableActionAdapter.execute(Actions.java:170)
	at org.gradle.launcher.cli.CommandLineActionFactory$ParseAndBuildAction.execute(CommandLineActionFactory.java:237)
	at org.gradle.launcher.cli.CommandLineActionFactory$ParseAndBuildAction.execute(CommandLineActionFactory.java:210)
	at org.gradle.launcher.cli.JavaRuntimeValidationAction.execute(JavaRuntimeValidationAction.java:35)
	at org.gradle.launcher.cli.JavaRuntimeValidationAction.execute(JavaRuntimeValidationAction.java:24)
	at org.gradle.launcher.cli.CommandLineActionFactory$WithLogging.execute(CommandLineActionFactory.java:206)
	at org.gradle.launcher.cli.CommandLineActionFactory$WithLogging.execute(CommandLineActionFactory.java:169)
	at org.gradle.launcher.cli.ExceptionReportingAction.execute(ExceptionReportingAction.java:33)
	at org.gradle.launcher.cli.ExceptionReportingAction.execute(ExceptionReportingAction.java:22)
	at org.gradle.launcher.Main.doAction(Main.java:33)
	at org.gradle.launcher.bootstrap.EntryPoint.run(EntryPoint.java:45)
	at sun.reflect.NativeMethodAccessorImpl.invoke0(Native Method)
	at sun.reflect.NativeMethodAccessorImpl.invoke(NativeMethodAccessorImpl.java:62)
	at sun.reflect.DelegatingMethodAccessorImpl.invoke(DelegatingMethodAccessorImpl.java:43)
	at java.lang.reflect.Method.invoke(Method.java:498)
	at org.gradle.launcher.bootstrap.ProcessBootstrap.runNoExit(ProcessBootstrap.java:54)
	at org.gradle.launcher.bootstrap.ProcessBootstrap.run(ProcessBootstrap.java:35)
	at org.gradle.launcher.GradleMain.main(GradleMain.java:23)
	at sun.reflect.NativeMethodAccessorImpl.invoke0(Native Method)
	at sun.reflect.NativeMethodAccessorImpl.invoke(NativeMethodAccessorImpl.java:62)
	at sun.reflect.DelegatingMethodAccessorImpl.invoke(DelegatingMethodAccessorImpl.java:43)
	at java.lang.reflect.Method.invoke(Method.java:498)
	at org.gradle.wrapper.BootstrapMainStarter.start(BootstrapMainStarter.java:30)
	at org.gradle.wrapper.WrapperExecutor.execute(WrapperExecutor.java:127)
	at org.gradle.wrapper.GradleWrapperMain.main(GradleWrapperMain.java:56)
Caused by: org.xml.sax.SAXParseException; lineNumber: 0; columnNumber: 0; cvc-pattern-valid: Value 'build-tools;28.0.0 rc1' is not facet-valid with respect to pattern '[a-zA-Z0-9_\-;.]+' for type 'segmentListType'.
	at com.sun.org.apache.xerces.internal.util.ErrorHandlerWrapper.createSAXParseException(ErrorHandlerWrapper.java:203)
	at com.sun.org.apache.xerces.internal.util.ErrorHandlerWrapper.error(ErrorHandlerWrapper.java:134)
	at com.sun.org.apache.xerces.internal.impl.XMLErrorReporter.reportError(XMLErrorReporter.java:396)
	at com.sun.org.apache.xerces.internal.impl.XMLErrorReporter.reportError(XMLErrorReporter.java:327)
	at com.sun.org.apache.xerces.internal.impl.XMLErrorReporter.reportError(XMLErrorReporter.java:284)
	at com.sun.org.apache.xerces.internal.impl.xs.XMLSchemaValidator$XSIErrorReporter.reportError(XMLSchemaValidator.java:453)
	at com.sun.org.apache.xerces.internal.impl.xs.XMLSchemaValidator.reportSchemaError(XMLSchemaValidator.java:3231)
	at com.sun.org.apache.xerces.internal.impl.xs.XMLSchemaValidator.processOneAttribute(XMLSchemaValidator.java:2826)
	at com.sun.org.apache.xerces.internal.impl.xs.XMLSchemaValidator.processAttributes(XMLSchemaValidator.java:2763)
	at com.sun.org.apache.xerces.internal.impl.xs.XMLSchemaValidator.handleStartElement(XMLSchemaValidator.java:2051)
	at com.sun.org.apache.xerces.internal.impl.xs.XMLSchemaValidator.startElement(XMLSchemaValidator.java:741)
	at com.sun.org.apache.xerces.internal.jaxp.validation.ValidatorHandlerImpl.startElement(ValidatorHandlerImpl.java:568)
	at org.xml.sax.helpers.XMLFilterImpl.startElement(XMLFilterImpl.java:551)
	at com.sun.xml.internal.bind.v2.runtime.output.SAXOutput.endStartTag(SAXOutput.java:113)
	at com.sun.xml.internal.bind.v2.runtime.output.ForkXmlOutput.endStartTag(ForkXmlOutput.java:91)
	at com.sun.xml.internal.bind.v2.runtime.XMLSerializer.endAttributes(XMLSerializer.java:292)
	at com.sun.xml.internal.bind.v2.runtime.XMLSerializer.childAsXsiType(XMLSerializer.java:680)
	at com.sun.xml.internal.bind.v2.runtime.property.SingleElementNodeProperty.serializeBody(SingleElementNodeProperty.java:143)
	at com.sun.xml.internal.bind.v2.runtime.ClassBeanInfoImpl.serializeBody(ClassBeanInfoImpl.java:345)
	at com.sun.xml.internal.bind.v2.runtime.XMLSerializer.childAsXsiType(XMLSerializer.java:681)
	at com.sun.xml.internal.bind.v2.runtime.property.SingleElementNodeProperty.serializeBody(SingleElementNodeProperty.java:143)
	at com.sun.xml.internal.bind.v2.runtime.ElementBeanInfoImpl$1.serializeBody(ElementBeanInfoImpl.java:145)
	at com.sun.xml.internal.bind.v2.runtime.ElementBeanInfoImpl$1.serializeBody(ElementBeanInfoImpl.java:115)
	at com.sun.xml.internal.bind.v2.runtime.ElementBeanInfoImpl.serializeBody(ElementBeanInfoImpl.java:317)
	at com.sun.xml.internal.bind.v2.runtime.ElementBeanInfoImpl.serializeRoot(ElementBeanInfoImpl.java:324)
	at com.sun.xml.internal.bind.v2.runtime.ElementBeanInfoImpl.serializeRoot(ElementBeanInfoImpl.java:60)
	at com.sun.xml.internal.bind.v2.runtime.XMLSerializer.childAsRoot(XMLSerializer.java:479)
	at com.sun.xml.internal.bind.v2.runtime.MarshallerImpl.write(MarshallerImpl.java:308)
	... 89 more

Observed package id 'build-tools;28.0.0 rc1' in inconsistent location '/root/Applications/android-sdk/build-tools/28.0.0-rc1' (Expected '/root/Applications/android-sdk/build-tools/28.0.0 rc1')
Incremental java compilation is an incubating feature.
:sample:preBuild UP-TO-DATE
:sample:preDevDebugBuild UP-TO-DATE
:sample:checkDevDebugManifest
:sample:preDevReleaseBuild UP-TO-DATE
:skittles:preBuild UP-TO-DATE
:skittles:preReleaseBuild UP-TO-DATE
:skittles:compileReleaseNdk UP-TO-DATE
:skittles:compileLint
:skittles:copyReleaseLint UP-TO-DATE
:skittles:checkReleaseManifest
:skittles:preDebugAndroidTestBuild UP-TO-DATE
:skittles:preDebugBuild UP-TO-DATE
:skittles:preDebugUnitTestBuild UP-TO-DATE
:skittles:preReleaseUnitTestBuild UP-TO-DATE
:skittles:prepareComAndroidSupportAppcompatV72311Library
:skittles:prepareComAndroidSupportDesign2311Library
:skittles:prepareComAndroidSupportRecyclerviewV72311Library
:skittles:prepareComAndroidSupportSupportV42311Library
:skittles:prepareReleaseDependencies
:skittles:compileReleaseAidl
:skittles:compileReleaseRenderscript
:skittles:generateReleaseBuildConfig
:skittles:generateReleaseAssets UP-TO-DATE
:skittles:mergeReleaseAssets
:skittles:generateReleaseResValues
:skittles:generateReleaseResources
:skittles:mergeReleaseResources
:skittles:processReleaseManifest
:skittles:processReleaseResources
:skittles:generateReleaseSources
:skittles:compileReleaseJavaWithJavac
:skittles:compileReleaseJavaWithJavac - is not incremental (e.g. outputs have changed, no previous execution, etc.).
:skittles:extractReleaseAnnotations
:skittles:mergeReleaseProguardFiles
:skittles:packageReleaseRenderscript UP-TO-DATE
:skittles:packageReleaseResources
:skittles:processReleaseJavaRes UP-TO-DATE
:skittles:transformResourcesWithMergeJavaResForRelease
:skittles:transformClassesAndResourcesWithSyncLibJarsForRelease
:skittles:mergeReleaseJniLibFolders
:skittles:transformNative_libsWithMergeJniLibsForRelease
:skittles:transformNative_libsWithSyncJniLibsForRelease
:skittles:bundleRelease
:sample:prepareComAndroidSupportAppcompatV72311Library
:sample:prepareComAndroidSupportCardviewV72311Library
:sample:prepareComAndroidSupportDesign2311Library
:sample:prepareComAndroidSupportRecyclerviewV72311Library
:sample:prepareComAndroidSupportSupportV42311Library
:sample:prepareComRljLibrarySkittles411Library
:sample:prepareComSquareupLeakcanaryLeakcanaryAndroid131Library
:sample:prepareDevDebugDependencies
:sample:compileDevDebugAidl
:sample:compileDevDebugRenderscript
:sample:generateDevDebugBuildConfig
:sample:generateDevDebugAssets UP-TO-DATE
:sample:mergeDevDebugAssets
:sample:generateDevDebugResValues
:sample:generateDevDebugResources
:sample:mergeDevDebugResources
:sample:processDevDebugManifest
:sample:processDevDebugResources
:sample:generateDevDebugSources
:sample:compileDevDebugJavaWithJavac
:sample:compileDevDebugJavaWithJavac - is not incremental (e.g. outputs have changed, no previous execution, etc.).
:sample:compileDevDebugNdk UP-TO-DATE
:sample:compileDevDebugSources
:sample:prePackageMarkerForDevDebug
:sample:transformClassesWithDexForDevDebug
Dexing /tmp/rdisk/2076/src/sample/build/intermediates/classes/dev/debug took 2202
Dexing /tmp/rdisk/2076/src/sample/build/intermediates/exploded-aar/com.squareup.leakcanary/leakcanary-android/1.3.1/jars/classes.jar took 2659
Dexing /tmp/rdisk/2076/src/sample/build/intermediates/exploded-aar/com.android.support/recyclerview-v7/23.1.1/jars/classes.jar took 5763
Dexing /tmp/rdisk/2076/src/sample/build/intermediates/exploded-aar/com.android.support/design/23.1.1/jars/classes.jar took 5416
Dexing /tmp/rdisk/2076/src/sample/build/intermediates/exploded-aar/com.rlj.library/skittles/4.1.1/jars/classes.jar took 2835
Dexing /tmp/rdisk/2076/src/sample/build/intermediates/exploded-aar/com.android.support/support-v4/23.1.1/jars/classes.jar took 8856
Dexing /root/Applications/android-sdk/extras/android/m2repository/com/android/support/support-annotations/23.1.1/support-annotations-23.1.1.jar took 1019
Dexing /root/.gradle/caches/modules-2/files-2.1/com.squareup.leakcanary/leakcanary-analyzer/1.3.1/325e7401a7ea16918eb39ba8baad8fd5561a55d3/leakcanary-analyzer-1.3.1.jar took 1839
Dexing /tmp/rdisk/2076/src/sample/build/intermediates/exploded-aar/com.android.support/appcompat-v7/23.1.1/jars/classes.jar took 7998
Dexing /root/.gradle/caches/modules-2/files-2.1/com.squareup.leakcanary/leakcanary-watcher/1.3.1/6904771474c058abfc5912c13d12b02754712165/leakcanary-watcher-1.3.1.jar took 1614
Dexing /tmp/rdisk/2076/src/sample/build/intermediates/exploded-aar/com.android.support/support-v4/23.1.1/jars/libs/internal_impl-23.1.1.jar took 3479
Dexing /tmp/rdisk/2076/src/sample/build/intermediates/exploded-aar/com.android.support/cardview-v7/23.1.1/jars/classes.jar took 2034
Dexing /root/.gradle/caches/modules-2/files-2.1/com.squareup.haha/haha/1.3/d2c832f9d14a11c79f58a7ee2e10526a12152c72/haha-1.3.jar took 3062
Dexing /tmp/rdisk/2076/src/sample/build/intermediates/pre-dexed/dev/debug/com.android.support-support-v4-23.1.1_e9e2072243315f4e5e1e9b25eaf6675feda80b38.jar,/tmp/rdisk/2076/src/sample/build/intermediates/pre-dexed/dev/debug/com.rlj.library-skittles-4.1.1_c6ab7bf79fb1574510b2136c9cac891c7bb4327e.jar,/tmp/rdisk/2076/src/sample/build/intermediates/pre-dexed/dev/debug/com.android.support-cardview-v7-23.1.1_a294dc61441833992e64455db5c98fa269541d60.jar,/tmp/rdisk/2076/src/sample/build/intermediates/pre-dexed/dev/debug/com.squareup.leakcanary-leakcanary-android-1.3.1_870248875270868fed0c21f923a759308fd80ffb.jar,/tmp/rdisk/2076/src/sample/build/intermediates/pre-dexed/dev/debug/debug_5ba9bc69af77cc369b7a3b5c152eeb2ab9a88f3e.jar,/tmp/rdisk/2076/src/sample/build/intermediates/pre-dexed/dev/debug/internal_impl-23.1.1_0f81cc0572f5e76113b36245a3f10ad09ff6adc2.jar,/tmp/rdisk/2076/src/sample/build/intermediates/pre-dexed/dev/debug/com.android.support-appcompat-v7-23.1.1_f5be14ce6ba63ab39dc6e348da2cd84adaf65f8f.jar,/tmp/rdisk/2076/src/sample/build/intermediates/pre-dexed/dev/debug/leakcanary-watcher-1.3.1_2be6cf2d745f1f392a3bff6029261b40618ecdce.jar,/tmp/rdisk/2076/src/sample/build/intermediates/pre-dexed/dev/debug/com.android.support-recyclerview-v7-23.1.1_986353505a4176dd38173cd8ebb513f8e1d1ed2d.jar,/tmp/rdisk/2076/src/sample/build/intermediates/pre-dexed/dev/debug/com.android.support-design-23.1.1_cd8644a487f5c9ee5e984c86cf59ea76b96ccfdc.jar,/tmp/rdisk/2076/src/sample/build/intermediates/pre-dexed/dev/debug/leakcanary-analyzer-1.3.1_ea116a03b94b78bb5365c4e928985488bb1b85a1.jar,/tmp/rdisk/2076/src/sample/build/intermediates/pre-dexed/dev/debug/haha-1.3_9afa86a4790aac16cfa2320014df90b9903dfcac.jar,/tmp/rdisk/2076/src/sample/build/intermediates/pre-dexed/dev/debug/support-annotations-23.1.1_41dc8ccd31750812e1895b785bd80378c5db1033.jar took 671
:sample:mergeDevDebugJniLibFolders
:sample:transformNative_libsWithMergeJniLibsForDevDebug
:sample:processDevDebugJavaRes UP-TO-DATE
:sample:transformResourcesWithMergeJavaResForDevDebug
:sample:validateDebugSigning
:sample:packageDevDebug
:sample:zipalignDevDebug
:sample:fullDevDebugBuildInfoGenerator
:sample:assembleDevDebug
:sample:assembleDebug
:sample:checkDevReleaseManifest
:sample:prepareComSquareupLeakcanaryLeakcanaryAndroidNoOp131Library
:sample:prepareDevReleaseDependencies
:sample:compileDevReleaseAidl
:sample:compileDevReleaseRenderscript
:sample:generateDevReleaseBuildConfig
:sample:generateDevReleaseAssets UP-TO-DATE
:sample:mergeDevReleaseAssets
:sample:generateDevReleaseResValues
:sample:generateDevReleaseResources
:sample:mergeDevReleaseResources
:sample:processDevReleaseManifest
:sample:processDevReleaseResources
:sample:generateDevReleaseSources
:sample:compileDevReleaseJavaWithJavac
:sample:compileDevReleaseJavaWithJavac - is not incremental (e.g. outputs have changed, no previous execution, etc.).
:sample:compileDevReleaseNdk UP-TO-DATE
:sample:compileDevReleaseSources
:sample:prePackageMarkerForDevRelease
:sample:transformClassesWithDexForDevRelease
Dexing /tmp/rdisk/2076/src/sample/build/intermediates/exploded-aar/com.squareup.leakcanary/leakcanary-android-no-op/1.3.1/jars/classes.jar took 470
Dexing /tmp/rdisk/2076/src/sample/build/intermediates/classes/dev/release took 715
Dexing /tmp/rdisk/2076/src/sample/build/intermediates/pre-dexed/dev/release/com.squareup.leakcanary-leakcanary-android-no-op-1.3.1_dfa24b6d280fd0c3e210c0492424455b0c97ba19.jar,/tmp/rdisk/2076/src/sample/build/intermediates/pre-dexed/dev/release/com.android.support-recyclerview-v7-23.1.1_986353505a4176dd38173cd8ebb513f8e1d1ed2d.jar,/tmp/rdisk/2076/src/sample/build/intermediates/pre-dexed/dev/release/com.android.support-design-23.1.1_cd8644a487f5c9ee5e984c86cf59ea76b96ccfdc.jar,/tmp/rdisk/2076/src/sample/build/intermediates/pre-dexed/dev/release/support-annotations-23.1.1_41dc8ccd31750812e1895b785bd80378c5db1033.jar,/tmp/rdisk/2076/src/sample/build/intermediates/pre-dexed/dev/release/com.rlj.library-skittles-4.1.1_c6ab7bf79fb1574510b2136c9cac891c7bb4327e.jar,/tmp/rdisk/2076/src/sample/build/intermediates/pre-dexed/dev/release/com.android.support-cardview-v7-23.1.1_a294dc61441833992e64455db5c98fa269541d60.jar,/tmp/rdisk/2076/src/sample/build/intermediates/pre-dexed/dev/release/com.android.support-support-v4-23.1.1_e9e2072243315f4e5e1e9b25eaf6675feda80b38.jar,/tmp/rdisk/2076/src/sample/build/intermediates/pre-dexed/dev/release/release_77cab9c37fbcf14f9b5859a916df0deb32aabfbb.jar,/tmp/rdisk/2076/src/sample/build/intermediates/pre-dexed/dev/release/com.android.support-appcompat-v7-23.1.1_f5be14ce6ba63ab39dc6e348da2cd84adaf65f8f.jar,/tmp/rdisk/2076/src/sample/build/intermediates/pre-dexed/dev/release/internal_impl-23.1.1_0f81cc0572f5e76113b36245a3f10ad09ff6adc2.jar took 640
:sample:mergeDevReleaseJniLibFolders
:sample:transformNative_libsWithMergeJniLibsForDevRelease
:sample:processDevReleaseJavaRes UP-TO-DATE
:sample:transformResourcesWithMergeJavaResForDevRelease
:sample:packageDevRelease
:sample:fullDevReleaseBuildInfoGenerator
:sample:lintVitalDevRelease
:sample:assembleDevRelease
:sample:assembleRelease
:sample:assemble
:sample:build
:skittles:compileDebugNdk UP-TO-DATE
:skittles:copyDebugLint UP-TO-DATE
:skittles:checkDebugManifest
:skittles:prepareDebugDependencies
:skittles:compileDebugAidl
:skittles:compileDebugRenderscript
:skittles:generateDebugBuildConfig
:skittles:generateDebugAssets UP-TO-DATE
:skittles:mergeDebugAssets
:skittles:generateDebugResValues
:skittles:generateDebugResources
:skittles:mergeDebugResources
:skittles:processDebugManifest
:skittles:processDebugResources
:skittles:generateDebugSources
:skittles:compileDebugJavaWithJavac
:skittles:compileDebugJavaWithJavac - is not incremental (e.g. outputs have changed, no previous execution, etc.).
:skittles:extractDebugAnnotations
:skittles:mergeDebugProguardFiles
:skittles:packageDebugRenderscript UP-TO-DATE
:skittles:packageDebugResources
:skittles:processDebugJavaRes UP-TO-DATE
:skittles:transformResourcesWithMergeJavaResForDebug
:skittles:transformClassesAndResourcesWithSyncLibJarsForDebug
:skittles:mergeDebugJniLibFolders
:skittles:transformNative_libsWithMergeJniLibsForDebug
:skittles:transformNative_libsWithSyncJniLibsForDebug
:skittles:bundleDebug
:skittles:compileDebugSources
:skittles:assembleDebug
:skittles:compileReleaseSources
:skittles:assembleRelease
:skittles:assemble
:skittles:build

BUILD SUCCESSFUL

Total time: 38.428 secs

2018-04-03 21:02:03,017 INFO  FullProcessService - Found APK file: /tmp/rdisk/2076/src/sample/build/outputs/apk/sample-dev-release-unsigned.apk
