2018-05-11 11:21:58,820 INFO  DownloadService - Downloading "https://github.com/recruit-lifestyle/FloatingView/archive/master.zip", attempt 3
2018-05-11 11:22:00,913 INFO  DownloadService - Downloaded https://github.com/recruit-lifestyle/FloatingView/archive/master.zip, attempt 3
2018-05-11 11:22:00,914 INFO  DownloadService - Size of file "/tmp/rdisk/2243/master.zip": 1 MB
2018-05-11 11:22:00,914 INFO  ArchiveUtils - Checking entries [.gradle] in ZIP file...
2018-05-11 11:22:00,914 INFO  ArchiveUtils - Has entries [.gradle] in ZIP file /tmp/rdisk/2243/master.zip: true
2018-05-11 11:22:00,914 DEBUG ZipUtil - Extracting '/tmp/rdisk/2243/master.zip' into '/tmp/rdisk/2243/src'.
2018-05-11 11:22:00,937 INFO  FullProcessService - Size of directory with sources: 1 MB
2018-05-11 11:22:00,938 INFO  SysUtils - Execute command: [git, init, /tmp/rdisk/2243/src]
2018-05-11 11:22:00,942 INFO  SysUtils - Initialized empty Git repository in /tmp/rdisk/2243/src/.git/

2018-05-11 11:22:00,945 INFO  ProjectBuildService - Gradle wrapper(s): /tmp/rdisk/2243/src/FloatingView-master/gradlew
2018-05-11 11:22:00,948 INFO  ProjectBuildService - Build script(s): /tmp/rdisk/2243/src/FloatingView-master/library/build.gradle /tmp/rdisk/2243/src/FloatingView-master/sample/build.gradle /tmp/rdisk/2243/src/FloatingView-master/build.gradle
2018-05-11 11:22:00,950 INFO  ProjectBuildService - All script(s): /tmp/rdisk/2243/src/FloatingView-master/settings.gradle /tmp/rdisk/2243/src/FloatingView-master/sample/build.gradle /tmp/rdisk/2243/src/FloatingView-master/library/build.gradle /tmp/rdisk/2243/src/FloatingView-master/build.gradle
2018-05-11 11:22:00,951 INFO  ProjectBuildService - Remote scripts: none
2018-05-11 11:22:00,951 INFO  ProjectFixService - Fixing project...
2018-05-11 11:22:00,957 INFO  LocalPropertiesFixService - Created fake /tmp/rdisk/2243/src/FloatingView-master/library/local.properties
2018-05-11 11:22:00,959 INFO  ProjectFixService - Build info for "/tmp/rdisk/2243/src/FloatingView-master/library/build.gradle": [buildToolsVersion=27.0.3,compileSdkVersion=27,minSdkVersion=14,targetSdkVersion=27]
2018-05-11 11:22:00,959 INFO  LocalPropertiesFixService - Created fake /tmp/rdisk/2243/src/FloatingView-master/sample/local.properties
2018-05-11 11:22:00,961 INFO  ProjectFixService - Build info for "/tmp/rdisk/2243/src/FloatingView-master/sample/build.gradle": [buildToolsVersion=27.0.3,compileSdkVersion=27,minSdkVersion=14,targetSdkVersion=27]
2018-05-11 11:22:00,961 INFO  LocalPropertiesFixService - Created fake /tmp/rdisk/2243/src/FloatingView-master/local.properties
2018-05-11 11:22:00,962 INFO  WrapperPropertiesFixService - Gradle wrapper: https://services.gradle.org/distributions/gradle-4.1-all.zip
2018-05-11 11:22:00,962 INFO  WrapperPropertiesFixService - Gradle wrapper was changed from "-all.zip" to "-bin.zip" (https://services.gradle.org/distributions/gradle-4.1-bin.zip)
2018-05-11 11:22:00,963 INFO  ProjectFixService - Build info for "/tmp/rdisk/2243/src/FloatingView-master/build.gradle": [buildToolsVersion=27.0.3,compileSdkVersion=27,minSdkVersion=14,targetSdkVersion=27]
2018-05-11 11:22:00,963 INFO  ProjectFixService - Project was maybe fixed
2018-05-11 11:22:00,963 INFO  ProjectTaskService - Detecting possible tasks...
2018-05-11 11:22:00,963 INFO  SysUtils - Execute command: [/tmp/rdisk/2243/src/FloatingView-master/gradlew, -b, /tmp/rdisk/2243/src/FloatingView-master/library/build.gradle, -Dorg.gradle.daemon=false, -Dorg.gradle.daemon.performance.enable-monitoring=false, -Dorg.gradle.configureondemand=true, tasks]
2018-05-11 11:22:11,763 INFO  ProjectTaskService - Detected possible tasks: 64
2018-05-11 11:22:11,763 INFO  ProjectTaskService - Excluded tasks (16): lintDebug mockableAndroidJar deviceCheck lint testReleaseUnitTest deviceAndroidTest uninstallDebugAndroidTest installDebugAndroidTest connectedCheck connectedDebugAndroidTest uninstallAll test check testDebugUnitTest connectedAndroidTest lintRelease
2018-05-11 11:22:11,764 INFO  SysUtils - Execute command: [/tmp/rdisk/2243/src/FloatingView-master/gradlew, -b, /tmp/rdisk/2243/src/FloatingView-master/library/build.gradle, -Dorg.gradle.daemon=false, -Dorg.gradle.daemon.performance.enable-monitoring=false, -Dorg.gradle.configureondemand=true, --stacktrace, -x, lintDebug, -x, mockableAndroidJar, -x, deviceCheck, -x, lint, -x, testReleaseUnitTest, -x, deviceAndroidTest, -x, uninstallDebugAndroidTest, -x, installDebugAndroidTest, -x, connectedCheck, -x, connectedDebugAndroidTest, -x, uninstallAll, -x, test, -x, check, -x, testDebugUnitTest, -x, connectedAndroidTest, -x, lintRelease, build]
2018-05-11 11:22:29,430 INFO  SysUtils - Configuration on demand is an incubating feature.
Configuration 'compile' in project ':library' is deprecated. Use 'implementation' instead.
:library:preBuild UP-TO-DATE
:library:preDebugBuild UP-TO-DATE
:library:compileDebugAidl
:library:compileDebugNdk NO-SOURCE
:library:compileDebugRenderscript
:library:checkDebugManifest
:library:generateDebugBuildConfig
:library:prepareLintJar
:library:generateDebugResValues
:library:generateDebugResources
:library:packageDebugResources
:library:platformAttrExtractor
:library:processDebugManifest
:library:javaPreCompileDebug
:library:mergeDebugShaders
:library:processDebugResources
:library:generateDebugSources
:library:compileDebugJavaWithJavacNote: Some input files use or override a deprecated API.
Note: Recompile with -Xlint:deprecation for details.

:library:extractDebugAnnotations
:library:compileDebugShaders
:library:generateDebugAssets
:library:mergeDebugAssets
:library:mergeDebugConsumerProguardFiles
:library:packageDebugRenderscript NO-SOURCE
:library:processDebugJavaRes NO-SOURCE
:library:transformResourcesWithMergeJavaResForDebug
:library:transformClassesAndResourcesWithSyncLibJarsForDebug
:library:mergeDebugJniLibFolders
:library:transformNativeLibsWithMergeJniLibsForDebug
:library:transformNativeLibsWithStripDebugSymbolForDebug
:library:transformNativeLibsWithSyncJniLibsForDebug
:library:bundleDebug
:library:compileDebugSources
:library:assembleDebug
:library:preReleaseBuild UP-TO-DATE
:library:compileReleaseAidl
:library:compileReleaseNdk NO-SOURCE
:library:compileReleaseRenderscript
:library:checkReleaseManifest
:library:generateReleaseBuildConfig
:library:generateReleaseResValues
:library:generateReleaseResources
:library:packageReleaseResources
:library:processReleaseManifest
:library:processReleaseResources
:library:generateReleaseSources
:library:javaPreCompileRelease
:library:compileReleaseJavaWithJavacNote: Some input files use or override a deprecated API.
Note: Recompile with -Xlint:deprecation for details.

:library:extractReleaseAnnotations
:library:mergeReleaseShaders
:library:compileReleaseShaders
:library:generateReleaseAssets
:library:mergeReleaseAssets
:library:mergeReleaseConsumerProguardFiles
:library:packageReleaseRenderscript NO-SOURCE
:library:processReleaseJavaRes NO-SOURCE
:library:transformResourcesWithMergeJavaResForRelease
:library:transformClassesAndResourcesWithSyncLibJarsForRelease
:library:mergeReleaseJniLibFolders
:library:transformNativeLibsWithMergeJniLibsForRelease
:library:transformNativeLibsWithStripDebugSymbolForRelease
:library:transformNativeLibsWithSyncJniLibsForRelease
:library:bundleRelease
:library:compileReleaseSources
:library:mergeReleaseResources
:library:verifyReleaseResources
:library:assembleRelease
:library:javadoc/tmp/rdisk/2243/src/FloatingView-master/library/src/main/java/jp/co/recruit_lifestyle/android/floatingview/TrashView.java:31: error: package android.support.annotation does not exist
import android.support.annotation.IntDef;
                                 ^
/tmp/rdisk/2243/src/FloatingView-master/library/src/main/java/jp/co/recruit_lifestyle/android/floatingview/TrashView.java:93: error: cannot find symbol
    @IntDef({ANIMATION_NONE, ANIMATION_OPEN, ANIMATION_CLOSE, ANIMATION_FORCE_CLOSE})
     ^
  symbol:   class IntDef
  location: class TrashView
/tmp/rdisk/2243/src/FloatingView-master/library/src/main/java/jp/co/recruit_lifestyle/android/floatingview/FloatingViewManager.java:25: error: package android.support.annotation does not exist
import android.support.annotation.DrawableRes;
                                 ^
/tmp/rdisk/2243/src/FloatingView-master/library/src/main/java/jp/co/recruit_lifestyle/android/floatingview/FloatingViewManager.java:26: error: package android.support.annotation does not exist
import android.support.annotation.IntDef;
                                 ^
/tmp/rdisk/2243/src/FloatingView-master/library/src/main/java/jp/co/recruit_lifestyle/android/floatingview/FloatingView.java:30: error: package android.support.animation does not exist
import android.support.animation.DynamicAnimation;
                                ^
/tmp/rdisk/2243/src/FloatingView-master/library/src/main/java/jp/co/recruit_lifestyle/android/floatingview/FloatingView.java:31: error: package android.support.animation does not exist
import android.support.animation.FlingAnimation;
                                ^
/tmp/rdisk/2243/src/FloatingView-master/library/src/main/java/jp/co/recruit_lifestyle/android/floatingview/FloatingView.java:32: error: package android.support.animation does not exist
import android.support.animation.FloatValueHolder;
                                ^
/tmp/rdisk/2243/src/FloatingView-master/library/src/main/java/jp/co/recruit_lifestyle/android/floatingview/FloatingView.java:33: error: package android.support.animation does not exist
import android.support.animation.SpringAnimation;
                                ^
/tmp/rdisk/2243/src/FloatingView-master/library/src/main/java/jp/co/recruit_lifestyle/android/floatingview/FloatingView.java:34: error: package android.support.animation does not exist
import android.support.animation.SpringForce;
                                ^
/tmp/rdisk/2243/src/FloatingView-master/library/src/main/java/jp/co/recruit_lifestyle/android/floatingview/FloatingView.java:35: error: package android.support.annotation does not exist
import android.support.annotation.IntDef;
                                 ^
/tmp/rdisk/2243/src/FloatingView-master/library/src/main/java/jp/co/recruit_lifestyle/android/floatingview/FloatingView.java:36: error: package android.support.annotation does not exist
import android.support.annotation.NonNull;
                                 ^
/tmp/rdisk/2243/src/FloatingView-master/library/src/main/java/jp/co/recruit_lifestyle/android/floatingview/FloatingView.java:37: error: package android.support.v4.view does not exist
import android.support.v4.view.ViewCompat;
                              ^
/tmp/rdisk/2243/src/FloatingView-master/library/src/main/java/jp/co/recruit_lifestyle/android/floatingview/FloatingViewManager.java:63: error: cannot find symbol
    @IntDef({DISPLAY_MODE_SHOW_ALWAYS, DISPLAY_MODE_HIDE_ALWAYS, DISPLAY_MODE_HIDE_FULLSCREEN})
     ^
  symbol:   class IntDef
  location: class FloatingViewManager
/tmp/rdisk/2243/src/FloatingView-master/library/src/main/java/jp/co/recruit_lifestyle/android/floatingview/FloatingViewManager.java:99: error: cannot find symbol
    @IntDef({MOVE_DIRECTION_DEFAULT, MOVE_DIRECTION_LEFT, MOVE_DIRECTION_RIGHT,
     ^
  symbol:   class IntDef
  location: class FloatingViewManager
/tmp/rdisk/2243/src/FloatingView-master/library/src/main/java/jp/co/recruit_lifestyle/android/floatingview/FloatingView.java:126: error: cannot find symbol
    @IntDef({STATE_NORMAL, STATE_INTERSECTING, STATE_FINISHING})
     ^
  symbol:   class IntDef
  location: class FloatingView
/tmp/rdisk/2243/src/FloatingView-master/library/src/main/java/jp/co/recruit_lifestyle/android/floatingview/FloatingViewManager.java:399: error: cannot find symbol
    public void setFixedTrashIconImage(@DrawableRes int resId) {
                                        ^
  symbol:   class DrawableRes
  location: class FloatingViewManager
/tmp/rdisk/2243/src/FloatingView-master/library/src/main/java/jp/co/recruit_lifestyle/android/floatingview/FloatingViewManager.java:408: error: cannot find symbol
    public void setActionTrashIconImage(@DrawableRes int resId) {
                                         ^
  symbol:   class DrawableRes
  location: class FloatingViewManager
/tmp/rdisk/2243/src/FloatingView-master/library/src/main/java/jp/co/recruit_lifestyle/android/floatingview/FloatingView.java:664: error: cannot find symbol
    public boolean dispatchTouchEvent(@NonNull MotionEvent event) {
                                       ^
  symbol:   class NonNull
  location: class FloatingView
/tmp/rdisk/2243/src/FloatingView-master/library/src/main/java/jp/co/recruit_lifestyle/android/floatingview/FloatingView.java:800: error: cannot find symbol
    private void addMovement(@NonNull MotionEvent event) {
                              ^
  symbol:   class NonNull
  location: class FloatingView
javadoc: warning - Class IntDef not found.
javadoc: warning - Class IntDef not found.
javadoc: warning - Class IntDef not found.
javadoc: warning - Class IntDef not found.
javadoc: warning - Class DrawableRes not found.
javadoc: warning - Class DrawableRes not found.
javadoc: warning - Class IntDef not found.
javadoc: warning - Class IntDef not found.
javadoc: warning - Class IntDef not found.
javadoc: warning - Class IntDef not found.
javadoc: warning - Class IntDef not found.
javadoc: warning - Class IntDef not found.
javadoc: warning - Class IntDef not found.
javadoc: warning - Class IntDef not found.
javadoc: warning - Class IntDef not found.
javadoc: warning - Class IntDef not found.
javadoc: warning - Class IntDef not found.
javadoc: warning - Class IntDef not found.

37 warnings
:library:javadocJar
:library:sourcesJar
:library:assemble
:library:build

BUILD SUCCESSFUL in 17s
51 actionable tasks: 51 executed

2018-05-11 11:22:29,456 INFO  ProjectTaskService - Detecting possible tasks...
2018-05-11 11:22:29,456 INFO  SysUtils - Execute command: [/tmp/rdisk/2243/src/FloatingView-master/gradlew, -b, /tmp/rdisk/2243/src/FloatingView-master/sample/build.gradle, -Dorg.gradle.daemon=false, -Dorg.gradle.daemon.performance.enable-monitoring=false, -Dorg.gradle.configureondemand=true, tasks]
2018-05-11 11:22:36,939 INFO  ProjectTaskService - Detected possible tasks: 66
2018-05-11 11:22:36,939 INFO  ProjectTaskService - Excluded tasks (19): lintDebug mockableAndroidJar deviceCheck lint testReleaseUnitTest uninstallRelease deviceAndroidTest uninstallDebugAndroidTest installDebugAndroidTest connectedCheck connectedDebugAndroidTest uninstallAll test check testDebugUnitTest connectedAndroidTest installDebug lintRelease uninstallDebug
2018-05-11 11:22:36,939 INFO  SysUtils - Execute command: [/tmp/rdisk/2243/src/FloatingView-master/gradlew, -b, /tmp/rdisk/2243/src/FloatingView-master/sample/build.gradle, -Dorg.gradle.daemon=false, -Dorg.gradle.daemon.performance.enable-monitoring=false, -Dorg.gradle.configureondemand=true, --stacktrace, -x, lintDebug, -x, mockableAndroidJar, -x, deviceCheck, -x, lint, -x, testReleaseUnitTest, -x, uninstallRelease, -x, deviceAndroidTest, -x, uninstallDebugAndroidTest, -x, installDebugAndroidTest, -x, connectedCheck, -x, connectedDebugAndroidTest, -x, uninstallAll, -x, test, -x, check, -x, testDebugUnitTest, -x, connectedAndroidTest, -x, installDebug, -x, lintRelease, -x, uninstallDebug, build]
2018-05-11 11:23:08,699 ERROR SysUtils - Could not process external command
org.apache.commons.exec.ExecuteException: Process exited with an error: 1 (Exit value: 1)
	at org.apache.commons.exec.DefaultExecutor.executeInternal(DefaultExecutor.java:404)
	at org.apache.commons.exec.DefaultExecutor.execute(DefaultExecutor.java:166)
	at com.github.vbauer.apkmaster.util.SysUtils.execute(SysUtils.java:67)
	at com.github.vbauer.apkmaster.util.SysUtils.executeSimple(SysUtils.java:43)
	at com.github.vbauer.apkmaster.service.assembly.ProjectBuildService.buildProject(ProjectBuildService.java:78)
	at com.github.vbauer.apkmaster.service.assembly.ProjectBuildService.buildProject(ProjectBuildService.java:64)
	at com.github.vbauer.apkmaster.service.assembly.ProjectBuildService.buildProject(ProjectBuildService.java:43)
	at com.github.vbauer.apkmaster.service.FullProcessService.build(FullProcessService.java:84)
	at com.github.vbauer.apkmaster.service.FullProcessService.process(FullProcessService.java:34)
	at com.github.vbauer.apkmaster.app.MainApplication.process(MainApplication.java:38)
	at com.github.vbauer.apkmaster.app.MainApplication.main(MainApplication.java:20)
	at sun.reflect.NativeMethodAccessorImpl.invoke0(Native Method)
	at sun.reflect.NativeMethodAccessorImpl.invoke(NativeMethodAccessorImpl.java:62)
	at sun.reflect.DelegatingMethodAccessorImpl.invoke(DelegatingMethodAccessorImpl.java:43)
	at java.lang.reflect.Method.invoke(Method.java:498)
	at com.android.arsenal.util.ReflectionUtils.invoke(ReflectionUtils.java:42)
	at com.android.arsenal.util.ApkMasterUtils.main(ApkMasterUtils.java:30)
	at com.android.arsenal.service.processor.impl.BuildProcessorServiceImpl.buildProject(BuildProcessorServiceImpl.java:197)
	at com.android.arsenal.service.processor.impl.BuildProcessorServiceImpl.build(BuildProcessorServiceImpl.java:131)
	at com.android.arsenal.service.processor.impl.BuildProcessorServiceImpl.lambda$null$1(BuildProcessorServiceImpl.java:114)
	at java.util.concurrent.FutureTask.run(FutureTask.java:266)
	at java.util.concurrent.Executors$RunnableAdapter.call(Executors.java:511)
	at java.util.concurrent.FutureTask.run(FutureTask.java:266)
	at java.util.concurrent.ThreadPoolExecutor.runWorker(ThreadPoolExecutor.java:1149)
	at java.util.concurrent.ThreadPoolExecutor$Worker.run(ThreadPoolExecutor.java:624)
	at java.lang.Thread.run(Thread.java:748)
2018-05-11 11:23:08,699 INFO  SysUtils - Configuration on demand is an incubating feature.
Configuration 'compile' in project ':sample' is deprecated. Use 'implementation' instead.
Configuration 'compile' in project ':library' is deprecated. Use 'implementation' instead.
:library:preBuild UP-TO-DATE
:library:preDebugBuild UP-TO-DATE
:library:compileDebugAidl UP-TO-DATE
:library:compileDebugRenderscript UP-TO-DATE
:library:checkDebugManifest UP-TO-DATE
:library:generateDebugBuildConfig UP-TO-DATE
:library:prepareLintJar UP-TO-DATE
:library:generateDebugResValues UP-TO-DATE
:library:generateDebugResources UP-TO-DATE
:library:packageDebugResources UP-TO-DATE
:library:platformAttrExtractor UP-TO-DATE
:library:processDebugManifest UP-TO-DATE
:library:processDebugResources UP-TO-DATE
:library:generateDebugSources UP-TO-DATE
:library:javaPreCompileDebug UP-TO-DATE
:library:compileDebugJavaWithJavac UP-TO-DATE
:library:processDebugJavaRes NO-SOURCE
:library:transformClassesAndResourcesWithPrepareIntermediateJarsForDebug
:sample:preBuild UP-TO-DATE
:sample:preDebugBuild
:sample:compileDebugAidl
:library:packageDebugRenderscript NO-SOURCE
:sample:compileDebugRenderscript
:sample:checkDebugManifest
:sample:generateDebugBuildConfig
:sample:prepareLintJar
:sample:generateDebugResValues
:sample:generateDebugResources
:sample:mergeDebugResources
:sample:createDebugCompatibleScreenManifests
:sample:processDebugManifest
:sample:splitsDiscoveryTaskDebug
:sample:processDebugResources
:sample:generateDebugSources
:sample:javaPreCompileDebug
:sample:compileDebugJavaWithJavac
:sample:compileDebugNdk NO-SOURCE
:sample:compileDebugSources
:library:mergeDebugShaders UP-TO-DATE
:library:compileDebugShaders UP-TO-DATE
:library:generateDebugAssets UP-TO-DATE
:library:mergeDebugAssets UP-TO-DATE
:sample:mergeDebugShaders
:sample:compileDebugShaders
:sample:generateDebugAssets
:sample:mergeDebugAssets
:sample:transformClassesWithDexBuilderForDebug
:sample:transformDexArchiveWithExternalLibsDexMergerForDebug
:sample:transformDexArchiveWithDexMergerForDebug
:library:compileDebugNdk NO-SOURCE
:library:mergeDebugJniLibFolders UP-TO-DATE
:library:transformNativeLibsWithMergeJniLibsForDebug UP-TO-DATE
:library:transformNativeLibsWithStripDebugSymbolForDebug UP-TO-DATE
:library:transformNativeLibsWithIntermediateJniLibsForDebug
:sample:mergeDebugJniLibFolders
:sample:transformNativeLibsWithMergeJniLibsForDebug
:sample:transformNativeLibsWithStripDebugSymbolForDebug
:sample:processDebugJavaRes NO-SOURCE
:sample:transformResourcesWithMergeJavaResForDebug
:sample:validateSigningDebug
:sample:packageDebug
:sample:assembleDebug
:library:preReleaseBuild UP-TO-DATE
:library:compileReleaseAidl UP-TO-DATE
:library:compileReleaseRenderscript UP-TO-DATE
:library:checkReleaseManifest UP-TO-DATE
:library:generateReleaseBuildConfig UP-TO-DATE
:library:generateReleaseResValues UP-TO-DATE
:library:generateReleaseResources UP-TO-DATE
:library:packageReleaseResources UP-TO-DATE
:library:processReleaseManifest UP-TO-DATE
:library:processReleaseResources UP-TO-DATE
:library:generateReleaseSources UP-TO-DATE
:library:javaPreCompileRelease UP-TO-DATE
:library:compileReleaseJavaWithJavac UP-TO-DATE
:library:processReleaseJavaRes NO-SOURCE
:library:transformClassesAndResourcesWithPrepareIntermediateJarsForRelease
:sample:preReleaseBuild
:sample:compileReleaseAidl
:library:packageReleaseRenderscript NO-SOURCE
:sample:compileReleaseRenderscript
:sample:checkReleaseManifest
:sample:generateReleaseBuildConfig
:sample:generateReleaseResValues
:sample:generateReleaseResources
:sample:mergeReleaseResources
:sample:createReleaseCompatibleScreenManifests
:sample:processReleaseManifest
:sample:splitsDiscoveryTaskRelease
:sample:processReleaseResources
:sample:generateReleaseSources
:sample:javaPreCompileRelease
:sample:compileReleaseJavaWithJavac
:sample:compileReleaseNdk NO-SOURCE
:sample:compileReleaseSources
:sample:lintVitalRelease/tmp/rdisk/2243/src/FloatingView-master/sample/src/main/res/values/settings.xml:22: Error: "settings_values_shape" is not translated in "ja" (Japanese) [MissingTranslation]
    <string-array name="settings_values_shape">
                  ~~~~~~~~~~~~~~~~~~~~~~~~~~~~
/tmp/rdisk/2243/src/FloatingView-master/sample/src/main/res/values/settings.xml:33: Error: "settings_values_display_mode" is not translated in "ja" (Japanese) [MissingTranslation]
    <string-array name="settings_values_display_mode">
                  ~~~~~~~~~~~~~~~~~~~~~~~~~~~~~~~~~~~
/tmp/rdisk/2243/src/FloatingView-master/sample/src/main/res/values/settings.xml:39: Error: "settings_entries_margin" is not translated in "ja" (Japanese) [MissingTranslation]
    <string-array name="settings_entries_margin">
                  ~~~~~~~~~~~~~~~~~~~~~~~~~~~~~~
/tmp/rdisk/2243/src/FloatingView-master/sample/src/main/res/values/settings.xml:47: Error: "settings_values_margin" is not translated in "ja" (Japanese) [MissingTranslation]
    <string-array name="settings_values_margin">
                  ~~~~~~~~~~~~~~~~~~~~~~~~~~~~~
/tmp/rdisk/2243/src/FloatingView-master/sample/src/main/res/values/settings.xml:64: Error: "settings_values_move_direction" is not translated in "ja" (Japanese) [MissingTranslation]
    <string-array name="settings_values_move_direction">
                  ~~~~~~~~~~~~~~~~~~~~~~~~~~~~~~~~~~~~~
/tmp/rdisk/2243/src/FloatingView-master/sample/src/main/res/values/settings.xml:73: Error: "settings_entries_init_x" is not translated in "ja" (Japanese) [MissingTranslation]
    <string-array name="settings_entries_init_x">
                  ~~~~~~~~~~~~~~~~~~~~~~~~~~~~~~
/tmp/rdisk/2243/src/FloatingView-master/sample/src/main/res/values/settings.xml:83: Error: "settings_values_init_x" is not translated in "ja" (Japanese) [MissingTranslation]
    <string-array name="settings_values_init_x">
                  ~~~~~~~~~~~~~~~~~~~~~~~~~~~~~
/tmp/rdisk/2243/src/FloatingView-master/sample/src/main/res/values/settings.xml:93: Error: "settings_entries_init_y" is not translated in "ja" (Japanese) [MissingTranslation]
    <string-array name="settings_entries_init_y">
                  ~~~~~~~~~~~~~~~~~~~~~~~~~~~~~~
/tmp/rdisk/2243/src/FloatingView-master/sample/src/main/res/values/settings.xml:103: Error: "settings_values_init_y" is not translated in "ja" (Japanese) [MissingTranslation]
    <string-array name="settings_values_init_y">
                  ~~~~~~~~~~~~~~~~~~~~~~~~~~~~~
/tmp/rdisk/2243/src/FloatingView-master/sample/src/main/res/values/strings.xml:19: Error: "default_floatingview_channel_id" is not translated in "ja" (Japanese) [MissingTranslation]
    <string name="default_floatingview_channel_id">default_floatingview_channel</string>
            ~~~~~~~~~~~~~~~~~~~~~~~~~~~~~~~~~~~~~~
/tmp/rdisk/2243/src/FloatingView-master/sample/src/main/res/values/strings.xml:20: Error: "default_floatingview_channel_name" is not translated in "ja" (Japanese) [MissingTranslation]
    <string name="default_floatingview_channel_name">Default Channel</string>
            ~~~~~~~~~~~~~~~~~~~~~~~~~~~~~~~~~~~~~~~~

   Explanation for issues of type "MissingTranslation":
   If an application has more than one locale, then all the strings declared
   in one language should also be translated in all other languages.

   If the string should not be translated, you can add the attribute
   translatable="false" on the <string> element, or you can define all your
   non-translatable strings in a resource file called donottranslate.xml. Or,
   you can ignore the issue with a tools:ignore="MissingTranslation"
   attribute.

   By default this detector allows regions of a language to just provide a
   subset of the strings and fall back to the standard language strings. You
   can require all regions to provide a full translation by setting the
   environment variable ANDROID_LINT_COMPLETE_REGIONS.

   You can tell lint (and other tools) which language is the default language
   in your res/values/ folder by specifying tools:locale="languageCode" for
   the root <resources> element in your resource file. (The tools prefix
   refers to the namespace declaration http://schemas.android.com/tools.)

11 errors, 0 warnings
 FAILED

FAILURE: Build failed with an exception.

* What went wrong:
Execution failed for task ':sample:lintVitalRelease'.
> Lint found fatal errors while assembling a release target.
  
  To proceed, either fix the issues identified by lint, or modify your build script as follows:
  ...
  android {
      lintOptions {
          checkReleaseBuilds false
          // Or, if you prefer, you can continue to check for errors in release builds,
          // but continue the build even when errors are found:
          abortOnError false
      }
  }
  ...

* Try:
Run with --info or --debug option to get more log output.

* Exception is:
org.gradle.api.tasks.TaskExecutionException: Execution failed for task ':sample:lintVitalRelease'.
	at org.gradle.api.internal.tasks.execution.ExecuteActionsTaskExecuter.executeActions(ExecuteActionsTaskExecuter.java:100)
	at org.gradle.api.internal.tasks.execution.ExecuteActionsTaskExecuter.execute(ExecuteActionsTaskExecuter.java:70)
	at org.gradle.api.internal.tasks.execution.SkipUpToDateTaskExecuter.execute(SkipUpToDateTaskExecuter.java:63)
	at org.gradle.api.internal.tasks.execution.ResolveTaskOutputCachingStateExecuter.execute(ResolveTaskOutputCachingStateExecuter.java:54)
	at org.gradle.api.internal.tasks.execution.ValidatingTaskExecuter.execute(ValidatingTaskExecuter.java:58)
	at org.gradle.api.internal.tasks.execution.SkipEmptySourceFilesTaskExecuter.execute(SkipEmptySourceFilesTaskExecuter.java:88)
	at org.gradle.api.internal.tasks.execution.ResolveTaskArtifactStateTaskExecuter.execute(ResolveTaskArtifactStateTaskExecuter.java:52)
	at org.gradle.api.internal.tasks.execution.SkipTaskWithNoActionsExecuter.execute(SkipTaskWithNoActionsExecuter.java:52)
	at org.gradle.api.internal.tasks.execution.SkipOnlyIfTaskExecuter.execute(SkipOnlyIfTaskExecuter.java:54)
	at org.gradle.api.internal.tasks.execution.ExecuteAtMostOnceTaskExecuter.execute(ExecuteAtMostOnceTaskExecuter.java:43)
	at org.gradle.api.internal.tasks.execution.CatchExceptionTaskExecuter.execute(CatchExceptionTaskExecuter.java:34)
	at org.gradle.execution.taskgraph.DefaultTaskGraphExecuter$EventFiringTaskWorker$1.run(DefaultTaskGraphExecuter.java:248)
	at org.gradle.internal.progress.DefaultBuildOperationExecutor$RunnableBuildOperationWorker.execute(DefaultBuildOperationExecutor.java:336)
	at org.gradle.internal.progress.DefaultBuildOperationExecutor$RunnableBuildOperationWorker.execute(DefaultBuildOperationExecutor.java:328)
	at org.gradle.internal.progress.DefaultBuildOperationExecutor.execute(DefaultBuildOperationExecutor.java:197)
	at org.gradle.internal.progress.DefaultBuildOperationExecutor.run(DefaultBuildOperationExecutor.java:107)
	at org.gradle.execution.taskgraph.DefaultTaskGraphExecuter$EventFiringTaskWorker.execute(DefaultTaskGraphExecuter.java:241)
	at org.gradle.execution.taskgraph.DefaultTaskGraphExecuter$EventFiringTaskWorker.execute(DefaultTaskGraphExecuter.java:230)
	at org.gradle.execution.taskgraph.DefaultTaskPlanExecutor$TaskExecutorWorker.processTask(DefaultTaskPlanExecutor.java:124)
	at org.gradle.execution.taskgraph.DefaultTaskPlanExecutor$TaskExecutorWorker.access$200(DefaultTaskPlanExecutor.java:80)
	at org.gradle.execution.taskgraph.DefaultTaskPlanExecutor$TaskExecutorWorker$1.execute(DefaultTaskPlanExecutor.java:105)
	at org.gradle.execution.taskgraph.DefaultTaskPlanExecutor$TaskExecutorWorker$1.execute(DefaultTaskPlanExecutor.java:99)
	at org.gradle.execution.taskgraph.DefaultTaskExecutionPlan.execute(DefaultTaskExecutionPlan.java:625)
	at org.gradle.execution.taskgraph.DefaultTaskExecutionPlan.executeWithTask(DefaultTaskExecutionPlan.java:580)
	at org.gradle.execution.taskgraph.DefaultTaskPlanExecutor$TaskExecutorWorker.run(DefaultTaskPlanExecutor.java:99)
	at org.gradle.execution.taskgraph.DefaultTaskPlanExecutor.process(DefaultTaskPlanExecutor.java:60)
	at org.gradle.execution.taskgraph.DefaultTaskGraphExecuter.execute(DefaultTaskGraphExecuter.java:128)
	at org.gradle.execution.SelectedTaskExecutionAction.execute(SelectedTaskExecutionAction.java:37)
	at org.gradle.execution.DefaultBuildExecuter.execute(DefaultBuildExecuter.java:37)
	at org.gradle.execution.DefaultBuildExecuter.access$000(DefaultBuildExecuter.java:23)
	at org.gradle.execution.DefaultBuildExecuter$1.proceed(DefaultBuildExecuter.java:43)
	at org.gradle.execution.DryRunBuildExecutionAction.execute(DryRunBuildExecutionAction.java:46)
	at org.gradle.execution.DefaultBuildExecuter.execute(DefaultBuildExecuter.java:37)
	at org.gradle.execution.DefaultBuildExecuter.execute(DefaultBuildExecuter.java:30)
	at org.gradle.initialization.DefaultGradleLauncher$ExecuteTasks.run(DefaultGradleLauncher.java:311)
	at org.gradle.internal.progress.DefaultBuildOperationExecutor$RunnableBuildOperationWorker.execute(DefaultBuildOperationExecutor.java:336)
	at org.gradle.internal.progress.DefaultBuildOperationExecutor$RunnableBuildOperationWorker.execute(DefaultBuildOperationExecutor.java:328)
	at org.gradle.internal.progress.DefaultBuildOperationExecutor.execute(DefaultBuildOperationExecutor.java:197)
	at org.gradle.internal.progress.DefaultBuildOperationExecutor.run(DefaultBuildOperationExecutor.java:107)
	at org.gradle.initialization.DefaultGradleLauncher.runTasks(DefaultGradleLauncher.java:202)
	at org.gradle.initialization.DefaultGradleLauncher.doBuildStages(DefaultGradleLauncher.java:132)
	at org.gradle.initialization.DefaultGradleLauncher.executeTasks(DefaultGradleLauncher.java:107)
	at org.gradle.internal.invocation.GradleBuildController$1.call(GradleBuildController.java:78)
	at org.gradle.internal.invocation.GradleBuildController$1.call(GradleBuildController.java:75)
	at org.gradle.internal.work.DefaultWorkerLeaseService.withLocks(DefaultWorkerLeaseService.java:152)
	at org.gradle.internal.invocation.GradleBuildController.doBuild(GradleBuildController.java:100)
	at org.gradle.internal.invocation.GradleBuildController.run(GradleBuildController.java:75)
	at org.gradle.tooling.internal.provider.ExecuteBuildActionRunner.run(ExecuteBuildActionRunner.java:28)
	at org.gradle.launcher.exec.ChainingBuildActionRunner.run(ChainingBuildActionRunner.java:35)
	at org.gradle.tooling.internal.provider.ValidatingBuildActionRunner.run(ValidatingBuildActionRunner.java:32)
	at org.gradle.launcher.exec.RunAsBuildOperationBuildActionRunner$1.run(RunAsBuildOperationBuildActionRunner.java:43)
	at org.gradle.internal.progress.DefaultBuildOperationExecutor$RunnableBuildOperationWorker.execute(DefaultBuildOperationExecutor.java:336)
	at org.gradle.internal.progress.DefaultBuildOperationExecutor$RunnableBuildOperationWorker.execute(DefaultBuildOperationExecutor.java:328)
	at org.gradle.internal.progress.DefaultBuildOperationExecutor.execute(DefaultBuildOperationExecutor.java:197)
	at org.gradle.internal.progress.DefaultBuildOperationExecutor.run(DefaultBuildOperationExecutor.java:107)
	at org.gradle.launcher.exec.RunAsBuildOperationBuildActionRunner.run(RunAsBuildOperationBuildActionRunner.java:40)
	at org.gradle.tooling.internal.provider.SubscribableBuildActionRunner.run(SubscribableBuildActionRunner.java:51)
	at org.gradle.launcher.exec.InProcessBuildActionExecuter.execute(InProcessBuildActionExecuter.java:45)
	at org.gradle.launcher.exec.InProcessBuildActionExecuter.execute(InProcessBuildActionExecuter.java:29)
	at org.gradle.launcher.exec.BuildTreeScopeBuildActionExecuter.execute(BuildTreeScopeBuildActionExecuter.java:39)
	at org.gradle.launcher.exec.BuildTreeScopeBuildActionExecuter.execute(BuildTreeScopeBuildActionExecuter.java:25)
	at org.gradle.tooling.internal.provider.ContinuousBuildActionExecuter.execute(ContinuousBuildActionExecuter.java:71)
	at org.gradle.tooling.internal.provider.ContinuousBuildActionExecuter.execute(ContinuousBuildActionExecuter.java:45)
	at org.gradle.tooling.internal.provider.ServicesSetupBuildActionExecuter.execute(ServicesSetupBuildActionExecuter.java:51)
	at org.gradle.tooling.internal.provider.ServicesSetupBuildActionExecuter.execute(ServicesSetupBuildActionExecuter.java:32)
	at org.gradle.tooling.internal.provider.GradleThreadBuildActionExecuter.execute(GradleThreadBuildActionExecuter.java:36)
	at org.gradle.tooling.internal.provider.GradleThreadBuildActionExecuter.execute(GradleThreadBuildActionExecuter.java:25)
	at org.gradle.tooling.internal.provider.ParallelismConfigurationBuildActionExecuter.execute(ParallelismConfigurationBuildActionExecuter.java:43)
	at org.gradle.tooling.internal.provider.ParallelismConfigurationBuildActionExecuter.execute(ParallelismConfigurationBuildActionExecuter.java:29)
	at org.gradle.tooling.internal.provider.StartParamsValidatingActionExecuter.execute(StartParamsValidatingActionExecuter.java:64)
	at org.gradle.tooling.internal.provider.StartParamsValidatingActionExecuter.execute(StartParamsValidatingActionExecuter.java:29)
	at org.gradle.tooling.internal.provider.SessionFailureReportingActionExecuter.execute(SessionFailureReportingActionExecuter.java:55)
	at org.gradle.tooling.internal.provider.SessionFailureReportingActionExecuter.execute(SessionFailureReportingActionExecuter.java:42)
	at org.gradle.tooling.internal.provider.SetupLoggingActionExecuter.execute(SetupLoggingActionExecuter.java:58)
	at org.gradle.tooling.internal.provider.SetupLoggingActionExecuter.execute(SetupLoggingActionExecuter.java:33)
	at org.gradle.launcher.cli.RunBuildAction.run(RunBuildAction.java:51)
	at org.gradle.internal.Actions$RunnableActionAdapter.execute(Actions.java:173)
	at org.gradle.launcher.cli.CommandLineActionFactory$ParseAndBuildAction.execute(CommandLineActionFactory.java:287)
	at org.gradle.launcher.cli.CommandLineActionFactory$ParseAndBuildAction.execute(CommandLineActionFactory.java:260)
	at org.gradle.launcher.cli.JavaRuntimeValidationAction.execute(JavaRuntimeValidationAction.java:33)
	at org.gradle.launcher.cli.JavaRuntimeValidationAction.execute(JavaRuntimeValidationAction.java:24)
	at org.gradle.launcher.cli.ExceptionReportingAction.execute(ExceptionReportingAction.java:33)
	at org.gradle.launcher.cli.ExceptionReportingAction.execute(ExceptionReportingAction.java:22)
	at org.gradle.launcher.cli.CommandLineActionFactory$WithLogging.execute(CommandLineActionFactory.java:253)
	at org.gradle.launcher.cli.CommandLineActionFactory$WithLogging.execute(CommandLineActionFactory.java:182)
	at org.gradle.launcher.Main.doAction(Main.java:33)
	at org.gradle.launcher.bootstrap.EntryPoint.run(EntryPoint.java:45)
	at org.gradle.launcher.bootstrap.ProcessBootstrap.runNoExit(ProcessBootstrap.java:60)
	at org.gradle.launcher.bootstrap.ProcessBootstrap.run(ProcessBootstrap.java:37)
	at org.gradle.launcher.GradleMain.main(GradleMain.java:23)
	at org.gradle.wrapper.BootstrapMainStarter.start(BootstrapMainStarter.java:33)
	at org.gradle.wrapper.WrapperExecutor.execute(WrapperExecutor.java:130)
	at org.gradle.wrapper.GradleWrapperMain.main(GradleWrapperMain.java:48)
Caused by: org.gradle.api.GradleException: Lint found fatal errors while assembling a release target.

To proceed, either fix the issues identified by lint, or modify your build script as follows:
...
android {
    lintOptions {
        checkReleaseBuilds false
        // Or, if you prefer, you can continue to check for errors in release builds,
        // but continue the build even when errors are found:
        abortOnError false
    }
}
...
	at com.android.build.gradle.tasks.LintBaseTask.abort(LintBaseTask.java:152)
	at com.android.build.gradle.tasks.LintBaseTask.runLint(LintBaseTask.java:204)
	at com.android.build.gradle.tasks.LintPerVariantTask.lintSingleVariant(LintPerVariantTask.java:53)
	at com.android.build.gradle.tasks.LintPerVariantTask.lint(LintPerVariantTask.java:45)
	at org.gradle.internal.reflect.JavaMethod.invoke(JavaMethod.java:73)
	at org.gradle.api.internal.project.taskfactory.DefaultTaskClassInfoStore$StandardTaskAction.doExecute(DefaultTaskClassInfoStore.java:141)
	at org.gradle.api.internal.project.taskfactory.DefaultTaskClassInfoStore$StandardTaskAction.execute(DefaultTaskClassInfoStore.java:134)
	at org.gradle.api.internal.project.taskfactory.DefaultTaskClassInfoStore$StandardTaskAction.execute(DefaultTaskClassInfoStore.java:121)
	at org.gradle.api.internal.AbstractTask$TaskActionWrapper.execute(AbstractTask.java:731)
	at org.gradle.api.internal.AbstractTask$TaskActionWrapper.execute(AbstractTask.java:705)
	at org.gradle.api.internal.tasks.execution.ExecuteActionsTaskExecuter$1.run(ExecuteActionsTaskExecuter.java:122)
	at org.gradle.internal.progress.DefaultBuildOperationExecutor$RunnableBuildOperationWorker.execute(DefaultBuildOperationExecutor.java:336)
	at org.gradle.internal.progress.DefaultBuildOperationExecutor$RunnableBuildOperationWorker.execute(DefaultBuildOperationExecutor.java:328)
	at org.gradle.internal.progress.DefaultBuildOperationExecutor.execute(DefaultBuildOperationExecutor.java:197)
	at org.gradle.internal.progress.DefaultBuildOperationExecutor.run(DefaultBuildOperationExecutor.java:107)
	at org.gradle.api.internal.tasks.execution.ExecuteActionsTaskExecuter.executeAction(ExecuteActionsTaskExecuter.java:111)
	at org.gradle.api.internal.tasks.execution.ExecuteActionsTaskExecuter.executeActions(ExecuteActionsTaskExecuter.java:92)
	... 92 more


* Get more help at https://help.gradle.org

BUILD FAILED in 30s
71 actionable tasks: 43 executed, 28 up-to-date

2018-05-11 11:23:08,767 INFO  FullProcessService - Found APK file: /tmp/rdisk/2243/src/FloatingView-master/sample/build/outputs/apk/debug/sample-debug.apk
