2018-04-03 11:11:01,903 INFO  DownloadService - Downloading "https://github.com/iammert/FastGCM/archive/master.zip", attempt 3
2018-04-03 11:12:02,604 INFO  GithubDownloadService - Could not find ZIP archive for master branch
2018-04-03 11:12:03,325 INFO  GithubDownloadService - Default branch of this repository: master
2018-04-03 11:12:03,325 INFO  DownloadService - Downloading "https://github.com/iammert/FastGCM/archive/master.zip", attempt 3
2018-04-03 11:13:04,972 DEBUG FullProcessService - Repository https://github.com/iammert/FastGCM available: true
2018-04-03 11:13:04,972 INFO  FullProcessService - Could not download ZIP file from Github, lets clone it
2018-04-03 11:13:04,972 INFO  SysUtils - Execute command: [git, clone, -q, --single-branch, --depth, 1, https://github.com/iammert/FastGCM, /tmp/rdisk/2219/src]
2018-04-03 11:13:08,601 INFO  SysUtils - 
2018-04-03 11:13:08,617 INFO  GitService - Deleted "/tmp/rdisk/2219/src/.git": true
2018-04-03 11:13:08,619 INFO  FullProcessService - Size of directory with sources: 99 KB
2018-04-03 11:13:08,620 INFO  SysUtils - Execute command: [git, init, /tmp/rdisk/2219/src]
2018-04-03 11:13:08,625 INFO  SysUtils - Initialized empty Git repository in /tmp/rdisk/2219/src/.git/

2018-04-03 11:13:08,627 INFO  ProjectBuildService - Gradle wrapper(s): /tmp/rdisk/2219/src/gradlew
2018-04-03 11:13:08,630 INFO  ProjectBuildService - Build script(s): /tmp/rdisk/2219/src/app/build.gradle /tmp/rdisk/2219/src/fastgcm/build.gradle /tmp/rdisk/2219/src/build.gradle
2018-04-03 11:13:08,632 INFO  ProjectBuildService - All script(s): /tmp/rdisk/2219/src/settings.gradle /tmp/rdisk/2219/src/fastgcm/build.gradle /tmp/rdisk/2219/src/build.gradle /tmp/rdisk/2219/src/app/build.gradle
2018-04-03 11:13:08,632 INFO  ProjectBuildService - Remote scripts: none
2018-04-03 11:13:08,632 INFO  ProjectFixService - Fixing project...
2018-04-03 11:13:08,638 INFO  LocalPropertiesFixService - Created fake /tmp/rdisk/2219/src/app/local.properties
2018-04-03 11:13:08,638 INFO  ProjectFixService - Build info for "/tmp/rdisk/2219/src/app/build.gradle": [buildToolsVersion=23.0.1,compileSdkVersion=23,minSdkVersion=14,targetSdkVersion=23]
2018-04-03 11:13:08,638 INFO  LocalPropertiesFixService - Created fake /tmp/rdisk/2219/src/fastgcm/local.properties
2018-04-03 11:13:08,639 INFO  ProjectFixService - Build info for "/tmp/rdisk/2219/src/fastgcm/build.gradle": [buildToolsVersion=23.0.1,compileSdkVersion=23,minSdkVersion=14,targetSdkVersion=23]
2018-04-03 11:13:08,639 INFO  LocalPropertiesFixService - Created fake /tmp/rdisk/2219/src/local.properties
2018-04-03 11:13:08,640 INFO  WrapperPropertiesFixService - Gradle wrapper: https://services.gradle.org/distributions/gradle-2.10-all.zip
2018-04-03 11:13:08,640 INFO  WrapperPropertiesFixService - Gradle wrapper was changed from "-all.zip" to "-bin.zip" (https://services.gradle.org/distributions/gradle-2.10-bin.zip)
2018-04-03 11:13:08,641 INFO  ProjectFixService - Build info for "/tmp/rdisk/2219/src/build.gradle": [buildToolsVersion=23.0.1,compileSdkVersion=23,minSdkVersion=14,targetSdkVersion=23]
2018-04-03 11:13:08,641 INFO  ProjectFixService - Project was maybe fixed
2018-04-03 11:13:08,641 INFO  ProjectTaskService - Detecting possible tasks...
2018-04-03 11:13:08,641 INFO  SysUtils - Execute command: [/tmp/rdisk/2219/src/gradlew, -b, /tmp/rdisk/2219/src/app/build.gradle, -Dorg.gradle.daemon=false, -Dorg.gradle.daemon.performance.enable-monitoring=false, -Dorg.gradle.configureondemand=true, tasks]
2018-04-03 11:13:20,184 INFO  ProjectTaskService - Detected possible tasks: 72
2018-04-03 11:13:20,184 INFO  ProjectTaskService - Excluded tasks (19): lintDebug mockableAndroidJar deviceCheck lint testReleaseUnitTest uninstallRelease deviceAndroidTest uninstallDebugAndroidTest installDebugAndroidTest connectedCheck connectedDebugAndroidTest uninstallAll test check testDebugUnitTest connectedAndroidTest installDebug lintRelease uninstallDebug
2018-04-03 11:13:20,184 INFO  SysUtils - Execute command: [/tmp/rdisk/2219/src/gradlew, -b, /tmp/rdisk/2219/src/app/build.gradle, -Dorg.gradle.daemon=false, -Dorg.gradle.daemon.performance.enable-monitoring=false, -Dorg.gradle.configureondemand=true, --stacktrace, -x, lintDebug, -x, mockableAndroidJar, -x, deviceCheck, -x, lint, -x, testReleaseUnitTest, -x, uninstallRelease, -x, deviceAndroidTest, -x, uninstallDebugAndroidTest, -x, installDebugAndroidTest, -x, connectedCheck, -x, connectedDebugAndroidTest, -x, uninstallAll, -x, test, -x, check, -x, testDebugUnitTest, -x, connectedAndroidTest, -x, installDebug, -x, lintRelease, -x, uninstallDebug, build]
2018-04-03 11:13:52,171 ERROR SysUtils - Could not process external command
org.apache.commons.exec.ExecuteException: Process exited with an error: 1 (Exit value: 1)
	at org.apache.commons.exec.DefaultExecutor.executeInternal(DefaultExecutor.java:404)
	at org.apache.commons.exec.DefaultExecutor.execute(DefaultExecutor.java:166)
	at com.github.vbauer.apkmaster.util.SysUtils.execute(SysUtils.java:67)
	at com.github.vbauer.apkmaster.util.SysUtils.executeSimple(SysUtils.java:43)
	at com.github.vbauer.apkmaster.service.assembly.ProjectBuildService.buildProject(ProjectBuildService.java:78)
	at com.github.vbauer.apkmaster.service.assembly.ProjectBuildService.buildProject(ProjectBuildService.java:64)
	at com.github.vbauer.apkmaster.service.assembly.ProjectBuildService.buildProject(ProjectBuildService.java:43)
	at com.github.vbauer.apkmaster.service.FullProcessService.build(FullProcessService.java:84)
	at com.github.vbauer.apkmaster.service.FullProcessService.process(FullProcessService.java:34)
	at com.github.vbauer.apkmaster.app.MainApplication.process(MainApplication.java:38)
	at com.github.vbauer.apkmaster.app.MainApplication.main(MainApplication.java:20)
	at sun.reflect.GeneratedMethodAccessor8.invoke(Unknown Source)
	at sun.reflect.DelegatingMethodAccessorImpl.invoke(DelegatingMethodAccessorImpl.java:43)
	at java.lang.reflect.Method.invoke(Method.java:498)
	at com.android.arsenal.util.ReflectionUtils.invoke(ReflectionUtils.java:42)
	at com.android.arsenal.util.ApkMasterUtils.main(ApkMasterUtils.java:30)
	at com.android.arsenal.service.processor.impl.BuildProcessorServiceImpl.buildProject(BuildProcessorServiceImpl.java:197)
	at com.android.arsenal.service.processor.impl.BuildProcessorServiceImpl.build(BuildProcessorServiceImpl.java:131)
	at com.android.arsenal.service.processor.impl.BuildProcessorServiceImpl.lambda$null$1(BuildProcessorServiceImpl.java:114)
	at java.util.concurrent.FutureTask.run(FutureTask.java:266)
	at java.util.concurrent.Executors$RunnableAdapter.call(Executors.java:511)
	at java.util.concurrent.FutureTask.run(FutureTask.java:266)
	at java.util.concurrent.ThreadPoolExecutor.runWorker(ThreadPoolExecutor.java:1149)
	at java.util.concurrent.ThreadPoolExecutor$Worker.run(ThreadPoolExecutor.java:624)
	at java.lang.Thread.run(Thread.java:748)
2018-04-03 11:13:52,171 INFO  SysUtils - Configuration on demand is an incubating feature.
google-services plugin could not detect any version for com.google.android.gms or com.google.firebase, default version: 9.0.0 will be used.
please apply google-services plugin at the bottom of the build file.
Observed package id 'build-tools;28.0.0-preview' in inconsistent location '/root/Applications/android-sdk/build-tools/28.0.0-rc1' (Expected '/root/Applications/android-sdk/build-tools/28.0.0-preview')
Incremental java compilation is an incubating feature.
:app:preBuild UP-TO-DATE
:app:preDebugBuild UP-TO-DATE
:app:checkDebugManifest
:app:preReleaseBuild UP-TO-DATE
:fastgcm:preBuild UP-TO-DATE
:fastgcm:preReleaseBuild UP-TO-DATE
:fastgcm:compileReleaseNdk UP-TO-DATE
:fastgcm:compileLint
:fastgcm:copyReleaseLint UP-TO-DATE
:fastgcm:checkReleaseManifest
:fastgcm:preDebugAndroidTestBuild UP-TO-DATE
:fastgcm:preDebugBuild UP-TO-DATE
:fastgcm:preDebugUnitTestBuild UP-TO-DATE
:fastgcm:preReleaseUnitTestBuild UP-TO-DATE
:fastgcm:prepareComAndroidSupportSupportV42400Library
:fastgcm:prepareComGoogleAndroidGmsPlayServicesAnalytics1001Library
:fastgcm:prepareComGoogleAndroidGmsPlayServicesAnalyticsImpl1001Library
:fastgcm:prepareComGoogleAndroidGmsPlayServicesBase1001Library
:fastgcm:prepareComGoogleAndroidGmsPlayServicesBasement1001Library
:fastgcm:prepareComGoogleAndroidGmsPlayServicesGcm1001Library
:fastgcm:prepareComGoogleAndroidGmsPlayServicesIid1001Library
:fastgcm:prepareComGoogleAndroidGmsPlayServicesTagmanagerV4Impl1001Library
:fastgcm:prepareComGoogleAndroidGmsPlayServicesTasks1001Library
:fastgcm:prepareReleaseDependencies
:fastgcm:compileReleaseAidl
:fastgcm:compileReleaseRenderscript
:fastgcm:generateReleaseBuildConfig
:fastgcm:mergeReleaseShaders
:fastgcm:compileReleaseShaders
:fastgcm:generateReleaseAssets
:fastgcm:mergeReleaseAssets
:fastgcm:generateReleaseResValues
:fastgcm:generateReleaseResources
:fastgcm:mergeReleaseResources
:fastgcm:processReleaseManifest
:fastgcm:processReleaseResources
:fastgcm:generateReleaseSources
:fastgcm:incrementalReleaseJavaCompilationSafeguard
:fastgcm:compileReleaseJavaWithJavac
:fastgcm:compileReleaseJavaWithJavac - is not incremental (e.g. outputs have changed, no previous execution, etc.).
Note: /tmp/rdisk/2219/src/fastgcm/src/main/java/co/mobiwise/fastgcm/GCMManager.java uses or overrides a deprecated API.
Note: Recompile with -Xlint:deprecation for details.
:fastgcm:extractReleaseAnnotations
:fastgcm:mergeReleaseProguardFiles
:fastgcm:packageReleaseRenderscript UP-TO-DATE
:fastgcm:packageReleaseResources
:fastgcm:processReleaseJavaRes UP-TO-DATE
:fastgcm:transformResourcesWithMergeJavaResForRelease
:fastgcm:transformClassesAndResourcesWithSyncLibJarsForRelease
:fastgcm:mergeReleaseJniLibFolders
:fastgcm:transformNative_libsWithMergeJniLibsForRelease
:fastgcm:transformNative_libsWithSyncJniLibsForRelease
:fastgcm:bundleRelease
:app:prepareComAndroidSupportAnimatedVectorDrawable2321Library
:app:prepareComAndroidSupportAppcompatV72321Library
:app:prepareComAndroidSupportSupportV42400Library
:app:prepareComAndroidSupportSupportVectorDrawable2321Library
:app:prepareComGoogleAndroidGmsPlayServicesAnalytics1001Library
:app:prepareComGoogleAndroidGmsPlayServicesAnalyticsImpl1001Library
:app:prepareComGoogleAndroidGmsPlayServicesBase1001Library
:app:prepareComGoogleAndroidGmsPlayServicesBasement1001Library
:app:prepareComGoogleAndroidGmsPlayServicesGcm1001Library
:app:prepareComGoogleAndroidGmsPlayServicesIid1001Library
:app:prepareComGoogleAndroidGmsPlayServicesTagmanagerV4Impl1001Library
:app:prepareComGoogleAndroidGmsPlayServicesTasks1001Library
:app:prepareComGoogleFirebaseFirebaseAnalytics900Library
:app:prepareComGoogleFirebaseFirebaseAnalyticsImpl900Library
:app:prepareComGoogleFirebaseFirebaseCommon900Library
:app:prepareComGoogleFirebaseFirebaseCore900Library
:app:prepareComGoogleFirebaseFirebaseIid900Library
:app:prepareSrcFastgcmUnspecifiedLibrary
:app:prepareDebugDependencies
:app:compileDebugAidl
:app:compileDebugRenderscript
:app:generateDebugBuildConfig
:app:mergeDebugShaders
:app:compileDebugShaders
:app:generateDebugAssets
:app:mergeDebugAssets
:app:generateDebugResValues
:app:processDebugGoogleServices
Parsing json file: /tmp/rdisk/2219/src/app/google-services.json
:app:generateDebugResources
:app:mergeDebugResources
:app:processDebugManifest
:app:processDebugResources
:app:generateDebugSources
:app:incrementalDebugJavaCompilationSafeguard
:app:compileDebugJavaWithJavac
:app:compileDebugJavaWithJavac - is not incremental (e.g. outputs have changed, no previous execution, etc.).
:app:compileDebugNdk UP-TO-DATE
:app:compileDebugSources
:app:prePackageMarkerForDebug
:app:transformClassesWithDexForDebug
Running dex in-process requires build tools 23.0.2.
For faster builds update this project to use the latest build tools.
Dex: Error converting bytecode to dex:
Cause: com.android.dex.DexException: Multiple dex files define Lcom/google/firebase/FirebaseException;
    UNEXPECTED TOP-LEVEL EXCEPTION:
    com.android.dex.DexException: Multiple dex files define Lcom/google/firebase/FirebaseException;
    	at com.android.dx.merge.DexMerger.readSortableTypes(DexMerger.java:596)
    	at com.android.dx.merge.DexMerger.getSortedTypes(DexMerger.java:554)
    	at com.android.dx.merge.DexMerger.mergeClassDefs(DexMerger.java:535)
    	at com.android.dx.merge.DexMerger.mergeDexes(DexMerger.java:171)
    	at com.android.dx.merge.DexMerger.merge(DexMerger.java:189)
    	at com.android.dx.command.dexer.Main.mergeLibraryDexBuffers(Main.java:502)
    	at com.android.dx.command.dexer.Main.runMonoDex(Main.java:334)
    	at com.android.dx.command.dexer.Main.run(Main.java:277)
    	at com.android.dx.command.dexer.Main.main(Main.java:245)
    	at com.android.dx.command.Main.main(Main.java:106)
    
:app:transformClassesWithDexForDebug FAILED

FAILURE: Build failed with an exception.

* What went wrong:
Execution failed for task ':app:transformClassesWithDexForDebug'.
> com.android.build.api.transform.TransformException: com.android.ide.common.process.ProcessException: java.util.concurrent.ExecutionException: com.android.ide.common.process.ProcessException: org.gradle.process.internal.ExecException: Process 'command '/usr/lib/jvm/java-8-oracle/bin/java'' finished with non-zero exit value 2

* Try:
Run with --info or --debug option to get more log output.

* Exception is:
org.gradle.api.tasks.TaskExecutionException: Execution failed for task ':app:transformClassesWithDexForDebug'.
	at org.gradle.api.internal.tasks.execution.ExecuteActionsTaskExecuter.executeActions(ExecuteActionsTaskExecuter.java:69)
	at org.gradle.api.internal.tasks.execution.ExecuteActionsTaskExecuter.execute(ExecuteActionsTaskExecuter.java:46)
	at org.gradle.api.internal.tasks.execution.PostExecutionAnalysisTaskExecuter.execute(PostExecutionAnalysisTaskExecuter.java:35)
	at org.gradle.api.internal.tasks.execution.SkipUpToDateTaskExecuter.execute(SkipUpToDateTaskExecuter.java:64)
	at org.gradle.api.internal.tasks.execution.ValidatingTaskExecuter.execute(ValidatingTaskExecuter.java:58)
	at org.gradle.api.internal.tasks.execution.SkipEmptySourceFilesTaskExecuter.execute(SkipEmptySourceFilesTaskExecuter.java:52)
	at org.gradle.api.internal.tasks.execution.SkipTaskWithNoActionsExecuter.execute(SkipTaskWithNoActionsExecuter.java:52)
	at org.gradle.api.internal.tasks.execution.SkipOnlyIfTaskExecuter.execute(SkipOnlyIfTaskExecuter.java:53)
	at org.gradle.api.internal.tasks.execution.ExecuteAtMostOnceTaskExecuter.execute(ExecuteAtMostOnceTaskExecuter.java:43)
	at org.gradle.execution.taskgraph.DefaultTaskGraphExecuter$EventFiringTaskWorker.execute(DefaultTaskGraphExecuter.java:203)
	at org.gradle.execution.taskgraph.DefaultTaskGraphExecuter$EventFiringTaskWorker.execute(DefaultTaskGraphExecuter.java:185)
	at org.gradle.execution.taskgraph.AbstractTaskPlanExecutor$TaskExecutorWorker.processTask(AbstractTaskPlanExecutor.java:66)
	at org.gradle.execution.taskgraph.AbstractTaskPlanExecutor$TaskExecutorWorker.run(AbstractTaskPlanExecutor.java:50)
	at org.gradle.execution.taskgraph.DefaultTaskPlanExecutor.process(DefaultTaskPlanExecutor.java:25)
	at org.gradle.execution.taskgraph.DefaultTaskGraphExecuter.execute(DefaultTaskGraphExecuter.java:110)
	at org.gradle.execution.SelectedTaskExecutionAction.execute(SelectedTaskExecutionAction.java:37)
	at org.gradle.execution.DefaultBuildExecuter.execute(DefaultBuildExecuter.java:37)
	at org.gradle.execution.DefaultBuildExecuter.access$000(DefaultBuildExecuter.java:23)
	at org.gradle.execution.DefaultBuildExecuter$1.proceed(DefaultBuildExecuter.java:43)
	at org.gradle.execution.DryRunBuildExecutionAction.execute(DryRunBuildExecutionAction.java:32)
	at org.gradle.execution.DefaultBuildExecuter.execute(DefaultBuildExecuter.java:37)
	at org.gradle.execution.DefaultBuildExecuter.execute(DefaultBuildExecuter.java:30)
	at org.gradle.initialization.DefaultGradleLauncher$4.run(DefaultGradleLauncher.java:154)
	at org.gradle.internal.Factories$1.create(Factories.java:22)
	at org.gradle.internal.progress.DefaultBuildOperationExecutor.run(DefaultBuildOperationExecutor.java:90)
	at org.gradle.internal.progress.DefaultBuildOperationExecutor.run(DefaultBuildOperationExecutor.java:52)
	at org.gradle.initialization.DefaultGradleLauncher.doBuildStages(DefaultGradleLauncher.java:151)
	at org.gradle.initialization.DefaultGradleLauncher.access$200(DefaultGradleLauncher.java:32)
	at org.gradle.initialization.DefaultGradleLauncher$1.create(DefaultGradleLauncher.java:99)
	at org.gradle.initialization.DefaultGradleLauncher$1.create(DefaultGradleLauncher.java:93)
	at org.gradle.internal.progress.DefaultBuildOperationExecutor.run(DefaultBuildOperationExecutor.java:90)
	at org.gradle.internal.progress.DefaultBuildOperationExecutor.run(DefaultBuildOperationExecutor.java:62)
	at org.gradle.initialization.DefaultGradleLauncher.doBuild(DefaultGradleLauncher.java:93)
	at org.gradle.initialization.DefaultGradleLauncher.run(DefaultGradleLauncher.java:82)
	at org.gradle.launcher.exec.InProcessBuildActionExecuter$DefaultBuildController.run(InProcessBuildActionExecuter.java:94)
	at org.gradle.tooling.internal.provider.ExecuteBuildActionRunner.run(ExecuteBuildActionRunner.java:28)
	at org.gradle.launcher.exec.ChainingBuildActionRunner.run(ChainingBuildActionRunner.java:35)
	at org.gradle.launcher.exec.InProcessBuildActionExecuter.execute(InProcessBuildActionExecuter.java:43)
	at org.gradle.launcher.exec.InProcessBuildActionExecuter.execute(InProcessBuildActionExecuter.java:28)
	at org.gradle.launcher.exec.ContinuousBuildActionExecuter.execute(ContinuousBuildActionExecuter.java:78)
	at org.gradle.launcher.exec.ContinuousBuildActionExecuter.execute(ContinuousBuildActionExecuter.java:48)
	at org.gradle.launcher.exec.DaemonUsageSuggestingBuildActionExecuter.execute(DaemonUsageSuggestingBuildActionExecuter.java:51)
	at org.gradle.launcher.exec.DaemonUsageSuggestingBuildActionExecuter.execute(DaemonUsageSuggestingBuildActionExecuter.java:28)
	at org.gradle.launcher.cli.RunBuildAction.run(RunBuildAction.java:43)
	at org.gradle.internal.Actions$RunnableActionAdapter.execute(Actions.java:170)
	at org.gradle.launcher.cli.CommandLineActionFactory$ParseAndBuildAction.execute(CommandLineActionFactory.java:237)
	at org.gradle.launcher.cli.CommandLineActionFactory$ParseAndBuildAction.execute(CommandLineActionFactory.java:210)
	at org.gradle.launcher.cli.JavaRuntimeValidationAction.execute(JavaRuntimeValidationAction.java:35)
	at org.gradle.launcher.cli.JavaRuntimeValidationAction.execute(JavaRuntimeValidationAction.java:24)
	at org.gradle.launcher.cli.CommandLineActionFactory$WithLogging.execute(CommandLineActionFactory.java:206)
	at org.gradle.launcher.cli.CommandLineActionFactory$WithLogging.execute(CommandLineActionFactory.java:169)
	at org.gradle.launcher.cli.ExceptionReportingAction.execute(ExceptionReportingAction.java:33)
	at org.gradle.launcher.cli.ExceptionReportingAction.execute(ExceptionReportingAction.java:22)
	at org.gradle.launcher.Main.doAction(Main.java:33)
	at org.gradle.launcher.bootstrap.EntryPoint.run(EntryPoint.java:45)
	at org.gradle.launcher.bootstrap.ProcessBootstrap.runNoExit(ProcessBootstrap.java:54)
	at org.gradle.launcher.bootstrap.ProcessBootstrap.run(ProcessBootstrap.java:35)
	at org.gradle.launcher.GradleMain.main(GradleMain.java:23)
	at org.gradle.wrapper.BootstrapMainStarter.start(BootstrapMainStarter.java:33)
	at org.gradle.wrapper.WrapperExecutor.execute(WrapperExecutor.java:130)
	at org.gradle.wrapper.GradleWrapperMain.main(GradleWrapperMain.java:48)
Caused by: java.lang.RuntimeException: com.android.build.api.transform.TransformException: com.android.ide.common.process.ProcessException: java.util.concurrent.ExecutionException: com.android.ide.common.process.ProcessException: org.gradle.process.internal.ExecException: Process 'command '/usr/lib/jvm/java-8-oracle/bin/java'' finished with non-zero exit value 2
	at com.android.builder.profile.Recorder$Block.handleException(Recorder.java:54)
	at com.android.builder.profile.ThreadRecorder$1.record(ThreadRecorder.java:57)
	at com.android.builder.profile.ThreadRecorder$1.record(ThreadRecorder.java:47)
	at com.android.build.gradle.internal.pipeline.TransformTask.transform(TransformTask.java:173)
	at org.gradle.internal.reflect.JavaMethod.invoke(JavaMethod.java:75)
	at org.gradle.api.internal.project.taskfactory.AnnotationProcessingTaskFactory$IncrementalTaskAction.doExecute(AnnotationProcessingTaskFactory.java:244)
	at org.gradle.api.internal.project.taskfactory.AnnotationProcessingTaskFactory$StandardTaskAction.execute(AnnotationProcessingTaskFactory.java:220)
	at org.gradle.api.internal.project.taskfactory.AnnotationProcessingTaskFactory$IncrementalTaskAction.execute(AnnotationProcessingTaskFactory.java:231)
	at org.gradle.api.internal.project.taskfactory.AnnotationProcessingTaskFactory$StandardTaskAction.execute(AnnotationProcessingTaskFactory.java:209)
	at org.gradle.api.internal.tasks.execution.ExecuteActionsTaskExecuter.executeAction(ExecuteActionsTaskExecuter.java:80)
	at org.gradle.api.internal.tasks.execution.ExecuteActionsTaskExecuter.executeActions(ExecuteActionsTaskExecuter.java:61)
	... 60 more
Caused by: com.android.build.api.transform.TransformException: com.android.ide.common.process.ProcessException: java.util.concurrent.ExecutionException: com.android.ide.common.process.ProcessException: org.gradle.process.internal.ExecException: Process 'command '/usr/lib/jvm/java-8-oracle/bin/java'' finished with non-zero exit value 2
	at com.android.build.gradle.internal.transforms.DexTransform.transform(DexTransform.java:421)
	at com.android.build.gradle.internal.pipeline.TransformTask$3.call(TransformTask.java:178)
	at com.android.build.gradle.internal.pipeline.TransformTask$3.call(TransformTask.java:174)
	at com.android.builder.profile.ThreadRecorder$1.record(ThreadRecorder.java:55)
	... 69 more
Caused by: com.android.ide.common.process.ProcessException: java.util.concurrent.ExecutionException: com.android.ide.common.process.ProcessException: org.gradle.process.internal.ExecException: Process 'command '/usr/lib/jvm/java-8-oracle/bin/java'' finished with non-zero exit value 2
	at com.android.builder.core.AndroidBuilder.dexOutOfProcess(AndroidBuilder.java:1553)
	at com.android.builder.core.AndroidBuilder.runDexer(AndroidBuilder.java:1495)
	at com.android.builder.core.AndroidBuilder.convertByteCode(AndroidBuilder.java:1482)
	at com.android.build.gradle.internal.transforms.DexTransform.transform(DexTransform.java:406)
	... 72 more
Caused by: java.util.concurrent.ExecutionException: com.android.ide.common.process.ProcessException: org.gradle.process.internal.ExecException: Process 'command '/usr/lib/jvm/java-8-oracle/bin/java'' finished with non-zero exit value 2
	at com.android.builder.core.AndroidBuilder.dexOutOfProcess(AndroidBuilder.java:1549)
	... 75 more
Caused by: com.android.ide.common.process.ProcessException: org.gradle.process.internal.ExecException: Process 'command '/usr/lib/jvm/java-8-oracle/bin/java'' finished with non-zero exit value 2
	at com.android.build.gradle.internal.process.GradleProcessResult.assertNormalExitValue(GradleProcessResult.java:43)
	at com.android.builder.core.AndroidBuilder$3.call(AndroidBuilder.java:1538)
	at com.android.builder.core.AndroidBuilder$3.call(AndroidBuilder.java:1531)
Caused by: org.gradle.process.internal.ExecException: Process 'command '/usr/lib/jvm/java-8-oracle/bin/java'' finished with non-zero exit value 2
	at org.gradle.process.internal.DefaultExecHandle$ExecResultImpl.assertNormalExitValue(DefaultExecHandle.java:367)
	at com.android.build.gradle.internal.process.GradleProcessResult.assertNormalExitValue(GradleProcessResult.java:41)
	... 2 more


BUILD FAILED

Total time: 31.499 secs

2018-04-03 11:13:52,234 INFO  ProjectTaskService - Detecting possible tasks...
2018-04-03 11:13:52,234 INFO  SysUtils - Execute command: [/tmp/rdisk/2219/src/gradlew, -b, /tmp/rdisk/2219/src/fastgcm/build.gradle, -Dorg.gradle.daemon=false, -Dorg.gradle.daemon.performance.enable-monitoring=false, -Dorg.gradle.configureondemand=true, tasks]
2018-04-03 11:13:59,470 ERROR ProjectTaskService - Could not detect possible Gradle tasks: Process exited with an error: 1 (Exit value: 1)
2018-04-03 11:13:59,470 INFO  ProjectTaskService - Detected possible tasks: 0
2018-04-03 11:13:59,470 INFO  ProjectTaskService - Excluded tasks (0): none
2018-04-03 11:13:59,470 INFO  SysUtils - Execute command: [/tmp/rdisk/2219/src/gradlew, -b, /tmp/rdisk/2219/src/fastgcm/build.gradle, -Dorg.gradle.daemon=false, -Dorg.gradle.daemon.performance.enable-monitoring=false, -Dorg.gradle.configureondemand=true, --stacktrace, build]
2018-04-03 11:14:18,030 INFO  SysUtils - Configuration on demand is an incubating feature.
Observed package id 'build-tools;28.0.0-preview' in inconsistent location '/root/Applications/android-sdk/build-tools/28.0.0-rc1' (Expected '/root/Applications/android-sdk/build-tools/28.0.0-preview')
Incremental java compilation is an incubating feature.
:fastgcm:preBuild UP-TO-DATE
:fastgcm:preDebugBuild UP-TO-DATE
:fastgcm:compileDebugNdk UP-TO-DATE
:fastgcm:compileLint
:fastgcm:copyDebugLint UP-TO-DATE
:fastgcm:checkDebugManifest
:fastgcm:preDebugAndroidTestBuild UP-TO-DATE
:fastgcm:preDebugUnitTestBuild UP-TO-DATE
:fastgcm:preReleaseBuild UP-TO-DATE
:fastgcm:preReleaseUnitTestBuild UP-TO-DATE
:fastgcm:prepareComAndroidSupportSupportV42400Library UP-TO-DATE
:fastgcm:prepareComGoogleAndroidGmsPlayServicesAnalytics1001Library UP-TO-DATE
:fastgcm:prepareComGoogleAndroidGmsPlayServicesAnalyticsImpl1001Library UP-TO-DATE
:fastgcm:prepareComGoogleAndroidGmsPlayServicesBase1001Library UP-TO-DATE
:fastgcm:prepareComGoogleAndroidGmsPlayServicesBasement1001Library UP-TO-DATE
:fastgcm:prepareComGoogleAndroidGmsPlayServicesGcm1001Library UP-TO-DATE
:fastgcm:prepareComGoogleAndroidGmsPlayServicesIid1001Library UP-TO-DATE
:fastgcm:prepareComGoogleAndroidGmsPlayServicesTagmanagerV4Impl1001Library UP-TO-DATE
:fastgcm:prepareComGoogleAndroidGmsPlayServicesTasks1001Library UP-TO-DATE
:fastgcm:prepareDebugDependencies
:fastgcm:compileDebugAidl
:fastgcm:compileDebugRenderscript
:fastgcm:generateDebugBuildConfig
:fastgcm:mergeDebugShaders
:fastgcm:compileDebugShaders
:fastgcm:generateDebugAssets
:fastgcm:mergeDebugAssets
:fastgcm:generateDebugResValues
:fastgcm:generateDebugResources
:fastgcm:mergeDebugResources
:fastgcm:processDebugManifest
:fastgcm:processDebugResources
:fastgcm:generateDebugSources
:fastgcm:incrementalDebugJavaCompilationSafeguard
:fastgcm:compileDebugJavaWithJavac
:fastgcm:compileDebugJavaWithJavac - is not incremental (e.g. outputs have changed, no previous execution, etc.).
Note: /tmp/rdisk/2219/src/fastgcm/src/main/java/co/mobiwise/fastgcm/GCMManager.java uses or overrides a deprecated API.
Note: Recompile with -Xlint:deprecation for details.
:fastgcm:extractDebugAnnotations
:fastgcm:mergeDebugProguardFiles
:fastgcm:packageDebugRenderscript UP-TO-DATE
:fastgcm:packageDebugResources
:fastgcm:processDebugJavaRes UP-TO-DATE
:fastgcm:transformResourcesWithMergeJavaResForDebug
:fastgcm:transformClassesAndResourcesWithSyncLibJarsForDebug
:fastgcm:mergeDebugJniLibFolders
:fastgcm:transformNative_libsWithMergeJniLibsForDebug
:fastgcm:transformNative_libsWithSyncJniLibsForDebug
:fastgcm:bundleDebug
:fastgcm:compileDebugSources
:fastgcm:assembleDebug
:fastgcm:compileReleaseNdk UP-TO-DATE
:fastgcm:copyReleaseLint UP-TO-DATE
:fastgcm:checkReleaseManifest
:fastgcm:prepareReleaseDependencies
:fastgcm:compileReleaseAidl UP-TO-DATE
:fastgcm:compileReleaseRenderscript UP-TO-DATE
:fastgcm:generateReleaseBuildConfig UP-TO-DATE
:fastgcm:mergeReleaseShaders UP-TO-DATE
:fastgcm:compileReleaseShaders UP-TO-DATE
:fastgcm:generateReleaseAssets UP-TO-DATE
:fastgcm:mergeReleaseAssets UP-TO-DATE
:fastgcm:generateReleaseResValues UP-TO-DATE
:fastgcm:generateReleaseResources UP-TO-DATE
:fastgcm:mergeReleaseResources UP-TO-DATE
:fastgcm:processReleaseManifest UP-TO-DATE
:fastgcm:processReleaseResources UP-TO-DATE
:fastgcm:generateReleaseSources UP-TO-DATE
:fastgcm:incrementalReleaseJavaCompilationSafeguard UP-TO-DATE
:fastgcm:compileReleaseJavaWithJavac UP-TO-DATE
:fastgcm:extractReleaseAnnotations UP-TO-DATE
:fastgcm:mergeReleaseProguardFiles UP-TO-DATE
:fastgcm:packageReleaseRenderscript UP-TO-DATE
:fastgcm:packageReleaseResources UP-TO-DATE
:fastgcm:processReleaseJavaRes UP-TO-DATE
:fastgcm:transformResourcesWithMergeJavaResForRelease UP-TO-DATE
:fastgcm:transformClassesAndResourcesWithSyncLibJarsForRelease UP-TO-DATE
:fastgcm:mergeReleaseJniLibFolders UP-TO-DATE
:fastgcm:transformNative_libsWithMergeJniLibsForRelease UP-TO-DATE
:fastgcm:transformNative_libsWithSyncJniLibsForRelease UP-TO-DATE
:fastgcm:bundleRelease UP-TO-DATE
:fastgcm:compileReleaseSources UP-TO-DATE
:fastgcm:assembleRelease UP-TO-DATE
:fastgcm:assemble
:fastgcm:lint
Ran lint on variant debug: 4 issues found
Ran lint on variant release: 4 issues found
Wrote HTML report to file:///tmp/rdisk/2219/src/fastgcm/build/outputs/lint-results-debug.html
Wrote XML report to file:///tmp/rdisk/2219/src/fastgcm/build/outputs/lint-results-debug.xml
:fastgcm:incrementalDebugUnitTestJavaCompilationSafeguard UP-TO-DATE
:fastgcm:prepareDebugUnitTestDependencies
:fastgcm:compileDebugUnitTestJavaWithJavac UP-TO-DATE
:fastgcm:processDebugUnitTestJavaRes UP-TO-DATE
:fastgcm:compileDebugUnitTestSources UP-TO-DATE
:fastgcm:mockableAndroidJar
:fastgcm:assembleDebugUnitTest
:fastgcm:testDebugUnitTest
:fastgcm:incrementalReleaseUnitTestJavaCompilationSafeguard UP-TO-DATE
:fastgcm:prepareReleaseUnitTestDependencies
:fastgcm:compileReleaseUnitTestJavaWithJavac UP-TO-DATE
:fastgcm:processReleaseUnitTestJavaRes UP-TO-DATE
:fastgcm:compileReleaseUnitTestSources UP-TO-DATE
:fastgcm:assembleReleaseUnitTest
:fastgcm:testReleaseUnitTest
:fastgcm:test
:fastgcm:check
:fastgcm:build

BUILD SUCCESSFUL

Total time: 18.143 secs

2018-04-03 11:14:18,100 INFO  ProjectTaskService - Detecting possible tasks...
2018-04-03 11:14:18,100 INFO  SysUtils - Execute command: [/tmp/rdisk/2219/src/gradlew, -b, /tmp/rdisk/2219/src/build.gradle, -Dorg.gradle.daemon=false, -Dorg.gradle.daemon.performance.enable-monitoring=false, -Dorg.gradle.configureondemand=true, tasks]
2018-04-03 11:14:25,138 INFO  ProjectTaskService - Detected possible tasks: 75
2018-04-03 11:14:25,138 INFO  ProjectTaskService - Excluded tasks (19): lintDebug mockableAndroidJar deviceCheck lint testReleaseUnitTest uninstallRelease deviceAndroidTest uninstallDebugAndroidTest installDebugAndroidTest connectedCheck connectedDebugAndroidTest uninstallAll test check testDebugUnitTest connectedAndroidTest installDebug lintRelease uninstallDebug
2018-04-03 11:14:25,138 INFO  SysUtils - Execute command: [/tmp/rdisk/2219/src/gradlew, -b, /tmp/rdisk/2219/src/build.gradle, -Dorg.gradle.daemon=false, -Dorg.gradle.daemon.performance.enable-monitoring=false, -Dorg.gradle.configureondemand=true, --stacktrace, -x, lintDebug, -x, mockableAndroidJar, -x, deviceCheck, -x, lint, -x, testReleaseUnitTest, -x, uninstallRelease, -x, deviceAndroidTest, -x, uninstallDebugAndroidTest, -x, installDebugAndroidTest, -x, connectedCheck, -x, connectedDebugAndroidTest, -x, uninstallAll, -x, test, -x, check, -x, testDebugUnitTest, -x, connectedAndroidTest, -x, installDebug, -x, lintRelease, -x, uninstallDebug, build]
2018-04-03 11:14:50,061 ERROR SysUtils - Could not process external command
org.apache.commons.exec.ExecuteException: Process exited with an error: 1 (Exit value: 1)
	at org.apache.commons.exec.DefaultExecutor.executeInternal(DefaultExecutor.java:404)
	at org.apache.commons.exec.DefaultExecutor.execute(DefaultExecutor.java:166)
	at com.github.vbauer.apkmaster.util.SysUtils.execute(SysUtils.java:67)
	at com.github.vbauer.apkmaster.util.SysUtils.executeSimple(SysUtils.java:43)
	at com.github.vbauer.apkmaster.service.assembly.ProjectBuildService.buildProject(ProjectBuildService.java:78)
	at com.github.vbauer.apkmaster.service.assembly.ProjectBuildService.buildProject(ProjectBuildService.java:64)
	at com.github.vbauer.apkmaster.service.assembly.ProjectBuildService.buildProject(ProjectBuildService.java:43)
	at com.github.vbauer.apkmaster.service.FullProcessService.build(FullProcessService.java:84)
	at com.github.vbauer.apkmaster.service.FullProcessService.process(FullProcessService.java:34)
	at com.github.vbauer.apkmaster.app.MainApplication.process(MainApplication.java:38)
	at com.github.vbauer.apkmaster.app.MainApplication.main(MainApplication.java:20)
	at sun.reflect.GeneratedMethodAccessor8.invoke(Unknown Source)
	at sun.reflect.DelegatingMethodAccessorImpl.invoke(DelegatingMethodAccessorImpl.java:43)
	at java.lang.reflect.Method.invoke(Method.java:498)
	at com.android.arsenal.util.ReflectionUtils.invoke(ReflectionUtils.java:42)
	at com.android.arsenal.util.ApkMasterUtils.main(ApkMasterUtils.java:30)
	at com.android.arsenal.service.processor.impl.BuildProcessorServiceImpl.buildProject(BuildProcessorServiceImpl.java:197)
	at com.android.arsenal.service.processor.impl.BuildProcessorServiceImpl.build(BuildProcessorServiceImpl.java:131)
	at com.android.arsenal.service.processor.impl.BuildProcessorServiceImpl.lambda$null$1(BuildProcessorServiceImpl.java:114)
	at java.util.concurrent.FutureTask.run(FutureTask.java:266)
	at java.util.concurrent.Executors$RunnableAdapter.call(Executors.java:511)
	at java.util.concurrent.FutureTask.run(FutureTask.java:266)
	at java.util.concurrent.ThreadPoolExecutor.runWorker(ThreadPoolExecutor.java:1149)
	at java.util.concurrent.ThreadPoolExecutor$Worker.run(ThreadPoolExecutor.java:624)
	at java.lang.Thread.run(Thread.java:748)
2018-04-03 11:14:50,061 INFO  SysUtils - Configuration on demand is an incubating feature.
google-services plugin could not detect any version for com.google.android.gms or com.google.firebase, default version: 9.0.0 will be used.
please apply google-services plugin at the bottom of the build file.
Observed package id 'build-tools;28.0.0-preview' in inconsistent location '/root/Applications/android-sdk/build-tools/28.0.0-rc1' (Expected '/root/Applications/android-sdk/build-tools/28.0.0-preview')
Incremental java compilation is an incubating feature.
:app:preBuild UP-TO-DATE
:app:preDebugBuild UP-TO-DATE
:app:checkDebugManifest
:app:preReleaseBuild UP-TO-DATE
:fastgcm:preBuild UP-TO-DATE
:fastgcm:preReleaseBuild UP-TO-DATE
:fastgcm:compileReleaseNdk UP-TO-DATE
:fastgcm:compileLint
:fastgcm:copyReleaseLint UP-TO-DATE
:fastgcm:checkReleaseManifest
:fastgcm:preDebugAndroidTestBuild UP-TO-DATE
:fastgcm:preDebugBuild UP-TO-DATE
:fastgcm:preDebugUnitTestBuild UP-TO-DATE
:fastgcm:preReleaseUnitTestBuild UP-TO-DATE
:fastgcm:prepareComAndroidSupportSupportV42400Library UP-TO-DATE
:fastgcm:prepareComGoogleAndroidGmsPlayServicesAnalytics1001Library UP-TO-DATE
:fastgcm:prepareComGoogleAndroidGmsPlayServicesAnalyticsImpl1001Library UP-TO-DATE
:fastgcm:prepareComGoogleAndroidGmsPlayServicesBase1001Library UP-TO-DATE
:fastgcm:prepareComGoogleAndroidGmsPlayServicesBasement1001Library UP-TO-DATE
:fastgcm:prepareComGoogleAndroidGmsPlayServicesGcm1001Library UP-TO-DATE
:fastgcm:prepareComGoogleAndroidGmsPlayServicesIid1001Library UP-TO-DATE
:fastgcm:prepareComGoogleAndroidGmsPlayServicesTagmanagerV4Impl1001Library UP-TO-DATE
:fastgcm:prepareComGoogleAndroidGmsPlayServicesTasks1001Library UP-TO-DATE
:fastgcm:prepareReleaseDependencies
:fastgcm:compileReleaseAidl UP-TO-DATE
:fastgcm:compileReleaseRenderscript UP-TO-DATE
:fastgcm:generateReleaseBuildConfig UP-TO-DATE
:fastgcm:mergeReleaseShaders UP-TO-DATE
:fastgcm:compileReleaseShaders UP-TO-DATE
:fastgcm:generateReleaseAssets UP-TO-DATE
:fastgcm:mergeReleaseAssets UP-TO-DATE
:fastgcm:generateReleaseResValues UP-TO-DATE
:fastgcm:generateReleaseResources UP-TO-DATE
:fastgcm:mergeReleaseResources UP-TO-DATE
:fastgcm:processReleaseManifest UP-TO-DATE
:fastgcm:processReleaseResources UP-TO-DATE
:fastgcm:generateReleaseSources UP-TO-DATE
:fastgcm:incrementalReleaseJavaCompilationSafeguard UP-TO-DATE
:fastgcm:compileReleaseJavaWithJavac UP-TO-DATE
:fastgcm:extractReleaseAnnotations UP-TO-DATE
:fastgcm:mergeReleaseProguardFiles UP-TO-DATE
:fastgcm:packageReleaseRenderscript UP-TO-DATE
:fastgcm:packageReleaseResources UP-TO-DATE
:fastgcm:processReleaseJavaRes UP-TO-DATE
:fastgcm:transformResourcesWithMergeJavaResForRelease UP-TO-DATE
:fastgcm:transformClassesAndResourcesWithSyncLibJarsForRelease UP-TO-DATE
:fastgcm:mergeReleaseJniLibFolders UP-TO-DATE
:fastgcm:transformNative_libsWithMergeJniLibsForRelease UP-TO-DATE
:fastgcm:transformNative_libsWithSyncJniLibsForRelease UP-TO-DATE
:fastgcm:bundleRelease UP-TO-DATE
:app:prepareComAndroidSupportAnimatedVectorDrawable2321Library UP-TO-DATE
:app:prepareComAndroidSupportAppcompatV72321Library UP-TO-DATE
:app:prepareComAndroidSupportSupportV42400Library UP-TO-DATE
:app:prepareComAndroidSupportSupportVectorDrawable2321Library UP-TO-DATE
:app:prepareComGoogleAndroidGmsPlayServicesAnalytics1001Library UP-TO-DATE
:app:prepareComGoogleAndroidGmsPlayServicesAnalyticsImpl1001Library UP-TO-DATE
:app:prepareComGoogleAndroidGmsPlayServicesBase1001Library UP-TO-DATE
:app:prepareComGoogleAndroidGmsPlayServicesBasement1001Library UP-TO-DATE
:app:prepareComGoogleAndroidGmsPlayServicesGcm1001Library UP-TO-DATE
:app:prepareComGoogleAndroidGmsPlayServicesIid1001Library UP-TO-DATE
:app:prepareComGoogleAndroidGmsPlayServicesTagmanagerV4Impl1001Library UP-TO-DATE
:app:prepareComGoogleAndroidGmsPlayServicesTasks1001Library UP-TO-DATE
:app:prepareComGoogleFirebaseFirebaseAnalytics900Library UP-TO-DATE
:app:prepareComGoogleFirebaseFirebaseAnalyticsImpl900Library UP-TO-DATE
:app:prepareComGoogleFirebaseFirebaseCommon900Library UP-TO-DATE
:app:prepareComGoogleFirebaseFirebaseCore900Library UP-TO-DATE
:app:prepareComGoogleFirebaseFirebaseIid900Library UP-TO-DATE
:app:prepareSrcFastgcmUnspecifiedLibrary UP-TO-DATE
:app:prepareDebugDependencies
:app:compileDebugAidl UP-TO-DATE
:app:compileDebugRenderscript UP-TO-DATE
:app:generateDebugBuildConfig UP-TO-DATE
:app:mergeDebugShaders UP-TO-DATE
:app:compileDebugShaders UP-TO-DATE
:app:generateDebugAssets UP-TO-DATE
:app:mergeDebugAssets UP-TO-DATE
:app:generateDebugResValues UP-TO-DATE
:app:processDebugGoogleServices
Parsing json file: /tmp/rdisk/2219/src/app/google-services.json
:app:generateDebugResources
:app:mergeDebugResources UP-TO-DATE
:app:processDebugManifest UP-TO-DATE
:app:processDebugResources UP-TO-DATE
:app:generateDebugSources UP-TO-DATE
:app:incrementalDebugJavaCompilationSafeguard UP-TO-DATE
:app:compileDebugJavaWithJavac UP-TO-DATE
:app:compileDebugNdk UP-TO-DATE
:app:compileDebugSources UP-TO-DATE
:app:prePackageMarkerForDebug
:app:transformClassesWithDexForDebug
Running dex in-process requires build tools 23.0.2.
For faster builds update this project to use the latest build tools.
Dex: Error converting bytecode to dex:
Cause: com.android.dex.DexException: Multiple dex files define Lcom/google/firebase/FirebaseException;
    UNEXPECTED TOP-LEVEL EXCEPTION:
    com.android.dex.DexException: Multiple dex files define Lcom/google/firebase/FirebaseException;
    	at com.android.dx.merge.DexMerger.readSortableTypes(DexMerger.java:596)
    	at com.android.dx.merge.DexMerger.getSortedTypes(DexMerger.java:554)
    	at com.android.dx.merge.DexMerger.mergeClassDefs(DexMerger.java:535)
    	at com.android.dx.merge.DexMerger.mergeDexes(DexMerger.java:171)
    	at com.android.dx.merge.DexMerger.merge(DexMerger.java:189)
    	at com.android.dx.command.dexer.Main.mergeLibraryDexBuffers(Main.java:502)
    	at com.android.dx.command.dexer.Main.runMonoDex(Main.java:334)
    	at com.android.dx.command.dexer.Main.run(Main.java:277)
    	at com.android.dx.command.dexer.Main.main(Main.java:245)
    	at com.android.dx.command.Main.main(Main.java:106)
    
:app:transformClassesWithDexForDebug FAILED

FAILURE: Build failed with an exception.

* What went wrong:
Execution failed for task ':app:transformClassesWithDexForDebug'.
> com.android.build.api.transform.TransformException: com.android.ide.common.process.ProcessException: java.util.concurrent.ExecutionException: com.android.ide.common.process.ProcessException: org.gradle.process.internal.ExecException: Process 'command '/usr/lib/jvm/java-8-oracle/bin/java'' finished with non-zero exit value 2

* Try:
Run with --info or --debug option to get more log output.

* Exception is:
org.gradle.api.tasks.TaskExecutionException: Execution failed for task ':app:transformClassesWithDexForDebug'.
	at org.gradle.api.internal.tasks.execution.ExecuteActionsTaskExecuter.executeActions(ExecuteActionsTaskExecuter.java:69)
	at org.gradle.api.internal.tasks.execution.ExecuteActionsTaskExecuter.execute(ExecuteActionsTaskExecuter.java:46)
	at org.gradle.api.internal.tasks.execution.PostExecutionAnalysisTaskExecuter.execute(PostExecutionAnalysisTaskExecuter.java:35)
	at org.gradle.api.internal.tasks.execution.SkipUpToDateTaskExecuter.execute(SkipUpToDateTaskExecuter.java:64)
	at org.gradle.api.internal.tasks.execution.ValidatingTaskExecuter.execute(ValidatingTaskExecuter.java:58)
	at org.gradle.api.internal.tasks.execution.SkipEmptySourceFilesTaskExecuter.execute(SkipEmptySourceFilesTaskExecuter.java:52)
	at org.gradle.api.internal.tasks.execution.SkipTaskWithNoActionsExecuter.execute(SkipTaskWithNoActionsExecuter.java:52)
	at org.gradle.api.internal.tasks.execution.SkipOnlyIfTaskExecuter.execute(SkipOnlyIfTaskExecuter.java:53)
	at org.gradle.api.internal.tasks.execution.ExecuteAtMostOnceTaskExecuter.execute(ExecuteAtMostOnceTaskExecuter.java:43)
	at org.gradle.execution.taskgraph.DefaultTaskGraphExecuter$EventFiringTaskWorker.execute(DefaultTaskGraphExecuter.java:203)
	at org.gradle.execution.taskgraph.DefaultTaskGraphExecuter$EventFiringTaskWorker.execute(DefaultTaskGraphExecuter.java:185)
	at org.gradle.execution.taskgraph.AbstractTaskPlanExecutor$TaskExecutorWorker.processTask(AbstractTaskPlanExecutor.java:66)
	at org.gradle.execution.taskgraph.AbstractTaskPlanExecutor$TaskExecutorWorker.run(AbstractTaskPlanExecutor.java:50)
	at org.gradle.execution.taskgraph.DefaultTaskPlanExecutor.process(DefaultTaskPlanExecutor.java:25)
	at org.gradle.execution.taskgraph.DefaultTaskGraphExecuter.execute(DefaultTaskGraphExecuter.java:110)
	at org.gradle.execution.SelectedTaskExecutionAction.execute(SelectedTaskExecutionAction.java:37)
	at org.gradle.execution.DefaultBuildExecuter.execute(DefaultBuildExecuter.java:37)
	at org.gradle.execution.DefaultBuildExecuter.access$000(DefaultBuildExecuter.java:23)
	at org.gradle.execution.DefaultBuildExecuter$1.proceed(DefaultBuildExecuter.java:43)
	at org.gradle.execution.DryRunBuildExecutionAction.execute(DryRunBuildExecutionAction.java:32)
	at org.gradle.execution.DefaultBuildExecuter.execute(DefaultBuildExecuter.java:37)
	at org.gradle.execution.DefaultBuildExecuter.execute(DefaultBuildExecuter.java:30)
	at org.gradle.initialization.DefaultGradleLauncher$4.run(DefaultGradleLauncher.java:154)
	at org.gradle.internal.Factories$1.create(Factories.java:22)
	at org.gradle.internal.progress.DefaultBuildOperationExecutor.run(DefaultBuildOperationExecutor.java:90)
	at org.gradle.internal.progress.DefaultBuildOperationExecutor.run(DefaultBuildOperationExecutor.java:52)
	at org.gradle.initialization.DefaultGradleLauncher.doBuildStages(DefaultGradleLauncher.java:151)
	at org.gradle.initialization.DefaultGradleLauncher.access$200(DefaultGradleLauncher.java:32)
	at org.gradle.initialization.DefaultGradleLauncher$1.create(DefaultGradleLauncher.java:99)
	at org.gradle.initialization.DefaultGradleLauncher$1.create(DefaultGradleLauncher.java:93)
	at org.gradle.internal.progress.DefaultBuildOperationExecutor.run(DefaultBuildOperationExecutor.java:90)
	at org.gradle.internal.progress.DefaultBuildOperationExecutor.run(DefaultBuildOperationExecutor.java:62)
	at org.gradle.initialization.DefaultGradleLauncher.doBuild(DefaultGradleLauncher.java:93)
	at org.gradle.initialization.DefaultGradleLauncher.run(DefaultGradleLauncher.java:82)
	at org.gradle.launcher.exec.InProcessBuildActionExecuter$DefaultBuildController.run(InProcessBuildActionExecuter.java:94)
	at org.gradle.tooling.internal.provider.ExecuteBuildActionRunner.run(ExecuteBuildActionRunner.java:28)
	at org.gradle.launcher.exec.ChainingBuildActionRunner.run(ChainingBuildActionRunner.java:35)
	at org.gradle.launcher.exec.InProcessBuildActionExecuter.execute(InProcessBuildActionExecuter.java:43)
	at org.gradle.launcher.exec.InProcessBuildActionExecuter.execute(InProcessBuildActionExecuter.java:28)
	at org.gradle.launcher.exec.ContinuousBuildActionExecuter.execute(ContinuousBuildActionExecuter.java:78)
	at org.gradle.launcher.exec.ContinuousBuildActionExecuter.execute(ContinuousBuildActionExecuter.java:48)
	at org.gradle.launcher.exec.DaemonUsageSuggestingBuildActionExecuter.execute(DaemonUsageSuggestingBuildActionExecuter.java:51)
	at org.gradle.launcher.exec.DaemonUsageSuggestingBuildActionExecuter.execute(DaemonUsageSuggestingBuildActionExecuter.java:28)
	at org.gradle.launcher.cli.RunBuildAction.run(RunBuildAction.java:43)
	at org.gradle.internal.Actions$RunnableActionAdapter.execute(Actions.java:170)
	at org.gradle.launcher.cli.CommandLineActionFactory$ParseAndBuildAction.execute(CommandLineActionFactory.java:237)
	at org.gradle.launcher.cli.CommandLineActionFactory$ParseAndBuildAction.execute(CommandLineActionFactory.java:210)
	at org.gradle.launcher.cli.JavaRuntimeValidationAction.execute(JavaRuntimeValidationAction.java:35)
	at org.gradle.launcher.cli.JavaRuntimeValidationAction.execute(JavaRuntimeValidationAction.java:24)
	at org.gradle.launcher.cli.CommandLineActionFactory$WithLogging.execute(CommandLineActionFactory.java:206)
	at org.gradle.launcher.cli.CommandLineActionFactory$WithLogging.execute(CommandLineActionFactory.java:169)
	at org.gradle.launcher.cli.ExceptionReportingAction.execute(ExceptionReportingAction.java:33)
	at org.gradle.launcher.cli.ExceptionReportingAction.execute(ExceptionReportingAction.java:22)
	at org.gradle.launcher.Main.doAction(Main.java:33)
	at org.gradle.launcher.bootstrap.EntryPoint.run(EntryPoint.java:45)
	at org.gradle.launcher.bootstrap.ProcessBootstrap.runNoExit(ProcessBootstrap.java:54)
	at org.gradle.launcher.bootstrap.ProcessBootstrap.run(ProcessBootstrap.java:35)
	at org.gradle.launcher.GradleMain.main(GradleMain.java:23)
	at org.gradle.wrapper.BootstrapMainStarter.start(BootstrapMainStarter.java:33)
	at org.gradle.wrapper.WrapperExecutor.execute(WrapperExecutor.java:130)
	at org.gradle.wrapper.GradleWrapperMain.main(GradleWrapperMain.java:48)
Caused by: java.lang.RuntimeException: com.android.build.api.transform.TransformException: com.android.ide.common.process.ProcessException: java.util.concurrent.ExecutionException: com.android.ide.common.process.ProcessException: org.gradle.process.internal.ExecException: Process 'command '/usr/lib/jvm/java-8-oracle/bin/java'' finished with non-zero exit value 2
	at com.android.builder.profile.Recorder$Block.handleException(Recorder.java:54)
	at com.android.builder.profile.ThreadRecorder$1.record(ThreadRecorder.java:57)
	at com.android.builder.profile.ThreadRecorder$1.record(ThreadRecorder.java:47)
	at com.android.build.gradle.internal.pipeline.TransformTask.transform(TransformTask.java:173)
	at org.gradle.internal.reflect.JavaMethod.invoke(JavaMethod.java:75)
	at org.gradle.api.internal.project.taskfactory.AnnotationProcessingTaskFactory$IncrementalTaskAction.doExecute(AnnotationProcessingTaskFactory.java:244)
	at org.gradle.api.internal.project.taskfactory.AnnotationProcessingTaskFactory$StandardTaskAction.execute(AnnotationProcessingTaskFactory.java:220)
	at org.gradle.api.internal.project.taskfactory.AnnotationProcessingTaskFactory$IncrementalTaskAction.execute(AnnotationProcessingTaskFactory.java:231)
	at org.gradle.api.internal.project.taskfactory.AnnotationProcessingTaskFactory$StandardTaskAction.execute(AnnotationProcessingTaskFactory.java:209)
	at org.gradle.api.internal.tasks.execution.ExecuteActionsTaskExecuter.executeAction(ExecuteActionsTaskExecuter.java:80)
	at org.gradle.api.internal.tasks.execution.ExecuteActionsTaskExecuter.executeActions(ExecuteActionsTaskExecuter.java:61)
	... 60 more
Caused by: com.android.build.api.transform.TransformException: com.android.ide.common.process.ProcessException: java.util.concurrent.ExecutionException: com.android.ide.common.process.ProcessException: org.gradle.process.internal.ExecException: Process 'command '/usr/lib/jvm/java-8-oracle/bin/java'' finished with non-zero exit value 2
	at com.android.build.gradle.internal.transforms.DexTransform.transform(DexTransform.java:421)
	at com.android.build.gradle.internal.pipeline.TransformTask$3.call(TransformTask.java:178)
	at com.android.build.gradle.internal.pipeline.TransformTask$3.call(TransformTask.java:174)
	at com.android.builder.profile.ThreadRecorder$1.record(ThreadRecorder.java:55)
	... 69 more
Caused by: com.android.ide.common.process.ProcessException: java.util.concurrent.ExecutionException: com.android.ide.common.process.ProcessException: org.gradle.process.internal.ExecException: Process 'command '/usr/lib/jvm/java-8-oracle/bin/java'' finished with non-zero exit value 2
	at com.android.builder.core.AndroidBuilder.dexOutOfProcess(AndroidBuilder.java:1553)
	at com.android.builder.core.AndroidBuilder.runDexer(AndroidBuilder.java:1495)
	at com.android.builder.core.AndroidBuilder.convertByteCode(AndroidBuilder.java:1482)
	at com.android.build.gradle.internal.transforms.DexTransform.transform(DexTransform.java:406)
	... 72 more
Caused by: java.util.concurrent.ExecutionException: com.android.ide.common.process.ProcessException: org.gradle.process.internal.ExecException: Process 'command '/usr/lib/jvm/java-8-oracle/bin/java'' finished with non-zero exit value 2
	at com.android.builder.core.AndroidBuilder.dexOutOfProcess(AndroidBuilder.java:1549)
	... 75 more
Caused by: com.android.ide.common.process.ProcessException: org.gradle.process.internal.ExecException: Process 'command '/usr/lib/jvm/java-8-oracle/bin/java'' finished with non-zero exit value 2
	at com.android.build.gradle.internal.process.GradleProcessResult.assertNormalExitValue(GradleProcessResult.java:43)
	at com.android.builder.core.AndroidBuilder$3.call(AndroidBuilder.java:1538)
	at com.android.builder.core.AndroidBuilder$3.call(AndroidBuilder.java:1531)
Caused by: org.gradle.process.internal.ExecException: Process 'command '/usr/lib/jvm/java-8-oracle/bin/java'' finished with non-zero exit value 2
	at org.gradle.process.internal.DefaultExecHandle$ExecResultImpl.assertNormalExitValue(DefaultExecHandle.java:367)
	at com.android.build.gradle.internal.process.GradleProcessResult.assertNormalExitValue(GradleProcessResult.java:41)
	... 2 more


BUILD FAILED

Total time: 24.46 secs

2018-04-03 11:14:50,129 ERROR FullProcessService - Project build has not produced APK file
2018-04-03 11:14:50,194 ERROR FullProcessService - Could not find generated or existed APK file
