2018-04-03 18:56:46,585 INFO  DownloadService - Downloading "https://github.com/bignerdranch/expandable-recycler-view/archive/master.zip", attempt 3
2018-04-03 18:57:47,183 INFO  GithubDownloadService - Could not find ZIP archive for master branch
2018-04-03 18:57:47,982 INFO  GithubDownloadService - Default branch of this repository: master
2018-04-03 18:57:47,982 INFO  DownloadService - Downloading "https://github.com/bignerdranch/expandable-recycler-view/archive/master.zip", attempt 3
2018-04-03 18:58:49,308 DEBUG FullProcessService - Repository https://github.com/bignerdranch/expandable-recycler-view available: true
2018-04-03 18:58:49,309 INFO  FullProcessService - Could not download ZIP file from Github, lets clone it
2018-04-03 18:58:49,309 INFO  SysUtils - Execute command: [git, clone, -q, --single-branch, --depth, 1, https://github.com/bignerdranch/expandable-recycler-view, /tmp/rdisk/2119/src]
2018-04-03 18:58:50,792 INFO  SysUtils - 
2018-04-03 18:58:50,797 INFO  GitService - Deleted "/tmp/rdisk/2119/src/.git": true
2018-04-03 18:58:50,800 INFO  FullProcessService - Size of directory with sources: 270 KB
2018-04-03 18:58:50,800 INFO  SysUtils - Execute command: [git, init, /tmp/rdisk/2119/src]
2018-04-03 18:58:50,805 INFO  SysUtils - Initialized empty Git repository in /tmp/rdisk/2119/src/.git/

2018-04-03 18:58:50,808 INFO  ProjectBuildService - Gradle wrapper(s): /tmp/rdisk/2119/src/gradlew
2018-04-03 18:58:50,811 INFO  ProjectBuildService - Build script(s): /tmp/rdisk/2119/src/expandablerecyclerview/build.gradle /tmp/rdisk/2119/src/sampleapp/build.gradle /tmp/rdisk/2119/src/build.gradle
2018-04-03 18:58:50,814 INFO  ProjectBuildService - All script(s): /tmp/rdisk/2119/src/settings.gradle /tmp/rdisk/2119/src/sampleapp/build.gradle /tmp/rdisk/2119/src/expandablerecyclerview/build.gradle /tmp/rdisk/2119/src/build.gradle
2018-04-03 18:58:50,814 INFO  DownloadService - Downloading "https://raw.github.com/chrisbanes/gradle-mvn-push/master/gradle-mvn-push.gradle", attempt 3
2018-04-03 18:58:51,524 INFO  DownloadService - Downloaded https://raw.github.com/chrisbanes/gradle-mvn-push/master/gradle-mvn-push.gradle, attempt 3
2018-04-03 18:58:51,524 INFO  ProjectBuildService - Remote scripts: https://raw.github.com/chrisbanes/gradle-mvn-push/master/gradle-mvn-push.gradle
2018-04-03 18:58:51,524 INFO  ProjectFixService - Fixing project...
2018-04-03 18:58:51,533 INFO  LocalPropertiesFixService - Created fake /tmp/rdisk/2119/src/expandablerecyclerview/local.properties
2018-04-03 18:58:51,541 INFO  ProjectFixService - Build info for "/tmp/rdisk/2119/src/expandablerecyclerview/build.gradle": [buildToolsVersion=<null>,compileSdkVersion=24,minSdkVersion=9,targetSdkVersion=24]
2018-04-03 18:58:51,541 INFO  ProjectFixService - Fixed build info for "/tmp/rdisk/2119/src/expandablerecyclerview/build.gradle": [buildToolsVersion=28.0.0-rc1,compileSdkVersion=24,minSdkVersion=9,targetSdkVersion=24]
2018-04-03 18:58:51,542 INFO  LocalPropertiesFixService - Created fake /tmp/rdisk/2119/src/sampleapp/local.properties
2018-04-03 18:58:51,542 INFO  ProjectFixService - Build info for "/tmp/rdisk/2119/src/sampleapp/build.gradle": [buildToolsVersion=28.0.0-rc1,compileSdkVersion=24,minSdkVersion=9,targetSdkVersion=24]
2018-04-03 18:58:51,542 INFO  LocalPropertiesFixService - Created fake /tmp/rdisk/2119/src/local.properties
2018-04-03 18:58:51,543 INFO  WrapperPropertiesFixService - Gradle wrapper: https://services.gradle.org/distributions/gradle-2.14.1-all.zip
2018-04-03 18:58:51,543 INFO  WrapperPropertiesFixService - Gradle wrapper was changed from "-all.zip" to "-bin.zip" (https://services.gradle.org/distributions/gradle-2.14.1-bin.zip)
2018-04-03 18:58:51,544 INFO  ProjectFixService - Build info for "/tmp/rdisk/2119/src/build.gradle": [buildToolsVersion=28.0.0-rc1,compileSdkVersion=24,minSdkVersion=9,targetSdkVersion=24]
2018-04-03 18:58:51,544 INFO  ProjectFixService - Project was maybe fixed
2018-04-03 18:58:51,544 INFO  ProjectTaskService - Detecting possible tasks...
2018-04-03 18:58:51,544 INFO  SysUtils - Execute command: [/tmp/rdisk/2119/src/gradlew, -b, /tmp/rdisk/2119/src/expandablerecyclerview/build.gradle, -Dorg.gradle.daemon=false, -Dorg.gradle.daemon.performance.enable-monitoring=false, -Dorg.gradle.configureondemand=true, tasks]
2018-04-03 18:59:09,095 INFO  ProjectTaskService - Detected possible tasks: 80
2018-04-03 18:59:09,096 INFO  ProjectTaskService - Excluded tasks (19): lintDebug mockableAndroidJar androidJavadocs deviceCheck lint androidSourcesJar testReleaseUnitTest deviceAndroidTest uninstallDebugAndroidTest installDebugAndroidTest connectedCheck connectedDebugAndroidTest uninstallAll androidJavadocsJar test check testDebugUnitTest connectedAndroidTest lintRelease
2018-04-03 18:59:09,096 INFO  SysUtils - Execute command: [/tmp/rdisk/2119/src/gradlew, -b, /tmp/rdisk/2119/src/expandablerecyclerview/build.gradle, -Dorg.gradle.daemon=false, -Dorg.gradle.daemon.performance.enable-monitoring=false, -Dorg.gradle.configureondemand=true, --stacktrace, -x, lintDebug, -x, mockableAndroidJar, -x, androidJavadocs, -x, deviceCheck, -x, lint, -x, androidSourcesJar, -x, testReleaseUnitTest, -x, deviceAndroidTest, -x, uninstallDebugAndroidTest, -x, installDebugAndroidTest, -x, connectedCheck, -x, connectedDebugAndroidTest, -x, uninstallAll, -x, androidJavadocsJar, -x, test, -x, check, -x, testDebugUnitTest, -x, connectedAndroidTest, -x, lintRelease, build]
2018-04-03 18:59:21,007 INFO  SysUtils - Configuration on demand is an incubating feature.
Incremental java compilation is an incubating feature.
:expandablerecyclerview:preBuild UP-TO-DATE
:expandablerecyclerview:preDebugBuild UP-TO-DATE
:expandablerecyclerview:checkDebugManifest
:expandablerecyclerview:preDebugAndroidTestBuild UP-TO-DATE
:expandablerecyclerview:preDebugUnitTestBuild UP-TO-DATE
:expandablerecyclerview:preReleaseBuild UP-TO-DATE
:expandablerecyclerview:preReleaseUnitTestBuild UP-TO-DATE
:expandablerecyclerview:prepareComAndroidSupportRecyclerviewV72421Library
:expandablerecyclerview:prepareComAndroidSupportSupportCompat2421Library
:expandablerecyclerview:prepareComAndroidSupportSupportCoreUi2421Library
:expandablerecyclerview:prepareDebugDependencies
:expandablerecyclerview:compileDebugAidl
:expandablerecyclerview:compileDebugNdk UP-TO-DATE
:expandablerecyclerview:compileLint
:expandablerecyclerview:copyDebugLint UP-TO-DATE
:expandablerecyclerview:compileDebugRenderscript
:expandablerecyclerview:generateDebugBuildConfig
:expandablerecyclerview:generateDebugResValues
:expandablerecyclerview:generateDebugResources
:expandablerecyclerview:mergeDebugResources
:expandablerecyclerview:processDebugManifest
:expandablerecyclerview:processDebugResources
:expandablerecyclerview:generateDebugSources
:expandablerecyclerview:incrementalDebugJavaCompilationSafeguard
:expandablerecyclerview:compileDebugJavaWithJavac
:expandablerecyclerview:compileDebugJavaWithJavac - is not incremental (e.g. outputs have changed, no previous execution, etc.).
:expandablerecyclerview:extractDebugAnnotations
:expandablerecyclerview:mergeDebugShaders
:expandablerecyclerview:compileDebugShaders
:expandablerecyclerview:generateDebugAssets
:expandablerecyclerview:mergeDebugAssets
:expandablerecyclerview:mergeDebugProguardFiles
:expandablerecyclerview:packageDebugRenderscript UP-TO-DATE
:expandablerecyclerview:packageDebugResources
:expandablerecyclerview:processDebugJavaRes UP-TO-DATE
:expandablerecyclerview:transformResourcesWithMergeJavaResForDebug
:expandablerecyclerview:transformClassesAndResourcesWithSyncLibJarsForDebug
:expandablerecyclerview:mergeDebugJniLibFolders
:expandablerecyclerview:transformNative_libsWithMergeJniLibsForDebug
:expandablerecyclerview:transformNative_libsWithSyncJniLibsForDebug
:expandablerecyclerview:bundleDebug
:expandablerecyclerview:compileDebugSources
:expandablerecyclerview:assembleDebug
:expandablerecyclerview:checkReleaseManifest
:expandablerecyclerview:prepareReleaseDependencies
:expandablerecyclerview:compileReleaseAidl
:expandablerecyclerview:compileReleaseNdk UP-TO-DATE
:expandablerecyclerview:copyReleaseLint UP-TO-DATE
:expandablerecyclerview:compileReleaseRenderscript
:expandablerecyclerview:generateReleaseBuildConfig
:expandablerecyclerview:generateReleaseResValues
:expandablerecyclerview:generateReleaseResources
:expandablerecyclerview:mergeReleaseResources
:expandablerecyclerview:processReleaseManifest
:expandablerecyclerview:processReleaseResources
:expandablerecyclerview:generateReleaseSources
:expandablerecyclerview:incrementalReleaseJavaCompilationSafeguard
:expandablerecyclerview:compileReleaseJavaWithJavac
:expandablerecyclerview:compileReleaseJavaWithJavac - is not incremental (e.g. outputs have changed, no previous execution, etc.).
:expandablerecyclerview:extractReleaseAnnotations
:expandablerecyclerview:mergeReleaseShaders
:expandablerecyclerview:compileReleaseShaders
:expandablerecyclerview:generateReleaseAssets
:expandablerecyclerview:mergeReleaseAssets
:expandablerecyclerview:mergeReleaseProguardFiles
:expandablerecyclerview:packageReleaseRenderscript UP-TO-DATE
:expandablerecyclerview:packageReleaseResources
:expandablerecyclerview:processReleaseJavaRes UP-TO-DATE
:expandablerecyclerview:transformResourcesWithMergeJavaResForRelease
:expandablerecyclerview:transformClassesAndResourcesWithSyncLibJarsForRelease
:expandablerecyclerview:mergeReleaseJniLibFolders
:expandablerecyclerview:transformNative_libsWithMergeJniLibsForRelease
:expandablerecyclerview:transformNative_libsWithSyncJniLibsForRelease
:expandablerecyclerview:bundleRelease
:expandablerecyclerview:compileReleaseSources
:expandablerecyclerview:assembleRelease
:expandablerecyclerview:signArchives SKIPPED
:expandablerecyclerview:assemble
:expandablerecyclerview:build

BUILD SUCCESSFUL

Total time: 11.136 secs

2018-04-03 18:59:21,019 INFO  ProjectTaskService - Detecting possible tasks...
2018-04-03 18:59:21,019 INFO  SysUtils - Execute command: [/tmp/rdisk/2119/src/gradlew, -b, /tmp/rdisk/2119/src/sampleapp/build.gradle, -Dorg.gradle.daemon=false, -Dorg.gradle.daemon.performance.enable-monitoring=false, -Dorg.gradle.configureondemand=true, tasks]
2018-04-03 18:59:29,978 INFO  ProjectTaskService - Detected possible tasks: 74
2018-04-03 18:59:29,978 INFO  ProjectTaskService - Excluded tasks (22): lintDebug mockableAndroidJar androidJavadocs deviceCheck lint androidSourcesJar testReleaseUnitTest uninstallRelease deviceAndroidTest uninstallDebugAndroidTest installDebugAndroidTest connectedCheck connectedDebugAndroidTest uninstallAll androidJavadocsJar test check testDebugUnitTest connectedAndroidTest installDebug lintRelease uninstallDebug
2018-04-03 18:59:29,978 INFO  SysUtils - Execute command: [/tmp/rdisk/2119/src/gradlew, -b, /tmp/rdisk/2119/src/sampleapp/build.gradle, -Dorg.gradle.daemon=false, -Dorg.gradle.daemon.performance.enable-monitoring=false, -Dorg.gradle.configureondemand=true, --stacktrace, -x, lintDebug, -x, mockableAndroidJar, -x, androidJavadocs, -x, deviceCheck, -x, lint, -x, androidSourcesJar, -x, testReleaseUnitTest, -x, uninstallRelease, -x, deviceAndroidTest, -x, uninstallDebugAndroidTest, -x, installDebugAndroidTest, -x, connectedCheck, -x, connectedDebugAndroidTest, -x, uninstallAll, -x, androidJavadocsJar, -x, test, -x, check, -x, testDebugUnitTest, -x, connectedAndroidTest, -x, installDebug, -x, lintRelease, -x, uninstallDebug, build]
2018-04-03 18:59:39,224 ERROR SysUtils - Could not process external command
org.apache.commons.exec.ExecuteException: Process exited with an error: 1 (Exit value: 1)
	at org.apache.commons.exec.DefaultExecutor.executeInternal(DefaultExecutor.java:404)
	at org.apache.commons.exec.DefaultExecutor.execute(DefaultExecutor.java:166)
	at com.github.vbauer.apkmaster.util.SysUtils.execute(SysUtils.java:67)
	at com.github.vbauer.apkmaster.util.SysUtils.executeSimple(SysUtils.java:43)
	at com.github.vbauer.apkmaster.service.assembly.ProjectBuildService.buildProject(ProjectBuildService.java:78)
	at com.github.vbauer.apkmaster.service.assembly.ProjectBuildService.buildProject(ProjectBuildService.java:64)
	at com.github.vbauer.apkmaster.service.assembly.ProjectBuildService.buildProject(ProjectBuildService.java:43)
	at com.github.vbauer.apkmaster.service.FullProcessService.build(FullProcessService.java:84)
	at com.github.vbauer.apkmaster.service.FullProcessService.process(FullProcessService.java:34)
	at com.github.vbauer.apkmaster.app.MainApplication.process(MainApplication.java:38)
	at com.github.vbauer.apkmaster.app.MainApplication.main(MainApplication.java:20)
	at sun.reflect.GeneratedMethodAccessor8.invoke(Unknown Source)
	at sun.reflect.DelegatingMethodAccessorImpl.invoke(DelegatingMethodAccessorImpl.java:43)
	at java.lang.reflect.Method.invoke(Method.java:498)
	at com.android.arsenal.util.ReflectionUtils.invoke(ReflectionUtils.java:42)
	at com.android.arsenal.util.ApkMasterUtils.main(ApkMasterUtils.java:30)
	at com.android.arsenal.service.processor.impl.BuildProcessorServiceImpl.buildProject(BuildProcessorServiceImpl.java:197)
	at com.android.arsenal.service.processor.impl.BuildProcessorServiceImpl.build(BuildProcessorServiceImpl.java:131)
	at com.android.arsenal.service.processor.impl.BuildProcessorServiceImpl.lambda$null$1(BuildProcessorServiceImpl.java:114)
	at java.util.concurrent.FutureTask.run(FutureTask.java:266)
	at java.util.concurrent.Executors$RunnableAdapter.call(Executors.java:511)
	at java.util.concurrent.FutureTask.run(FutureTask.java:266)
	at java.util.concurrent.ThreadPoolExecutor.runWorker(ThreadPoolExecutor.java:1149)
	at java.util.concurrent.ThreadPoolExecutor$Worker.run(ThreadPoolExecutor.java:624)
	at java.lang.Thread.run(Thread.java:748)
2018-04-03 18:59:39,224 INFO  SysUtils - Configuration on demand is an incubating feature.
Incremental java compilation is an incubating feature.

FAILURE: Build failed with an exception.

* What went wrong:
Task 'androidJavadocs' not found in project ':sampleapp'.

* Try:
Run gradlew tasks to get a list of available tasks. Run with --info or --debug option to get more log output.

* Exception is:
org.gradle.execution.TaskSelectionException: Task 'androidJavadocs' not found in project ':sampleapp'.
	at org.gradle.execution.TaskSelector.getSelection(TaskSelector.java:100)
	at org.gradle.execution.TaskSelector.getFilter(TaskSelector.java:63)
	at org.gradle.execution.ExcludedTaskFilteringBuildConfigurationAction.configure(ExcludedTaskFilteringBuildConfigurationAction.java:42)
	at org.gradle.execution.DefaultBuildConfigurationActionExecuter.configure(DefaultBuildConfigurationActionExecuter.java:48)
	at org.gradle.execution.DefaultBuildConfigurationActionExecuter.select(DefaultBuildConfigurationActionExecuter.java:36)
	at org.gradle.initialization.DefaultGradleLauncher$3.run(DefaultGradleLauncher.java:142)
	at org.gradle.internal.Factories$1.create(Factories.java:22)
	at org.gradle.internal.progress.DefaultBuildOperationExecutor.run(DefaultBuildOperationExecutor.java:91)
	at org.gradle.internal.progress.DefaultBuildOperationExecutor.run(DefaultBuildOperationExecutor.java:53)
	at org.gradle.initialization.DefaultGradleLauncher.doBuildStages(DefaultGradleLauncher.java:139)
	at org.gradle.initialization.DefaultGradleLauncher.access$200(DefaultGradleLauncher.java:32)
	at org.gradle.initialization.DefaultGradleLauncher$1.create(DefaultGradleLauncher.java:98)
	at org.gradle.initialization.DefaultGradleLauncher$1.create(DefaultGradleLauncher.java:92)
	at org.gradle.internal.progress.DefaultBuildOperationExecutor.run(DefaultBuildOperationExecutor.java:91)
	at org.gradle.internal.progress.DefaultBuildOperationExecutor.run(DefaultBuildOperationExecutor.java:63)
	at org.gradle.initialization.DefaultGradleLauncher.doBuild(DefaultGradleLauncher.java:92)
	at org.gradle.initialization.DefaultGradleLauncher.run(DefaultGradleLauncher.java:83)
	at org.gradle.launcher.exec.InProcessBuildActionExecuter$DefaultBuildController.run(InProcessBuildActionExecuter.java:99)
	at org.gradle.tooling.internal.provider.ExecuteBuildActionRunner.run(ExecuteBuildActionRunner.java:28)
	at org.gradle.launcher.exec.ChainingBuildActionRunner.run(ChainingBuildActionRunner.java:35)
	at org.gradle.launcher.exec.InProcessBuildActionExecuter.execute(InProcessBuildActionExecuter.java:48)
	at org.gradle.launcher.exec.InProcessBuildActionExecuter.execute(InProcessBuildActionExecuter.java:30)
	at org.gradle.launcher.exec.ContinuousBuildActionExecuter.execute(ContinuousBuildActionExecuter.java:81)
	at org.gradle.launcher.exec.ContinuousBuildActionExecuter.execute(ContinuousBuildActionExecuter.java:46)
	at org.gradle.launcher.exec.DaemonUsageSuggestingBuildActionExecuter.execute(DaemonUsageSuggestingBuildActionExecuter.java:51)
	at org.gradle.launcher.exec.DaemonUsageSuggestingBuildActionExecuter.execute(DaemonUsageSuggestingBuildActionExecuter.java:28)
	at org.gradle.launcher.cli.RunBuildAction.run(RunBuildAction.java:43)
	at org.gradle.internal.Actions$RunnableActionAdapter.execute(Actions.java:173)
	at org.gradle.launcher.cli.CommandLineActionFactory$ParseAndBuildAction.execute(CommandLineActionFactory.java:239)
	at org.gradle.launcher.cli.CommandLineActionFactory$ParseAndBuildAction.execute(CommandLineActionFactory.java:212)
	at org.gradle.launcher.cli.JavaRuntimeValidationAction.execute(JavaRuntimeValidationAction.java:35)
	at org.gradle.launcher.cli.JavaRuntimeValidationAction.execute(JavaRuntimeValidationAction.java:24)
	at org.gradle.launcher.cli.ExceptionReportingAction.execute(ExceptionReportingAction.java:33)
	at org.gradle.launcher.cli.ExceptionReportingAction.execute(ExceptionReportingAction.java:22)
	at org.gradle.launcher.cli.CommandLineActionFactory$WithLogging.execute(CommandLineActionFactory.java:205)
	at org.gradle.launcher.cli.CommandLineActionFactory$WithLogging.execute(CommandLineActionFactory.java:169)
	at org.gradle.launcher.Main.doAction(Main.java:33)
	at org.gradle.launcher.bootstrap.EntryPoint.run(EntryPoint.java:45)
	at org.gradle.launcher.bootstrap.ProcessBootstrap.runNoExit(ProcessBootstrap.java:55)
	at org.gradle.launcher.bootstrap.ProcessBootstrap.run(ProcessBootstrap.java:36)
	at org.gradle.launcher.GradleMain.main(GradleMain.java:23)
	at org.gradle.wrapper.BootstrapMainStarter.start(BootstrapMainStarter.java:33)
	at org.gradle.wrapper.WrapperExecutor.execute(WrapperExecutor.java:130)
	at org.gradle.wrapper.GradleWrapperMain.main(GradleWrapperMain.java:48)


BUILD FAILED

Total time: 8.65 secs

2018-04-03 18:59:39,225 ERROR ProjectBuildService - Excluded tasks were detected wrong
2018-04-03 18:59:39,225 INFO  SysUtils - Execute command: [/tmp/rdisk/2119/src/gradlew, -b, /tmp/rdisk/2119/src/sampleapp/build.gradle, -Dorg.gradle.daemon=false, -Dorg.gradle.daemon.performance.enable-monitoring=false, -Dorg.gradle.configureondemand=true, --stacktrace, build]
2018-04-03 19:00:15,717 INFO  SysUtils - Configuration on demand is an incubating feature.
Incremental java compilation is an incubating feature.
:expandablerecyclerview:preBuild UP-TO-DATE
:expandablerecyclerview:preReleaseBuild UP-TO-DATE
:expandablerecyclerview:checkReleaseManifest
:expandablerecyclerview:preDebugAndroidTestBuild UP-TO-DATE
:expandablerecyclerview:preDebugBuild UP-TO-DATE
:expandablerecyclerview:preDebugUnitTestBuild UP-TO-DATE
:expandablerecyclerview:preReleaseUnitTestBuild UP-TO-DATE
:expandablerecyclerview:prepareComAndroidSupportRecyclerviewV72421Library UP-TO-DATE
:expandablerecyclerview:prepareComAndroidSupportSupportCompat2421Library UP-TO-DATE
:expandablerecyclerview:prepareComAndroidSupportSupportCoreUi2421Library UP-TO-DATE
:expandablerecyclerview:prepareReleaseDependencies
:expandablerecyclerview:compileReleaseAidl UP-TO-DATE
:expandablerecyclerview:compileReleaseNdk UP-TO-DATE
:expandablerecyclerview:compileLint UP-TO-DATE
:expandablerecyclerview:copyReleaseLint UP-TO-DATE
:expandablerecyclerview:compileReleaseRenderscript UP-TO-DATE
:expandablerecyclerview:generateReleaseBuildConfig UP-TO-DATE
:expandablerecyclerview:generateReleaseResValues UP-TO-DATE
:expandablerecyclerview:generateReleaseResources UP-TO-DATE
:expandablerecyclerview:mergeReleaseResources UP-TO-DATE
:expandablerecyclerview:processReleaseManifest UP-TO-DATE
:expandablerecyclerview:processReleaseResources UP-TO-DATE
:expandablerecyclerview:generateReleaseSources UP-TO-DATE
:expandablerecyclerview:incrementalReleaseJavaCompilationSafeguard UP-TO-DATE
:expandablerecyclerview:compileReleaseJavaWithJavac UP-TO-DATE
:expandablerecyclerview:extractReleaseAnnotations UP-TO-DATE
:expandablerecyclerview:mergeReleaseShaders UP-TO-DATE
:expandablerecyclerview:compileReleaseShaders UP-TO-DATE
:expandablerecyclerview:generateReleaseAssets UP-TO-DATE
:expandablerecyclerview:mergeReleaseAssets UP-TO-DATE
:expandablerecyclerview:mergeReleaseProguardFiles UP-TO-DATE
:expandablerecyclerview:packageReleaseRenderscript UP-TO-DATE
:expandablerecyclerview:packageReleaseResources UP-TO-DATE
:expandablerecyclerview:processReleaseJavaRes UP-TO-DATE
:expandablerecyclerview:transformResourcesWithMergeJavaResForRelease UP-TO-DATE
:expandablerecyclerview:transformClassesAndResourcesWithSyncLibJarsForRelease UP-TO-DATE
:expandablerecyclerview:mergeReleaseJniLibFolders UP-TO-DATE
:expandablerecyclerview:transformNative_libsWithMergeJniLibsForRelease UP-TO-DATE
:expandablerecyclerview:transformNative_libsWithSyncJniLibsForRelease UP-TO-DATE
:expandablerecyclerview:bundleRelease UP-TO-DATE
:sampleapp:preBuild UP-TO-DATE
:sampleapp:preDebugBuild UP-TO-DATE
:sampleapp:checkDebugManifest
:sampleapp:preReleaseBuild UP-TO-DATE
:sampleapp:prepareComAndroidSupportAnimatedVectorDrawable2421Library
:sampleapp:prepareComAndroidSupportAppcompatV72421Library
:sampleapp:prepareComAndroidSupportRecyclerviewV72421Library
:sampleapp:prepareComAndroidSupportSupportCompat2421Library
:sampleapp:prepareComAndroidSupportSupportCoreUi2421Library
:sampleapp:prepareComAndroidSupportSupportCoreUtils2421Library
:sampleapp:prepareComAndroidSupportSupportFragment2421Library
:sampleapp:prepareComAndroidSupportSupportMediaCompat2421Library
:sampleapp:prepareComAndroidSupportSupportV42421Library
:sampleapp:prepareComAndroidSupportSupportVectorDrawable2421Library
:sampleapp:prepareSrcExpandablerecyclerviewUnspecifiedLibrary
:sampleapp:prepareDebugDependencies
:sampleapp:compileDebugAidl
:sampleapp:compileDebugRenderscript
:sampleapp:generateDebugBuildConfig
:sampleapp:generateDebugResValues
:sampleapp:generateDebugResources
:sampleapp:mergeDebugResources
:sampleapp:processDebugManifest
:sampleapp:processDebugResources
:sampleapp:generateDebugSources
:sampleapp:incrementalDebugJavaCompilationSafeguard
:sampleapp:compileDebugJavaWithJavac
:sampleapp:compileDebugJavaWithJavac - is not incremental (e.g. outputs have changed, no previous execution, etc.).
Note: /tmp/rdisk/2119/src/sampleapp/src/main/java/com/bignerdranch/expandablerecyclerviewsample/linear/horizontal/HorizontalLinearRecyclerViewSampleActivity.java uses unchecked or unsafe operations.
Note: Recompile with -Xlint:unchecked for details.
:sampleapp:compileDebugNdk UP-TO-DATE
:sampleapp:compileDebugSources
:sampleapp:mergeDebugShaders
:sampleapp:compileDebugShaders
:sampleapp:generateDebugAssets
:sampleapp:mergeDebugAssets
:sampleapp:transformClassesWithDexForDebug
:sampleapp:mergeDebugJniLibFolders
:sampleapp:transformNative_libsWithMergeJniLibsForDebug
:sampleapp:processDebugJavaRes UP-TO-DATE
:sampleapp:transformResourcesWithMergeJavaResForDebug
:sampleapp:validateSigningDebug
:sampleapp:packageDebug
:sampleapp:assembleDebug
:sampleapp:checkReleaseManifest
:sampleapp:prepareReleaseDependencies
:sampleapp:compileReleaseAidl
:sampleapp:compileReleaseRenderscript
:sampleapp:generateReleaseBuildConfig
:sampleapp:generateReleaseResValues
:sampleapp:generateReleaseResources
:sampleapp:mergeReleaseResources
:sampleapp:processReleaseManifest
:sampleapp:processReleaseResources
:sampleapp:generateReleaseSources
:sampleapp:incrementalReleaseJavaCompilationSafeguard
:sampleapp:compileReleaseJavaWithJavac
:sampleapp:compileReleaseJavaWithJavac - is not incremental (e.g. outputs have changed, no previous execution, etc.).
Note: /tmp/rdisk/2119/src/sampleapp/src/main/java/com/bignerdranch/expandablerecyclerviewsample/linear/horizontal/HorizontalLinearRecyclerViewSampleActivity.java uses unchecked or unsafe operations.
Note: Recompile with -Xlint:unchecked for details.
:sampleapp:compileReleaseNdk UP-TO-DATE
:sampleapp:compileReleaseSources
:sampleapp:lintVitalRelease
:sampleapp:mergeReleaseShaders
:sampleapp:compileReleaseShaders
:sampleapp:generateReleaseAssets
:sampleapp:mergeReleaseAssets
:sampleapp:transformClassesWithDexForRelease
:sampleapp:mergeReleaseJniLibFolders
:sampleapp:transformNative_libsWithMergeJniLibsForRelease
:sampleapp:processReleaseJavaRes UP-TO-DATE
:sampleapp:transformResourcesWithMergeJavaResForRelease
:sampleapp:packageRelease
:sampleapp:assembleRelease
:sampleapp:assemble
:sampleapp:lint
Ran lint on variant release: 46 issues found
Ran lint on variant debug: 46 issues found
Wrote HTML report to file:///tmp/rdisk/2119/src/sampleapp/build/outputs/lint-results-debug.html
Wrote XML report to file:///tmp/rdisk/2119/src/sampleapp/build/outputs/lint-results-debug.xml
:sampleapp:incrementalDebugUnitTestJavaCompilationSafeguard UP-TO-DATE
:sampleapp:preDebugUnitTestBuild UP-TO-DATE
:sampleapp:prepareDebugUnitTestDependencies
:sampleapp:compileDebugUnitTestJavaWithJavac UP-TO-DATE
:sampleapp:processDebugUnitTestJavaRes UP-TO-DATE
:sampleapp:compileDebugUnitTestSources UP-TO-DATE
:sampleapp:mockableAndroidJar
:sampleapp:assembleDebugUnitTest
:sampleapp:testDebugUnitTest UP-TO-DATE
:sampleapp:incrementalReleaseUnitTestJavaCompilationSafeguard UP-TO-DATE
:sampleapp:preReleaseUnitTestBuild UP-TO-DATE
:sampleapp:prepareReleaseUnitTestDependencies
:sampleapp:compileReleaseUnitTestJavaWithJavac UP-TO-DATE
:sampleapp:processReleaseUnitTestJavaRes UP-TO-DATE
:sampleapp:compileReleaseUnitTestSources UP-TO-DATE
:sampleapp:assembleReleaseUnitTest
:sampleapp:testReleaseUnitTest UP-TO-DATE
:sampleapp:test UP-TO-DATE
:sampleapp:check
:sampleapp:build

BUILD SUCCESSFUL

Total time: 35.581 secs

2018-04-03 19:00:15,789 INFO  FullProcessService - Found APK file: /tmp/rdisk/2119/src/sampleapp/build/outputs/apk/sampleapp-release-unsigned.apk
