2018-04-03 19:23:28,194 INFO  DownloadService - Downloading "https://github.com/williamwebb/saber/archive/master.zip", attempt 3
2018-04-03 19:24:28,656 INFO  GithubDownloadService - Could not find ZIP archive for master branch
2018-04-03 19:24:29,434 INFO  GithubDownloadService - Default branch of this repository: master
2018-04-03 19:24:29,435 INFO  DownloadService - Downloading "https://github.com/williamwebb/saber/archive/master.zip", attempt 3
2018-04-03 19:25:30,740 DEBUG FullProcessService - Repository https://github.com/williamwebb/saber available: true
2018-04-03 19:25:30,740 INFO  FullProcessService - Could not download ZIP file from Github, lets clone it
2018-04-03 19:25:30,740 INFO  SysUtils - Execute command: [git, clone, -q, --single-branch, --depth, 1, https://github.com/williamwebb/saber, /tmp/rdisk/2110/src]
2018-04-03 19:25:32,191 INFO  SysUtils - 
2018-04-03 19:25:32,196 INFO  GitService - Deleted "/tmp/rdisk/2110/src/.git": true
2018-04-03 19:25:32,199 INFO  FullProcessService - Size of directory with sources: 125 KB
2018-04-03 19:25:32,199 INFO  SysUtils - Execute command: [git, init, /tmp/rdisk/2110/src]
2018-04-03 19:25:32,203 INFO  SysUtils - Initialized empty Git repository in /tmp/rdisk/2110/src/.git/

2018-04-03 19:25:32,207 INFO  ProjectBuildService - Gradle wrapper(s): none
2018-04-03 19:25:32,207 ERROR ProjectBuildService - Could not detect Gradle wrapper. Default Gradle installation will be used
2018-04-03 19:25:32,210 INFO  ProjectBuildService - Build script(s): /tmp/rdisk/2110/src/saber-runtime/build.gradle /tmp/rdisk/2110/src/saber-sample/build.gradle /tmp/rdisk/2110/src/build.gradle /tmp/rdisk/2110/src/saber-annotations/build.gradle /tmp/rdisk/2110/src/saber-compiler/build.gradle
2018-04-03 19:25:32,213 INFO  ProjectBuildService - All script(s): /tmp/rdisk/2110/src/settings.gradle /tmp/rdisk/2110/src/saber-sample/build.gradle /tmp/rdisk/2110/src/saber-runtime/build.gradle /tmp/rdisk/2110/src/saber-compiler/build.gradle /tmp/rdisk/2110/src/saber-annotations/build.gradle /tmp/rdisk/2110/src/gradle/gradle-mvn-push.gradle /tmp/rdisk/2110/src/build.gradle
2018-04-03 19:25:32,214 INFO  ProjectBuildService - Remote scripts: none
2018-04-03 19:25:32,214 INFO  ProjectFixService - Fixing project...
2018-04-03 19:25:32,224 INFO  LocalPropertiesFixService - Created fake /tmp/rdisk/2110/src/saber-runtime/local.properties
2018-04-03 19:25:32,229 INFO  ProjectFixService - Build info for "/tmp/rdisk/2110/src/saber-runtime/build.gradle": [buildToolsVersion=23.0.2,compileSdkVersion=23,minSdkVersion=14,targetSdkVersion=23]
2018-04-03 19:25:32,229 INFO  LocalPropertiesFixService - Created fake /tmp/rdisk/2110/src/saber-sample/local.properties
2018-04-03 19:25:32,234 INFO  ProjectFixService - Build info for "/tmp/rdisk/2110/src/saber-sample/build.gradle": [buildToolsVersion=23.0.2,compileSdkVersion=23,minSdkVersion=14,targetSdkVersion=23]
2018-04-03 19:25:32,235 INFO  LocalPropertiesFixService - Created fake /tmp/rdisk/2110/src/local.properties
2018-04-03 19:25:32,235 INFO  ProjectFixService - Build info for "/tmp/rdisk/2110/src/build.gradle": [buildToolsVersion=23.0.2,compileSdkVersion=23,minSdkVersion=14,targetSdkVersion=23]
2018-04-03 19:25:32,235 INFO  LocalPropertiesFixService - Created fake /tmp/rdisk/2110/src/saber-annotations/local.properties
2018-04-03 19:25:32,241 INFO  ProjectFixService - Build info for "/tmp/rdisk/2110/src/saber-annotations/build.gradle": [buildToolsVersion=23.0.2,compileSdkVersion=23,minSdkVersion=14,targetSdkVersion=23]
2018-04-03 19:25:32,241 INFO  LocalPropertiesFixService - Created fake /tmp/rdisk/2110/src/saber-compiler/local.properties
2018-04-03 19:25:32,246 INFO  ProjectFixService - Build info for "/tmp/rdisk/2110/src/saber-compiler/build.gradle": [buildToolsVersion=23.0.2,compileSdkVersion=23,minSdkVersion=14,targetSdkVersion=23]
2018-04-03 19:25:32,246 INFO  ProjectFixService - Project was maybe fixed
2018-04-03 19:25:32,246 INFO  ProjectTaskService - Detecting possible tasks...
2018-04-03 19:25:32,246 INFO  SysUtils - Execute command: [gradle, -b, /tmp/rdisk/2110/src/saber-runtime/build.gradle, -Dorg.gradle.daemon=false, -Dorg.gradle.daemon.performance.enable-monitoring=false, -Dorg.gradle.configureondemand=true, tasks]
2018-04-03 19:25:37,775 ERROR ProjectTaskService - Could not detect possible Gradle tasks: Process exited with an error: 1 (Exit value: 1)
2018-04-03 19:25:37,775 INFO  ProjectTaskService - Detected possible tasks: 0
2018-04-03 19:25:37,775 INFO  ProjectTaskService - Excluded tasks (0): none
2018-04-03 19:25:37,775 INFO  SysUtils - Execute command: [gradle, -b, /tmp/rdisk/2110/src/saber-runtime/build.gradle, -Dorg.gradle.daemon=false, -Dorg.gradle.daemon.performance.enable-monitoring=false, -Dorg.gradle.configureondemand=true, --stacktrace, build]
2018-04-03 19:25:40,977 ERROR SysUtils - Could not process external command
org.apache.commons.exec.ExecuteException: Process exited with an error: 1 (Exit value: 1)
	at org.apache.commons.exec.DefaultExecutor.executeInternal(DefaultExecutor.java:404)
	at org.apache.commons.exec.DefaultExecutor.execute(DefaultExecutor.java:166)
	at com.github.vbauer.apkmaster.util.SysUtils.execute(SysUtils.java:67)
	at com.github.vbauer.apkmaster.util.SysUtils.executeSimple(SysUtils.java:43)
	at com.github.vbauer.apkmaster.service.assembly.ProjectBuildService.buildProject(ProjectBuildService.java:78)
	at com.github.vbauer.apkmaster.service.assembly.ProjectBuildService.buildProject(ProjectBuildService.java:64)
	at com.github.vbauer.apkmaster.service.assembly.ProjectBuildService.buildProject(ProjectBuildService.java:43)
	at com.github.vbauer.apkmaster.service.FullProcessService.build(FullProcessService.java:84)
	at com.github.vbauer.apkmaster.service.FullProcessService.process(FullProcessService.java:34)
	at com.github.vbauer.apkmaster.app.MainApplication.process(MainApplication.java:38)
	at com.github.vbauer.apkmaster.app.MainApplication.main(MainApplication.java:20)
	at sun.reflect.GeneratedMethodAccessor8.invoke(Unknown Source)
	at sun.reflect.DelegatingMethodAccessorImpl.invoke(DelegatingMethodAccessorImpl.java:43)
	at java.lang.reflect.Method.invoke(Method.java:498)
	at com.android.arsenal.util.ReflectionUtils.invoke(ReflectionUtils.java:42)
	at com.android.arsenal.util.ApkMasterUtils.main(ApkMasterUtils.java:30)
	at com.android.arsenal.service.processor.impl.BuildProcessorServiceImpl.buildProject(BuildProcessorServiceImpl.java:197)
	at com.android.arsenal.service.processor.impl.BuildProcessorServiceImpl.build(BuildProcessorServiceImpl.java:131)
	at com.android.arsenal.service.processor.impl.BuildProcessorServiceImpl.lambda$null$1(BuildProcessorServiceImpl.java:114)
	at java.util.concurrent.FutureTask.run(FutureTask.java:266)
	at java.util.concurrent.Executors$RunnableAdapter.call(Executors.java:511)
	at java.util.concurrent.FutureTask.run(FutureTask.java:266)
	at java.util.concurrent.ThreadPoolExecutor.runWorker(ThreadPoolExecutor.java:1149)
	at java.util.concurrent.ThreadPoolExecutor$Worker.run(ThreadPoolExecutor.java:624)
	at java.lang.Thread.run(Thread.java:748)
2018-04-03 19:25:40,978 INFO  SysUtils - Configuration on demand is an incubating feature.

FAILURE: Build failed with an exception.

* Where:
Build file '/tmp/rdisk/2110/src/saber-runtime/build.gradle' line: 1

* What went wrong:
A problem occurred evaluating project ':saber-runtime'.
> Failed to apply plugin [id 'com.android.library']
   > Gradle version 2.2 is required. Current version is 3.5. If using the gradle wrapper, try editing the distributionUrl in /root/Documents/workspace/java/bloodhound/gradle/wrapper/gradle-wrapper.properties to gradle-2.2-all.zip

* Try:
Run with --info or --debug option to get more log output.

* Exception is:
org.gradle.api.GradleScriptException: A problem occurred evaluating project ':saber-runtime'.
	at org.gradle.groovy.scripts.internal.DefaultScriptRunnerFactory$ScriptRunnerImpl.run(DefaultScriptRunnerFactory.java:92)
	at org.gradle.configuration.DefaultScriptPluginFactory$ScriptPluginImpl$2.run(DefaultScriptPluginFactory.java:176)
	at org.gradle.configuration.ProjectScriptTarget.addConfiguration(ProjectScriptTarget.java:77)
	at org.gradle.configuration.DefaultScriptPluginFactory$ScriptPluginImpl.apply(DefaultScriptPluginFactory.java:181)
	at org.gradle.configuration.project.BuildScriptProcessor.execute(BuildScriptProcessor.java:39)
	at org.gradle.configuration.project.BuildScriptProcessor.execute(BuildScriptProcessor.java:26)
	at org.gradle.configuration.project.ConfigureActionsProjectEvaluator.evaluate(ConfigureActionsProjectEvaluator.java:34)
	at org.gradle.configuration.project.LifecycleProjectEvaluator.doConfigure(LifecycleProjectEvaluator.java:70)
	at org.gradle.configuration.project.LifecycleProjectEvaluator.access$000(LifecycleProjectEvaluator.java:33)
	at org.gradle.configuration.project.LifecycleProjectEvaluator$1.execute(LifecycleProjectEvaluator.java:53)
	at org.gradle.configuration.project.LifecycleProjectEvaluator$1.execute(LifecycleProjectEvaluator.java:50)
	at org.gradle.internal.Transformers$4.transform(Transformers.java:169)
	at org.gradle.internal.progress.DefaultBuildOperationExecutor.run(DefaultBuildOperationExecutor.java:106)
	at org.gradle.internal.progress.DefaultBuildOperationExecutor.run(DefaultBuildOperationExecutor.java:61)
	at org.gradle.configuration.project.LifecycleProjectEvaluator.evaluate(LifecycleProjectEvaluator.java:50)
	at org.gradle.api.internal.project.DefaultProject.evaluate(DefaultProject.java:648)
	at org.gradle.api.internal.project.DefaultProject.evaluate(DefaultProject.java:126)
	at org.gradle.execution.TaskPathProjectEvaluator.configure(TaskPathProjectEvaluator.java:35)
	at org.gradle.execution.TaskPathProjectEvaluator.configureHierarchy(TaskPathProjectEvaluator.java:60)
	at org.gradle.execution.TaskSelector.getSelection(TaskSelector.java:100)
	at org.gradle.execution.TaskSelector.getSelection(TaskSelector.java:81)
	at org.gradle.execution.commandline.CommandLineTaskParser.parseTasks(CommandLineTaskParser.java:42)
	at org.gradle.execution.TaskNameResolvingBuildConfigurationAction.configure(TaskNameResolvingBuildConfigurationAction.java:44)
	at org.gradle.execution.DefaultBuildConfigurationActionExecuter.configure(DefaultBuildConfigurationActionExecuter.java:48)
	at org.gradle.execution.DefaultBuildConfigurationActionExecuter.access$000(DefaultBuildConfigurationActionExecuter.java:25)
	at org.gradle.execution.DefaultBuildConfigurationActionExecuter$1.proceed(DefaultBuildConfigurationActionExecuter.java:54)
	at org.gradle.execution.DefaultTasksBuildExecutionAction.configure(DefaultTasksBuildExecutionAction.java:44)
	at org.gradle.execution.DefaultBuildConfigurationActionExecuter.configure(DefaultBuildConfigurationActionExecuter.java:48)
	at org.gradle.execution.DefaultBuildConfigurationActionExecuter.access$000(DefaultBuildConfigurationActionExecuter.java:25)
	at org.gradle.execution.DefaultBuildConfigurationActionExecuter$1.proceed(DefaultBuildConfigurationActionExecuter.java:54)
	at org.gradle.execution.ExcludedTaskFilteringBuildConfigurationAction.configure(ExcludedTaskFilteringBuildConfigurationAction.java:47)
	at org.gradle.execution.DefaultBuildConfigurationActionExecuter.configure(DefaultBuildConfigurationActionExecuter.java:48)
	at org.gradle.execution.DefaultBuildConfigurationActionExecuter.select(DefaultBuildConfigurationActionExecuter.java:36)
	at org.gradle.initialization.DefaultGradleLauncher$CalculateTaskGraphAction.execute(DefaultGradleLauncher.java:220)
	at org.gradle.initialization.DefaultGradleLauncher$CalculateTaskGraphAction.execute(DefaultGradleLauncher.java:217)
	at org.gradle.internal.Transformers$4.transform(Transformers.java:169)
	at org.gradle.internal.progress.DefaultBuildOperationExecutor.run(DefaultBuildOperationExecutor.java:106)
	at org.gradle.internal.progress.DefaultBuildOperationExecutor.run(DefaultBuildOperationExecutor.java:56)
	at org.gradle.initialization.DefaultGradleLauncher.doBuildStages(DefaultGradleLauncher.java:158)
	at org.gradle.initialization.DefaultGradleLauncher.doBuild(DefaultGradleLauncher.java:112)
	at org.gradle.initialization.DefaultGradleLauncher.run(DefaultGradleLauncher.java:95)
	at org.gradle.launcher.exec.GradleBuildController.run(GradleBuildController.java:66)
	at org.gradle.tooling.internal.provider.ExecuteBuildActionRunner.run(ExecuteBuildActionRunner.java:28)
	at org.gradle.launcher.exec.ChainingBuildActionRunner.run(ChainingBuildActionRunner.java:35)
	at org.gradle.launcher.exec.InProcessBuildActionExecuter.execute(InProcessBuildActionExecuter.java:41)
	at org.gradle.launcher.exec.InProcessBuildActionExecuter.execute(InProcessBuildActionExecuter.java:26)
	at org.gradle.tooling.internal.provider.ContinuousBuildActionExecuter.execute(ContinuousBuildActionExecuter.java:75)
	at org.gradle.tooling.internal.provider.ContinuousBuildActionExecuter.execute(ContinuousBuildActionExecuter.java:49)
	at org.gradle.tooling.internal.provider.ServicesSetupBuildActionExecuter.execute(ServicesSetupBuildActionExecuter.java:49)
	at org.gradle.tooling.internal.provider.ServicesSetupBuildActionExecuter.execute(ServicesSetupBuildActionExecuter.java:31)
	at org.gradle.launcher.cli.RunBuildAction.run(RunBuildAction.java:51)
	at org.gradle.internal.Actions$RunnableActionAdapter.execute(Actions.java:173)
	at org.gradle.launcher.cli.CommandLineActionFactory$ParseAndBuildAction.execute(CommandLineActionFactory.java:281)
	at org.gradle.launcher.cli.CommandLineActionFactory$ParseAndBuildAction.execute(CommandLineActionFactory.java:254)
	at org.gradle.launcher.cli.JavaRuntimeValidationAction.execute(JavaRuntimeValidationAction.java:33)
	at org.gradle.launcher.cli.JavaRuntimeValidationAction.execute(JavaRuntimeValidationAction.java:24)
	at org.gradle.launcher.cli.ExceptionReportingAction.execute(ExceptionReportingAction.java:33)
	at org.gradle.launcher.cli.ExceptionReportingAction.execute(ExceptionReportingAction.java:22)
	at org.gradle.launcher.cli.CommandLineActionFactory$WithLogging.execute(CommandLineActionFactory.java:247)
	at org.gradle.launcher.cli.CommandLineActionFactory$WithLogging.execute(CommandLineActionFactory.java:182)
	at org.gradle.launcher.Main.doAction(Main.java:33)
	at org.gradle.launcher.bootstrap.EntryPoint.run(EntryPoint.java:45)
	at org.gradle.launcher.bootstrap.ProcessBootstrap.runNoExit(ProcessBootstrap.java:60)
	at org.gradle.launcher.bootstrap.ProcessBootstrap.run(ProcessBootstrap.java:37)
	at org.gradle.launcher.GradleMain.main(GradleMain.java:23)
Caused by: org.gradle.api.internal.plugins.PluginApplicationException: Failed to apply plugin [id 'com.android.library']
	at org.gradle.api.internal.plugins.DefaultPluginManager.doApply(DefaultPluginManager.java:156)
	at org.gradle.api.internal.plugins.DefaultPluginManager.apply(DefaultPluginManager.java:113)
	at org.gradle.api.internal.plugins.DefaultObjectConfigurationAction.applyType(DefaultObjectConfigurationAction.java:113)
	at org.gradle.api.internal.plugins.DefaultObjectConfigurationAction.access$200(DefaultObjectConfigurationAction.java:36)
	at org.gradle.api.internal.plugins.DefaultObjectConfigurationAction$3.run(DefaultObjectConfigurationAction.java:80)
	at org.gradle.api.internal.plugins.DefaultObjectConfigurationAction.execute(DefaultObjectConfigurationAction.java:136)
	at org.gradle.api.internal.project.AbstractPluginAware.apply(AbstractPluginAware.java:44)
	at org.gradle.api.internal.project.ProjectScript.apply(ProjectScript.java:34)
	at org.gradle.api.Script$apply.callCurrent(Unknown Source)
	at build_em0dajwyidhhuvedke3u82qod.run(/tmp/rdisk/2110/src/saber-runtime/build.gradle:1)
	at org.gradle.groovy.scripts.internal.DefaultScriptRunnerFactory$ScriptRunnerImpl.run(DefaultScriptRunnerFactory.java:90)
	... 64 more
Caused by: org.gradle.tooling.BuildException: Gradle version 2.2 is required. Current version is 3.5. If using the gradle wrapper, try editing the distributionUrl in /root/Documents/workspace/java/bloodhound/gradle/wrapper/gradle-wrapper.properties to gradle-2.2-all.zip
	at com.android.build.gradle.BasePlugin.checkGradleVersion(BasePlugin.java:591)
	at com.android.build.gradle.BasePlugin.configureProject(BasePlugin.java:343)
	at com.android.build.gradle.BasePlugin$1.call(BasePlugin.java:318)
	at com.android.build.gradle.BasePlugin$1.call(BasePlugin.java:315)
	at com.android.builder.profile.ThreadRecorder$1.record(ThreadRecorder.java:55)
	at com.android.builder.profile.ThreadRecorder$1.record(ThreadRecorder.java:47)
	at com.android.build.gradle.BasePlugin.apply(BasePlugin.java:314)
	at com.android.build.gradle.LibraryPlugin.super$2$apply(LibraryPlugin.groovy)
	at com.android.build.gradle.LibraryPlugin.apply(LibraryPlugin.groovy:89)
	at com.android.build.gradle.LibraryPlugin.apply(LibraryPlugin.groovy)
	at org.gradle.api.internal.plugins.ImperativeOnlyPluginApplicator.applyImperative(ImperativeOnlyPluginApplicator.java:35)
	at org.gradle.api.internal.plugins.RuleBasedPluginApplicator.applyImperative(RuleBasedPluginApplicator.java:43)
	at org.gradle.api.internal.plugins.DefaultPluginManager.doApply(DefaultPluginManager.java:140)
	... 74 more


BUILD FAILED

Total time: 3.094 secs

2018-04-03 19:25:40,982 INFO  ProjectTaskService - Detecting possible tasks...
2018-04-03 19:25:40,982 INFO  SysUtils - Execute command: [gradle, -b, /tmp/rdisk/2110/src/saber-sample/build.gradle, -Dorg.gradle.daemon=false, -Dorg.gradle.daemon.performance.enable-monitoring=false, -Dorg.gradle.configureondemand=true, tasks]
2018-04-03 19:25:43,809 ERROR ProjectTaskService - Could not detect possible Gradle tasks: Process exited with an error: 1 (Exit value: 1)
2018-04-03 19:25:43,809 INFO  ProjectTaskService - Detected possible tasks: 0
2018-04-03 19:25:43,809 INFO  ProjectTaskService - Excluded tasks (0): none
2018-04-03 19:25:43,809 INFO  SysUtils - Execute command: [gradle, -b, /tmp/rdisk/2110/src/saber-sample/build.gradle, -Dorg.gradle.daemon=false, -Dorg.gradle.daemon.performance.enable-monitoring=false, -Dorg.gradle.configureondemand=true, --stacktrace, build]
2018-04-03 19:25:46,094 ERROR SysUtils - Could not process external command
org.apache.commons.exec.ExecuteException: Process exited with an error: 1 (Exit value: 1)
	at org.apache.commons.exec.DefaultExecutor.executeInternal(DefaultExecutor.java:404)
	at org.apache.commons.exec.DefaultExecutor.execute(DefaultExecutor.java:166)
	at com.github.vbauer.apkmaster.util.SysUtils.execute(SysUtils.java:67)
	at com.github.vbauer.apkmaster.util.SysUtils.executeSimple(SysUtils.java:43)
	at com.github.vbauer.apkmaster.service.assembly.ProjectBuildService.buildProject(ProjectBuildService.java:78)
	at com.github.vbauer.apkmaster.service.assembly.ProjectBuildService.buildProject(ProjectBuildService.java:64)
	at com.github.vbauer.apkmaster.service.assembly.ProjectBuildService.buildProject(ProjectBuildService.java:43)
	at com.github.vbauer.apkmaster.service.FullProcessService.build(FullProcessService.java:84)
	at com.github.vbauer.apkmaster.service.FullProcessService.process(FullProcessService.java:34)
	at com.github.vbauer.apkmaster.app.MainApplication.process(MainApplication.java:38)
	at com.github.vbauer.apkmaster.app.MainApplication.main(MainApplication.java:20)
	at sun.reflect.GeneratedMethodAccessor8.invoke(Unknown Source)
	at sun.reflect.DelegatingMethodAccessorImpl.invoke(DelegatingMethodAccessorImpl.java:43)
	at java.lang.reflect.Method.invoke(Method.java:498)
	at com.android.arsenal.util.ReflectionUtils.invoke(ReflectionUtils.java:42)
	at com.android.arsenal.util.ApkMasterUtils.main(ApkMasterUtils.java:30)
	at com.android.arsenal.service.processor.impl.BuildProcessorServiceImpl.buildProject(BuildProcessorServiceImpl.java:197)
	at com.android.arsenal.service.processor.impl.BuildProcessorServiceImpl.build(BuildProcessorServiceImpl.java:131)
	at com.android.arsenal.service.processor.impl.BuildProcessorServiceImpl.lambda$null$1(BuildProcessorServiceImpl.java:114)
	at java.util.concurrent.FutureTask.run(FutureTask.java:266)
	at java.util.concurrent.Executors$RunnableAdapter.call(Executors.java:511)
	at java.util.concurrent.FutureTask.run(FutureTask.java:266)
	at java.util.concurrent.ThreadPoolExecutor.runWorker(ThreadPoolExecutor.java:1149)
	at java.util.concurrent.ThreadPoolExecutor$Worker.run(ThreadPoolExecutor.java:624)
	at java.lang.Thread.run(Thread.java:748)
2018-04-03 19:25:46,094 INFO  SysUtils - Configuration on demand is an incubating feature.

FAILURE: Build failed with an exception.

* Where:
Build file '/tmp/rdisk/2110/src/saber-sample/build.gradle' line: 1

* What went wrong:
A problem occurred evaluating root project 'saber-sample'.
> Plugin with id 'com.android.application' not found.

* Try:
Run with --info or --debug option to get more log output.

* Exception is:
org.gradle.api.GradleScriptException: A problem occurred evaluating root project 'saber-sample'.
	at org.gradle.groovy.scripts.internal.DefaultScriptRunnerFactory$ScriptRunnerImpl.run(DefaultScriptRunnerFactory.java:92)
	at org.gradle.configuration.DefaultScriptPluginFactory$ScriptPluginImpl$2.run(DefaultScriptPluginFactory.java:176)
	at org.gradle.configuration.ProjectScriptTarget.addConfiguration(ProjectScriptTarget.java:77)
	at org.gradle.configuration.DefaultScriptPluginFactory$ScriptPluginImpl.apply(DefaultScriptPluginFactory.java:181)
	at org.gradle.configuration.project.BuildScriptProcessor.execute(BuildScriptProcessor.java:39)
	at org.gradle.configuration.project.BuildScriptProcessor.execute(BuildScriptProcessor.java:26)
	at org.gradle.configuration.project.ConfigureActionsProjectEvaluator.evaluate(ConfigureActionsProjectEvaluator.java:34)
	at org.gradle.configuration.project.LifecycleProjectEvaluator.doConfigure(LifecycleProjectEvaluator.java:70)
	at org.gradle.configuration.project.LifecycleProjectEvaluator.access$000(LifecycleProjectEvaluator.java:33)
	at org.gradle.configuration.project.LifecycleProjectEvaluator$1.execute(LifecycleProjectEvaluator.java:53)
	at org.gradle.configuration.project.LifecycleProjectEvaluator$1.execute(LifecycleProjectEvaluator.java:50)
	at org.gradle.internal.Transformers$4.transform(Transformers.java:169)
	at org.gradle.internal.progress.DefaultBuildOperationExecutor.run(DefaultBuildOperationExecutor.java:106)
	at org.gradle.internal.progress.DefaultBuildOperationExecutor.run(DefaultBuildOperationExecutor.java:61)
	at org.gradle.configuration.project.LifecycleProjectEvaluator.evaluate(LifecycleProjectEvaluator.java:50)
	at org.gradle.api.internal.project.DefaultProject.evaluate(DefaultProject.java:648)
	at org.gradle.api.internal.project.DefaultProject.evaluate(DefaultProject.java:126)
	at org.gradle.execution.TaskPathProjectEvaluator.configure(TaskPathProjectEvaluator.java:35)
	at org.gradle.configuration.DefaultBuildConfigurer.configure(DefaultBuildConfigurer.java:36)
	at org.gradle.initialization.DefaultGradleLauncher$ConfigureBuildAction.execute(DefaultGradleLauncher.java:207)
	at org.gradle.initialization.DefaultGradleLauncher$ConfigureBuildAction.execute(DefaultGradleLauncher.java:204)
	at org.gradle.internal.Transformers$4.transform(Transformers.java:169)
	at org.gradle.internal.progress.DefaultBuildOperationExecutor.run(DefaultBuildOperationExecutor.java:106)
	at org.gradle.internal.progress.DefaultBuildOperationExecutor.run(DefaultBuildOperationExecutor.java:56)
	at org.gradle.initialization.DefaultGradleLauncher.doBuildStages(DefaultGradleLauncher.java:146)
	at org.gradle.initialization.DefaultGradleLauncher.doBuild(DefaultGradleLauncher.java:112)
	at org.gradle.initialization.DefaultGradleLauncher.run(DefaultGradleLauncher.java:95)
	at org.gradle.launcher.exec.GradleBuildController.run(GradleBuildController.java:66)
	at org.gradle.tooling.internal.provider.ExecuteBuildActionRunner.run(ExecuteBuildActionRunner.java:28)
	at org.gradle.launcher.exec.ChainingBuildActionRunner.run(ChainingBuildActionRunner.java:35)
	at org.gradle.launcher.exec.InProcessBuildActionExecuter.execute(InProcessBuildActionExecuter.java:41)
	at org.gradle.launcher.exec.InProcessBuildActionExecuter.execute(InProcessBuildActionExecuter.java:26)
	at org.gradle.tooling.internal.provider.ContinuousBuildActionExecuter.execute(ContinuousBuildActionExecuter.java:75)
	at org.gradle.tooling.internal.provider.ContinuousBuildActionExecuter.execute(ContinuousBuildActionExecuter.java:49)
	at org.gradle.tooling.internal.provider.ServicesSetupBuildActionExecuter.execute(ServicesSetupBuildActionExecuter.java:49)
	at org.gradle.tooling.internal.provider.ServicesSetupBuildActionExecuter.execute(ServicesSetupBuildActionExecuter.java:31)
	at org.gradle.launcher.cli.RunBuildAction.run(RunBuildAction.java:51)
	at org.gradle.internal.Actions$RunnableActionAdapter.execute(Actions.java:173)
	at org.gradle.launcher.cli.CommandLineActionFactory$ParseAndBuildAction.execute(CommandLineActionFactory.java:281)
	at org.gradle.launcher.cli.CommandLineActionFactory$ParseAndBuildAction.execute(CommandLineActionFactory.java:254)
	at org.gradle.launcher.cli.JavaRuntimeValidationAction.execute(JavaRuntimeValidationAction.java:33)
	at org.gradle.launcher.cli.JavaRuntimeValidationAction.execute(JavaRuntimeValidationAction.java:24)
	at org.gradle.launcher.cli.ExceptionReportingAction.execute(ExceptionReportingAction.java:33)
	at org.gradle.launcher.cli.ExceptionReportingAction.execute(ExceptionReportingAction.java:22)
	at org.gradle.launcher.cli.CommandLineActionFactory$WithLogging.execute(CommandLineActionFactory.java:247)
	at org.gradle.launcher.cli.CommandLineActionFactory$WithLogging.execute(CommandLineActionFactory.java:182)
	at org.gradle.launcher.Main.doAction(Main.java:33)
	at org.gradle.launcher.bootstrap.EntryPoint.run(EntryPoint.java:45)
	at org.gradle.launcher.bootstrap.ProcessBootstrap.runNoExit(ProcessBootstrap.java:60)
	at org.gradle.launcher.bootstrap.ProcessBootstrap.run(ProcessBootstrap.java:37)
	at org.gradle.launcher.GradleMain.main(GradleMain.java:23)
Caused by: org.gradle.api.plugins.UnknownPluginException: Plugin with id 'com.android.application' not found.
	at org.gradle.api.internal.plugins.DefaultPluginManager.apply(DefaultPluginManager.java:111)
	at org.gradle.api.internal.plugins.DefaultObjectConfigurationAction.applyType(DefaultObjectConfigurationAction.java:113)
	at org.gradle.api.internal.plugins.DefaultObjectConfigurationAction.access$200(DefaultObjectConfigurationAction.java:36)
	at org.gradle.api.internal.plugins.DefaultObjectConfigurationAction$3.run(DefaultObjectConfigurationAction.java:80)
	at org.gradle.api.internal.plugins.DefaultObjectConfigurationAction.execute(DefaultObjectConfigurationAction.java:136)
	at org.gradle.api.internal.project.AbstractPluginAware.apply(AbstractPluginAware.java:44)
	at org.gradle.api.internal.project.ProjectScript.apply(ProjectScript.java:34)
	at org.gradle.api.Script$apply.callCurrent(Unknown Source)
	at build_wnih14eyb5sg9ihm39raja66.run(/tmp/rdisk/2110/src/saber-sample/build.gradle:1)
	at org.gradle.groovy.scripts.internal.DefaultScriptRunnerFactory$ScriptRunnerImpl.run(DefaultScriptRunnerFactory.java:90)
	... 50 more


BUILD FAILED

Total time: 2.177 secs

2018-04-03 19:25:46,097 INFO  ProjectTaskService - Detecting possible tasks...
2018-04-03 19:25:46,097 INFO  SysUtils - Execute command: [gradle, -b, /tmp/rdisk/2110/src/build.gradle, -Dorg.gradle.daemon=false, -Dorg.gradle.daemon.performance.enable-monitoring=false, -Dorg.gradle.configureondemand=true, tasks]
2018-04-03 19:25:54,623 ERROR ProjectTaskService - Could not detect possible Gradle tasks: Process exited with an error: 1 (Exit value: 1)
2018-04-03 19:25:54,623 INFO  ProjectTaskService - Detected possible tasks: 0
2018-04-03 19:25:54,623 INFO  ProjectTaskService - Excluded tasks (0): none
2018-04-03 19:25:54,623 INFO  SysUtils - Execute command: [gradle, -b, /tmp/rdisk/2110/src/build.gradle, -Dorg.gradle.daemon=false, -Dorg.gradle.daemon.performance.enable-monitoring=false, -Dorg.gradle.configureondemand=true, --stacktrace, build]
2018-04-03 19:25:58,969 ERROR SysUtils - Could not process external command
org.apache.commons.exec.ExecuteException: Process exited with an error: 1 (Exit value: 1)
	at org.apache.commons.exec.DefaultExecutor.executeInternal(DefaultExecutor.java:404)
	at org.apache.commons.exec.DefaultExecutor.execute(DefaultExecutor.java:166)
	at com.github.vbauer.apkmaster.util.SysUtils.execute(SysUtils.java:67)
	at com.github.vbauer.apkmaster.util.SysUtils.executeSimple(SysUtils.java:43)
	at com.github.vbauer.apkmaster.service.assembly.ProjectBuildService.buildProject(ProjectBuildService.java:78)
	at com.github.vbauer.apkmaster.service.assembly.ProjectBuildService.buildProject(ProjectBuildService.java:64)
	at com.github.vbauer.apkmaster.service.assembly.ProjectBuildService.buildProject(ProjectBuildService.java:43)
	at com.github.vbauer.apkmaster.service.FullProcessService.build(FullProcessService.java:84)
	at com.github.vbauer.apkmaster.service.FullProcessService.process(FullProcessService.java:34)
	at com.github.vbauer.apkmaster.app.MainApplication.process(MainApplication.java:38)
	at com.github.vbauer.apkmaster.app.MainApplication.main(MainApplication.java:20)
	at sun.reflect.GeneratedMethodAccessor8.invoke(Unknown Source)
	at sun.reflect.DelegatingMethodAccessorImpl.invoke(DelegatingMethodAccessorImpl.java:43)
	at java.lang.reflect.Method.invoke(Method.java:498)
	at com.android.arsenal.util.ReflectionUtils.invoke(ReflectionUtils.java:42)
	at com.android.arsenal.util.ApkMasterUtils.main(ApkMasterUtils.java:30)
	at com.android.arsenal.service.processor.impl.BuildProcessorServiceImpl.buildProject(BuildProcessorServiceImpl.java:197)
	at com.android.arsenal.service.processor.impl.BuildProcessorServiceImpl.build(BuildProcessorServiceImpl.java:131)
	at com.android.arsenal.service.processor.impl.BuildProcessorServiceImpl.lambda$null$1(BuildProcessorServiceImpl.java:114)
	at java.util.concurrent.FutureTask.run(FutureTask.java:266)
	at java.util.concurrent.Executors$RunnableAdapter.call(Executors.java:511)
	at java.util.concurrent.FutureTask.run(FutureTask.java:266)
	at java.util.concurrent.ThreadPoolExecutor.runWorker(ThreadPoolExecutor.java:1149)
	at java.util.concurrent.ThreadPoolExecutor$Worker.run(ThreadPoolExecutor.java:624)
	at java.lang.Thread.run(Thread.java:748)
2018-04-03 19:25:58,969 INFO  SysUtils - Configuration on demand is an incubating feature.

FAILURE: Build failed with an exception.

* Where:
Build file '/tmp/rdisk/2110/src/saber-runtime/build.gradle' line: 1

* What went wrong:
A problem occurred evaluating project ':saber-runtime'.
> Failed to apply plugin [id 'com.android.library']
   > Gradle version 2.2 is required. Current version is 3.5. If using the gradle wrapper, try editing the distributionUrl in /root/Documents/workspace/java/bloodhound/gradle/wrapper/gradle-wrapper.properties to gradle-2.2-all.zip

* Try:
Run with --info or --debug option to get more log output.

* Exception is:
org.gradle.api.GradleScriptException: A problem occurred evaluating project ':saber-runtime'.
	at org.gradle.groovy.scripts.internal.DefaultScriptRunnerFactory$ScriptRunnerImpl.run(DefaultScriptRunnerFactory.java:92)
	at org.gradle.configuration.DefaultScriptPluginFactory$ScriptPluginImpl$2.run(DefaultScriptPluginFactory.java:176)
	at org.gradle.configuration.ProjectScriptTarget.addConfiguration(ProjectScriptTarget.java:77)
	at org.gradle.configuration.DefaultScriptPluginFactory$ScriptPluginImpl.apply(DefaultScriptPluginFactory.java:181)
	at org.gradle.configuration.project.BuildScriptProcessor.execute(BuildScriptProcessor.java:39)
	at org.gradle.configuration.project.BuildScriptProcessor.execute(BuildScriptProcessor.java:26)
	at org.gradle.configuration.project.ConfigureActionsProjectEvaluator.evaluate(ConfigureActionsProjectEvaluator.java:34)
	at org.gradle.configuration.project.LifecycleProjectEvaluator.doConfigure(LifecycleProjectEvaluator.java:70)
	at org.gradle.configuration.project.LifecycleProjectEvaluator.access$000(LifecycleProjectEvaluator.java:33)
	at org.gradle.configuration.project.LifecycleProjectEvaluator$1.execute(LifecycleProjectEvaluator.java:53)
	at org.gradle.configuration.project.LifecycleProjectEvaluator$1.execute(LifecycleProjectEvaluator.java:50)
	at org.gradle.internal.Transformers$4.transform(Transformers.java:169)
	at org.gradle.internal.progress.DefaultBuildOperationExecutor.run(DefaultBuildOperationExecutor.java:106)
	at org.gradle.internal.progress.DefaultBuildOperationExecutor.run(DefaultBuildOperationExecutor.java:61)
	at org.gradle.configuration.project.LifecycleProjectEvaluator.evaluate(LifecycleProjectEvaluator.java:50)
	at org.gradle.api.internal.project.DefaultProject.evaluate(DefaultProject.java:648)
	at org.gradle.api.internal.project.DefaultProject.evaluate(DefaultProject.java:126)
	at org.gradle.execution.TaskPathProjectEvaluator.configure(TaskPathProjectEvaluator.java:35)
	at org.gradle.execution.TaskPathProjectEvaluator.configureHierarchy(TaskPathProjectEvaluator.java:62)
	at org.gradle.execution.TaskSelector.getSelection(TaskSelector.java:100)
	at org.gradle.execution.TaskSelector.getSelection(TaskSelector.java:81)
	at org.gradle.execution.commandline.CommandLineTaskParser.parseTasks(CommandLineTaskParser.java:42)
	at org.gradle.execution.TaskNameResolvingBuildConfigurationAction.configure(TaskNameResolvingBuildConfigurationAction.java:44)
	at org.gradle.execution.DefaultBuildConfigurationActionExecuter.configure(DefaultBuildConfigurationActionExecuter.java:48)
	at org.gradle.execution.DefaultBuildConfigurationActionExecuter.access$000(DefaultBuildConfigurationActionExecuter.java:25)
	at org.gradle.execution.DefaultBuildConfigurationActionExecuter$1.proceed(DefaultBuildConfigurationActionExecuter.java:54)
	at org.gradle.execution.DefaultTasksBuildExecutionAction.configure(DefaultTasksBuildExecutionAction.java:44)
	at org.gradle.execution.DefaultBuildConfigurationActionExecuter.configure(DefaultBuildConfigurationActionExecuter.java:48)
	at org.gradle.execution.DefaultBuildConfigurationActionExecuter.access$000(DefaultBuildConfigurationActionExecuter.java:25)
	at org.gradle.execution.DefaultBuildConfigurationActionExecuter$1.proceed(DefaultBuildConfigurationActionExecuter.java:54)
	at org.gradle.execution.ExcludedTaskFilteringBuildConfigurationAction.configure(ExcludedTaskFilteringBuildConfigurationAction.java:47)
	at org.gradle.execution.DefaultBuildConfigurationActionExecuter.configure(DefaultBuildConfigurationActionExecuter.java:48)
	at org.gradle.execution.DefaultBuildConfigurationActionExecuter.select(DefaultBuildConfigurationActionExecuter.java:36)
	at org.gradle.initialization.DefaultGradleLauncher$CalculateTaskGraphAction.execute(DefaultGradleLauncher.java:220)
	at org.gradle.initialization.DefaultGradleLauncher$CalculateTaskGraphAction.execute(DefaultGradleLauncher.java:217)
	at org.gradle.internal.Transformers$4.transform(Transformers.java:169)
	at org.gradle.internal.progress.DefaultBuildOperationExecutor.run(DefaultBuildOperationExecutor.java:106)
	at org.gradle.internal.progress.DefaultBuildOperationExecutor.run(DefaultBuildOperationExecutor.java:56)
	at org.gradle.initialization.DefaultGradleLauncher.doBuildStages(DefaultGradleLauncher.java:158)
	at org.gradle.initialization.DefaultGradleLauncher.doBuild(DefaultGradleLauncher.java:112)
	at org.gradle.initialization.DefaultGradleLauncher.run(DefaultGradleLauncher.java:95)
	at org.gradle.launcher.exec.GradleBuildController.run(GradleBuildController.java:66)
	at org.gradle.tooling.internal.provider.ExecuteBuildActionRunner.run(ExecuteBuildActionRunner.java:28)
	at org.gradle.launcher.exec.ChainingBuildActionRunner.run(ChainingBuildActionRunner.java:35)
	at org.gradle.launcher.exec.InProcessBuildActionExecuter.execute(InProcessBuildActionExecuter.java:41)
	at org.gradle.launcher.exec.InProcessBuildActionExecuter.execute(InProcessBuildActionExecuter.java:26)
	at org.gradle.tooling.internal.provider.ContinuousBuildActionExecuter.execute(ContinuousBuildActionExecuter.java:75)
	at org.gradle.tooling.internal.provider.ContinuousBuildActionExecuter.execute(ContinuousBuildActionExecuter.java:49)
	at org.gradle.tooling.internal.provider.ServicesSetupBuildActionExecuter.execute(ServicesSetupBuildActionExecuter.java:49)
	at org.gradle.tooling.internal.provider.ServicesSetupBuildActionExecuter.execute(ServicesSetupBuildActionExecuter.java:31)
	at org.gradle.launcher.cli.RunBuildAction.run(RunBuildAction.java:51)
	at org.gradle.internal.Actions$RunnableActionAdapter.execute(Actions.java:173)
	at org.gradle.launcher.cli.CommandLineActionFactory$ParseAndBuildAction.execute(CommandLineActionFactory.java:281)
	at org.gradle.launcher.cli.CommandLineActionFactory$ParseAndBuildAction.execute(CommandLineActionFactory.java:254)
	at org.gradle.launcher.cli.JavaRuntimeValidationAction.execute(JavaRuntimeValidationAction.java:33)
	at org.gradle.launcher.cli.JavaRuntimeValidationAction.execute(JavaRuntimeValidationAction.java:24)
	at org.gradle.launcher.cli.ExceptionReportingAction.execute(ExceptionReportingAction.java:33)
	at org.gradle.launcher.cli.ExceptionReportingAction.execute(ExceptionReportingAction.java:22)
	at org.gradle.launcher.cli.CommandLineActionFactory$WithLogging.execute(CommandLineActionFactory.java:247)
	at org.gradle.launcher.cli.CommandLineActionFactory$WithLogging.execute(CommandLineActionFactory.java:182)
	at org.gradle.launcher.Main.doAction(Main.java:33)
	at org.gradle.launcher.bootstrap.EntryPoint.run(EntryPoint.java:45)
	at org.gradle.launcher.bootstrap.ProcessBootstrap.runNoExit(ProcessBootstrap.java:60)
	at org.gradle.launcher.bootstrap.ProcessBootstrap.run(ProcessBootstrap.java:37)
	at org.gradle.launcher.GradleMain.main(GradleMain.java:23)
Caused by: org.gradle.api.internal.plugins.PluginApplicationException: Failed to apply plugin [id 'com.android.library']
	at org.gradle.api.internal.plugins.DefaultPluginManager.doApply(DefaultPluginManager.java:156)
	at org.gradle.api.internal.plugins.DefaultPluginManager.apply(DefaultPluginManager.java:113)
	at org.gradle.api.internal.plugins.DefaultObjectConfigurationAction.applyType(DefaultObjectConfigurationAction.java:113)
	at org.gradle.api.internal.plugins.DefaultObjectConfigurationAction.access$200(DefaultObjectConfigurationAction.java:36)
	at org.gradle.api.internal.plugins.DefaultObjectConfigurationAction$3.run(DefaultObjectConfigurationAction.java:80)
	at org.gradle.api.internal.plugins.DefaultObjectConfigurationAction.execute(DefaultObjectConfigurationAction.java:136)
	at org.gradle.api.internal.project.AbstractPluginAware.apply(AbstractPluginAware.java:44)
	at org.gradle.api.internal.project.ProjectScript.apply(ProjectScript.java:34)
	at org.gradle.api.Script$apply.callCurrent(Unknown Source)
	at build_em0dajwyidhhuvedke3u82qod.run(/tmp/rdisk/2110/src/saber-runtime/build.gradle:1)
	at org.gradle.groovy.scripts.internal.DefaultScriptRunnerFactory$ScriptRunnerImpl.run(DefaultScriptRunnerFactory.java:90)
	... 64 more
Caused by: org.gradle.tooling.BuildException: Gradle version 2.2 is required. Current version is 3.5. If using the gradle wrapper, try editing the distributionUrl in /root/Documents/workspace/java/bloodhound/gradle/wrapper/gradle-wrapper.properties to gradle-2.2-all.zip
	at com.android.build.gradle.BasePlugin.checkGradleVersion(BasePlugin.java:591)
	at com.android.build.gradle.BasePlugin.configureProject(BasePlugin.java:343)
	at com.android.build.gradle.BasePlugin$1.call(BasePlugin.java:318)
	at com.android.build.gradle.BasePlugin$1.call(BasePlugin.java:315)
	at com.android.builder.profile.ThreadRecorder$1.record(ThreadRecorder.java:55)
	at com.android.builder.profile.ThreadRecorder$1.record(ThreadRecorder.java:47)
	at com.android.build.gradle.BasePlugin.apply(BasePlugin.java:314)
	at com.android.build.gradle.LibraryPlugin.super$2$apply(LibraryPlugin.groovy)
	at com.android.build.gradle.LibraryPlugin.apply(LibraryPlugin.groovy:89)
	at com.android.build.gradle.LibraryPlugin.apply(LibraryPlugin.groovy)
	at org.gradle.api.internal.plugins.ImperativeOnlyPluginApplicator.applyImperative(ImperativeOnlyPluginApplicator.java:35)
	at org.gradle.api.internal.plugins.RuleBasedPluginApplicator.applyImperative(RuleBasedPluginApplicator.java:43)
	at org.gradle.api.internal.plugins.DefaultPluginManager.doApply(DefaultPluginManager.java:140)
	... 74 more


BUILD FAILED

Total time: 4.23 secs

2018-04-03 19:25:58,972 INFO  ProjectTaskService - Detecting possible tasks...
2018-04-03 19:25:58,972 INFO  SysUtils - Execute command: [gradle, -b, /tmp/rdisk/2110/src/saber-annotations/build.gradle, -Dorg.gradle.daemon=false, -Dorg.gradle.daemon.performance.enable-monitoring=false, -Dorg.gradle.configureondemand=true, tasks]
2018-04-03 19:26:03,247 INFO  ProjectTaskService - Detected possible tasks: 42
2018-04-03 19:26:03,247 INFO  ProjectTaskService - Excluded tasks (3): javadoc test check
2018-04-03 19:26:03,247 INFO  SysUtils - Execute command: [gradle, -b, /tmp/rdisk/2110/src/saber-annotations/build.gradle, -Dorg.gradle.daemon=false, -Dorg.gradle.daemon.performance.enable-monitoring=false, -Dorg.gradle.configureondemand=true, --stacktrace, -x, javadoc, -x, test, -x, check, build]
2018-04-03 19:26:10,160 INFO  SysUtils - Configuration on demand is an incubating feature.
:saber-annotations:compileJavawarning: [options] bootstrap class path not set in conjunction with -source 1.7
1 warning

:saber-annotations:processResources NO-SOURCE
:saber-annotations:classes
:saber-annotations:jar
:saber-annotations:javadocJar
:saber-annotations:sourcesJar
:saber-annotations:signArchives SKIPPED
:saber-annotations:assemble
:saber-annotations:build

BUILD SUCCESSFUL

Total time: 6.716 secs

2018-04-03 19:26:10,164 INFO  ProjectTaskService - Detecting possible tasks...
2018-04-03 19:26:10,165 INFO  SysUtils - Execute command: [gradle, -b, /tmp/rdisk/2110/src/saber-compiler/build.gradle, -Dorg.gradle.daemon=false, -Dorg.gradle.daemon.performance.enable-monitoring=false, -Dorg.gradle.configureondemand=true, tasks]
2018-04-03 19:26:14,601 INFO  ProjectTaskService - Detected possible tasks: 42
2018-04-03 19:26:14,601 INFO  ProjectTaskService - Excluded tasks (3): javadoc test check
2018-04-03 19:26:14,601 INFO  SysUtils - Execute command: [gradle, -b, /tmp/rdisk/2110/src/saber-compiler/build.gradle, -Dorg.gradle.daemon=false, -Dorg.gradle.daemon.performance.enable-monitoring=false, -Dorg.gradle.configureondemand=true, --stacktrace, -x, javadoc, -x, test, -x, check, build]
2018-04-03 19:26:22,292 INFO  SysUtils - Configuration on demand is an incubating feature.
:saber-annotations:compileJava UP-TO-DATE
:saber-annotations:processResources NO-SOURCE
:saber-annotations:classes UP-TO-DATE
:saber-annotations:jar UP-TO-DATE
:saber-compiler:compileJava
:saber-compiler:processResources
:saber-compiler:classes
:saber-compiler:jar
:saber-compiler:javadocJar
:saber-compiler:sourcesJar
:saber-compiler:signArchives SKIPPED
:saber-compiler:assemble
:saber-compiler:build

BUILD SUCCESSFUL

Total time: 7.557 secs

2018-04-03 19:26:22,297 ERROR FullProcessService - Project build has not produced APK file
2018-04-03 19:26:22,302 ERROR FullProcessService - Could not find generated or existed APK file
