2018-05-22 07:51:20,054 INFO  DownloadService - Downloading "https://github.com/ISchwarz23/SortableTableView/archive/master.zip", attempt 3
2018-05-22 07:51:21,133 INFO  DownloadService - Downloaded https://github.com/ISchwarz23/SortableTableView/archive/master.zip, attempt 3
2018-05-22 07:51:21,134 INFO  DownloadService - Size of file "/tmp/rdisk/2200/master.zip": 2 MB
2018-05-22 07:51:21,134 INFO  ArchiveUtils - Checking entries [.gradle] in ZIP file...
2018-05-22 07:51:21,134 INFO  ArchiveUtils - Has entries [.gradle] in ZIP file /tmp/rdisk/2200/master.zip: true
2018-05-22 07:51:21,134 DEBUG ZipUtil - Extracting '/tmp/rdisk/2200/master.zip' into '/tmp/rdisk/2200/src'.
2018-05-22 07:51:21,170 INFO  FullProcessService - Size of directory with sources: 2 MB
2018-05-22 07:51:21,171 INFO  SysUtils - Execute command: [git, init, /tmp/rdisk/2200/src]
2018-05-22 07:51:21,176 INFO  SysUtils - Initialized empty Git repository in /tmp/rdisk/2200/src/.git/

2018-05-22 07:51:21,179 INFO  ProjectBuildService - Gradle wrapper(s): /tmp/rdisk/2200/src/SortableTableView-master/gradlew
2018-05-22 07:51:21,183 INFO  ProjectBuildService - Build script(s): /tmp/rdisk/2200/src/SortableTableView-master/app/build.gradle /tmp/rdisk/2200/src/SortableTableView-master/tableview/build.gradle /tmp/rdisk/2200/src/SortableTableView-master/build.gradle
2018-05-22 07:51:21,186 INFO  ProjectBuildService - All script(s): /tmp/rdisk/2200/src/SortableTableView-master/tableview/build.gradle /tmp/rdisk/2200/src/SortableTableView-master/settings.gradle /tmp/rdisk/2200/src/SortableTableView-master/build.gradle /tmp/rdisk/2200/src/SortableTableView-master/app/build.gradle
2018-05-22 07:51:21,192 INFO  DownloadService - Downloading "https://raw.githubusercontent.com/nuuneoi/JCenter/master/bintrayv1.gradle", attempt 3
2018-05-22 07:51:22,012 INFO  DownloadService - Downloaded https://raw.githubusercontent.com/nuuneoi/JCenter/master/bintrayv1.gradle, attempt 3
2018-05-22 07:51:22,012 INFO  DownloadService - Downloading "https://raw.githubusercontent.com/nuuneoi/JCenter/master/installv1.gradle", attempt 3
2018-05-22 07:51:22,151 INFO  DownloadService - Downloaded https://raw.githubusercontent.com/nuuneoi/JCenter/master/installv1.gradle, attempt 3
2018-05-22 07:51:22,151 INFO  ProjectBuildService - Remote scripts: https://raw.githubusercontent.com/nuuneoi/JCenter/master/bintrayv1.gradle https://raw.githubusercontent.com/nuuneoi/JCenter/master/installv1.gradle
2018-05-22 07:51:22,151 INFO  ProjectFixService - Fixing project...
2018-05-22 07:51:22,159 INFO  LocalPropertiesFixService - Created fake /tmp/rdisk/2200/src/SortableTableView-master/app/local.properties
2018-05-22 07:51:22,160 INFO  ProjectFixService - Build info for "/tmp/rdisk/2200/src/SortableTableView-master/app/build.gradle": [buildToolsVersion=25.0.2,compileSdkVersion=25,minSdkVersion=11,targetSdkVersion=25]
2018-05-22 07:51:22,160 INFO  LocalPropertiesFixService - Created fake /tmp/rdisk/2200/src/SortableTableView-master/tableview/local.properties
2018-05-22 07:51:22,161 INFO  ProjectFixService - Build info for "/tmp/rdisk/2200/src/SortableTableView-master/tableview/build.gradle": [buildToolsVersion=25.0.2,compileSdkVersion=25,minSdkVersion=11,targetSdkVersion=25]
2018-05-22 07:51:22,162 INFO  LocalPropertiesFixService - Created fake /tmp/rdisk/2200/src/SortableTableView-master/local.properties
2018-05-22 07:51:22,162 INFO  WrapperPropertiesFixService - Gradle wrapper: https://services.gradle.org/distributions/gradle-2.14.1-all.zip
2018-05-22 07:51:22,162 INFO  WrapperPropertiesFixService - Gradle wrapper was changed from "-all.zip" to "-bin.zip" (https://services.gradle.org/distributions/gradle-2.14.1-bin.zip)
2018-05-22 07:51:22,164 INFO  ProjectFixService - Build info for "/tmp/rdisk/2200/src/SortableTableView-master/build.gradle": [buildToolsVersion=25.0.2,compileSdkVersion=25,minSdkVersion=11,targetSdkVersion=25]
2018-05-22 07:51:22,165 INFO  ProjectFixService - Project was maybe fixed
2018-05-22 07:51:22,165 INFO  ProjectTaskService - Detecting possible tasks...
2018-05-22 07:51:22,165 INFO  SysUtils - Execute command: [/tmp/rdisk/2200/src/SortableTableView-master/gradlew, -b, /tmp/rdisk/2200/src/SortableTableView-master/app/build.gradle, -Dorg.gradle.daemon=false, -Dorg.gradle.daemon.performance.enable-monitoring=false, -Dorg.gradle.configureondemand=true, tasks]
2018-05-22 07:51:31,859 INFO  ProjectTaskService - Detected possible tasks: 73
2018-05-22 07:51:31,859 INFO  ProjectTaskService - Excluded tasks (22): lintDebug mockableAndroidJar javadocJar deviceCheck lint testReleaseUnitTest javadoc uninstallRelease deviceAndroidTest uninstallDebugAndroidTest installDebugAndroidTest connectedCheck connectedDebugAndroidTest uninstallAll sourcesJar test check testDebugUnitTest connectedAndroidTest installDebug lintRelease uninstallDebug
2018-05-22 07:51:31,859 INFO  SysUtils - Execute command: [/tmp/rdisk/2200/src/SortableTableView-master/gradlew, -b, /tmp/rdisk/2200/src/SortableTableView-master/app/build.gradle, -Dorg.gradle.daemon=false, -Dorg.gradle.daemon.performance.enable-monitoring=false, -Dorg.gradle.configureondemand=true, --stacktrace, -x, lintDebug, -x, mockableAndroidJar, -x, javadocJar, -x, deviceCheck, -x, lint, -x, testReleaseUnitTest, -x, javadoc, -x, uninstallRelease, -x, deviceAndroidTest, -x, uninstallDebugAndroidTest, -x, installDebugAndroidTest, -x, connectedCheck, -x, connectedDebugAndroidTest, -x, uninstallAll, -x, sourcesJar, -x, test, -x, check, -x, testDebugUnitTest, -x, connectedAndroidTest, -x, installDebug, -x, lintRelease, -x, uninstallDebug, build]
2018-05-22 07:51:40,503 ERROR SysUtils - Could not process external command
org.apache.commons.exec.ExecuteException: Process exited with an error: 1 (Exit value: 1)
	at org.apache.commons.exec.DefaultExecutor.executeInternal(DefaultExecutor.java:404)
	at org.apache.commons.exec.DefaultExecutor.execute(DefaultExecutor.java:166)
	at com.github.vbauer.apkmaster.util.SysUtils.execute(SysUtils.java:67)
	at com.github.vbauer.apkmaster.util.SysUtils.executeSimple(SysUtils.java:43)
	at com.github.vbauer.apkmaster.service.assembly.ProjectBuildService.buildProject(ProjectBuildService.java:78)
	at com.github.vbauer.apkmaster.service.assembly.ProjectBuildService.buildProject(ProjectBuildService.java:64)
	at com.github.vbauer.apkmaster.service.assembly.ProjectBuildService.buildProject(ProjectBuildService.java:43)
	at com.github.vbauer.apkmaster.service.FullProcessService.build(FullProcessService.java:84)
	at com.github.vbauer.apkmaster.service.FullProcessService.process(FullProcessService.java:34)
	at com.github.vbauer.apkmaster.app.MainApplication.process(MainApplication.java:38)
	at com.github.vbauer.apkmaster.app.MainApplication.main(MainApplication.java:20)
	at sun.reflect.NativeMethodAccessorImpl.invoke0(Native Method)
	at sun.reflect.NativeMethodAccessorImpl.invoke(NativeMethodAccessorImpl.java:62)
	at sun.reflect.DelegatingMethodAccessorImpl.invoke(DelegatingMethodAccessorImpl.java:43)
	at java.lang.reflect.Method.invoke(Method.java:498)
	at com.android.arsenal.util.ReflectionUtils.invoke(ReflectionUtils.java:42)
	at com.android.arsenal.util.ApkMasterUtils.main(ApkMasterUtils.java:30)
	at com.android.arsenal.service.processor.impl.BuildProcessorServiceImpl.buildProject(BuildProcessorServiceImpl.java:197)
	at com.android.arsenal.service.processor.impl.BuildProcessorServiceImpl.build(BuildProcessorServiceImpl.java:131)
	at com.android.arsenal.service.processor.impl.BuildProcessorServiceImpl.lambda$null$1(BuildProcessorServiceImpl.java:114)
	at java.util.concurrent.FutureTask.run(FutureTask.java:266)
	at java.util.concurrent.Executors$RunnableAdapter.call(Executors.java:511)
	at java.util.concurrent.FutureTask.run(FutureTask.java:266)
	at java.util.concurrent.ThreadPoolExecutor.runWorker(ThreadPoolExecutor.java:1149)
	at java.util.concurrent.ThreadPoolExecutor$Worker.run(ThreadPoolExecutor.java:624)
	at java.lang.Thread.run(Thread.java:748)
2018-05-22 07:51:40,503 INFO  SysUtils - Configuration on demand is an incubating feature.
Incremental java compilation is an incubating feature.

FAILURE: Build failed with an exception.

* What went wrong:
Task 'javadocJar' not found in project ':app'.

* Try:
Run gradlew tasks to get a list of available tasks. Run with --info or --debug option to get more log output.

* Exception is:
org.gradle.execution.TaskSelectionException: Task 'javadocJar' not found in project ':app'.
	at org.gradle.execution.TaskSelector.getSelection(TaskSelector.java:100)
	at org.gradle.execution.TaskSelector.getFilter(TaskSelector.java:63)
	at org.gradle.execution.ExcludedTaskFilteringBuildConfigurationAction.configure(ExcludedTaskFilteringBuildConfigurationAction.java:42)
	at org.gradle.execution.DefaultBuildConfigurationActionExecuter.configure(DefaultBuildConfigurationActionExecuter.java:48)
	at org.gradle.execution.DefaultBuildConfigurationActionExecuter.select(DefaultBuildConfigurationActionExecuter.java:36)
	at org.gradle.initialization.DefaultGradleLauncher$3.run(DefaultGradleLauncher.java:142)
	at org.gradle.internal.Factories$1.create(Factories.java:22)
	at org.gradle.internal.progress.DefaultBuildOperationExecutor.run(DefaultBuildOperationExecutor.java:91)
	at org.gradle.internal.progress.DefaultBuildOperationExecutor.run(DefaultBuildOperationExecutor.java:53)
	at org.gradle.initialization.DefaultGradleLauncher.doBuildStages(DefaultGradleLauncher.java:139)
	at org.gradle.initialization.DefaultGradleLauncher.access$200(DefaultGradleLauncher.java:32)
	at org.gradle.initialization.DefaultGradleLauncher$1.create(DefaultGradleLauncher.java:98)
	at org.gradle.initialization.DefaultGradleLauncher$1.create(DefaultGradleLauncher.java:92)
	at org.gradle.internal.progress.DefaultBuildOperationExecutor.run(DefaultBuildOperationExecutor.java:91)
	at org.gradle.internal.progress.DefaultBuildOperationExecutor.run(DefaultBuildOperationExecutor.java:63)
	at org.gradle.initialization.DefaultGradleLauncher.doBuild(DefaultGradleLauncher.java:92)
	at org.gradle.initialization.DefaultGradleLauncher.run(DefaultGradleLauncher.java:83)
	at org.gradle.launcher.exec.InProcessBuildActionExecuter$DefaultBuildController.run(InProcessBuildActionExecuter.java:99)
	at org.gradle.tooling.internal.provider.ExecuteBuildActionRunner.run(ExecuteBuildActionRunner.java:28)
	at org.gradle.launcher.exec.ChainingBuildActionRunner.run(ChainingBuildActionRunner.java:35)
	at org.gradle.launcher.exec.InProcessBuildActionExecuter.execute(InProcessBuildActionExecuter.java:48)
	at org.gradle.launcher.exec.InProcessBuildActionExecuter.execute(InProcessBuildActionExecuter.java:30)
	at org.gradle.launcher.exec.ContinuousBuildActionExecuter.execute(ContinuousBuildActionExecuter.java:81)
	at org.gradle.launcher.exec.ContinuousBuildActionExecuter.execute(ContinuousBuildActionExecuter.java:46)
	at org.gradle.launcher.exec.DaemonUsageSuggestingBuildActionExecuter.execute(DaemonUsageSuggestingBuildActionExecuter.java:51)
	at org.gradle.launcher.exec.DaemonUsageSuggestingBuildActionExecuter.execute(DaemonUsageSuggestingBuildActionExecuter.java:28)
	at org.gradle.launcher.cli.RunBuildAction.run(RunBuildAction.java:43)
	at org.gradle.internal.Actions$RunnableActionAdapter.execute(Actions.java:173)
	at org.gradle.launcher.cli.CommandLineActionFactory$ParseAndBuildAction.execute(CommandLineActionFactory.java:239)
	at org.gradle.launcher.cli.CommandLineActionFactory$ParseAndBuildAction.execute(CommandLineActionFactory.java:212)
	at org.gradle.launcher.cli.JavaRuntimeValidationAction.execute(JavaRuntimeValidationAction.java:35)
	at org.gradle.launcher.cli.JavaRuntimeValidationAction.execute(JavaRuntimeValidationAction.java:24)
	at org.gradle.launcher.cli.ExceptionReportingAction.execute(ExceptionReportingAction.java:33)
	at org.gradle.launcher.cli.ExceptionReportingAction.execute(ExceptionReportingAction.java:22)
	at org.gradle.launcher.cli.CommandLineActionFactory$WithLogging.execute(CommandLineActionFactory.java:205)
	at org.gradle.launcher.cli.CommandLineActionFactory$WithLogging.execute(CommandLineActionFactory.java:169)
	at org.gradle.launcher.Main.doAction(Main.java:33)
	at org.gradle.launcher.bootstrap.EntryPoint.run(EntryPoint.java:45)
	at org.gradle.launcher.bootstrap.ProcessBootstrap.runNoExit(ProcessBootstrap.java:55)
	at org.gradle.launcher.bootstrap.ProcessBootstrap.run(ProcessBootstrap.java:36)
	at org.gradle.launcher.GradleMain.main(GradleMain.java:23)
	at org.gradle.wrapper.BootstrapMainStarter.start(BootstrapMainStarter.java:33)
	at org.gradle.wrapper.WrapperExecutor.execute(WrapperExecutor.java:130)
	at org.gradle.wrapper.GradleWrapperMain.main(GradleWrapperMain.java:48)


BUILD FAILED

Total time: 8.086 secs

2018-05-22 07:51:40,503 ERROR ProjectBuildService - Excluded tasks were detected wrong
2018-05-22 07:51:40,503 INFO  SysUtils - Execute command: [/tmp/rdisk/2200/src/SortableTableView-master/gradlew, -b, /tmp/rdisk/2200/src/SortableTableView-master/app/build.gradle, -Dorg.gradle.daemon=false, -Dorg.gradle.daemon.performance.enable-monitoring=false, -Dorg.gradle.configureondemand=true, --stacktrace, build]
2018-05-22 07:52:16,453 INFO  SysUtils - Configuration on demand is an incubating feature.
Incremental java compilation is an incubating feature.
:app:preBuild UP-TO-DATE
:app:preDebugBuild UP-TO-DATE
:app:checkDebugManifest
:app:preReleaseBuild UP-TO-DATE
:tableview:preBuild UP-TO-DATE
:tableview:preReleaseBuild UP-TO-DATE
:tableview:checkReleaseManifest
:tableview:preDebugAndroidTestBuild UP-TO-DATE
:tableview:preDebugBuild UP-TO-DATE
:tableview:preDebugUnitTestBuild UP-TO-DATE
:tableview:preReleaseUnitTestBuild UP-TO-DATE
:tableview:prepareComAndroidSupportAnimatedVectorDrawable2531Library
:tableview:prepareComAndroidSupportAppcompatV72531Library
:tableview:prepareComAndroidSupportSupportCompat2531Library
:tableview:prepareComAndroidSupportSupportCoreUi2531Library
:tableview:prepareComAndroidSupportSupportCoreUtils2531Library
:tableview:prepareComAndroidSupportSupportFragment2531Library
:tableview:prepareComAndroidSupportSupportMediaCompat2531Library
:tableview:prepareComAndroidSupportSupportV42531Library
:tableview:prepareComAndroidSupportSupportVectorDrawable2531Library
:tableview:prepareReleaseDependencies
:tableview:compileReleaseAidl
:tableview:compileReleaseNdk UP-TO-DATE
:tableview:compileLint
:tableview:copyReleaseLint UP-TO-DATE
:tableview:compileReleaseRenderscript
:tableview:generateReleaseBuildConfig
:tableview:generateReleaseResValues
:tableview:generateReleaseResources
:tableview:mergeReleaseResources
:tableview:processReleaseManifest
:tableview:processReleaseResources
:tableview:generateReleaseSources
:tableview:incrementalReleaseJavaCompilationSafeguard
:tableview:compileReleaseJavaWithJavac
:tableview:compileReleaseJavaWithJavac - is not incremental (e.g. outputs have changed, no previous execution, etc.).
Note: Some input files use or override a deprecated API.
Note: Recompile with -Xlint:deprecation for details.
:tableview:extractReleaseAnnotations
:tableview:mergeReleaseShaders
:tableview:compileReleaseShaders
:tableview:generateReleaseAssets
:tableview:mergeReleaseAssets
:tableview:mergeReleaseProguardFiles
:tableview:packageReleaseRenderscript UP-TO-DATE
:tableview:packageReleaseResources
:tableview:processReleaseJavaRes UP-TO-DATE
:tableview:transformResourcesWithMergeJavaResForRelease
:tableview:transformClassesAndResourcesWithSyncLibJarsForRelease
:tableview:mergeReleaseJniLibFolders
:tableview:transformNative_libsWithMergeJniLibsForRelease
:tableview:transformNative_libsWithSyncJniLibsForRelease
:tableview:bundleRelease
:app:prepareComAndroidSupportAnimatedVectorDrawable2531Library
:app:prepareComAndroidSupportAppcompatV72531Library
:app:prepareComAndroidSupportSupportCompat2531Library
:app:prepareComAndroidSupportSupportCoreUi2531Library
:app:prepareComAndroidSupportSupportCoreUtils2531Library
:app:prepareComAndroidSupportSupportFragment2531Library
:app:prepareComAndroidSupportSupportMediaCompat2531Library
:app:prepareComAndroidSupportSupportV42531Library
:app:prepareComAndroidSupportSupportVectorDrawable2531Library
:app:prepareDeCodecraftersTableviewTableview280Library
:app:prepareDebugDependencies
:app:compileDebugAidl
:app:compileDebugRenderscript
:app:generateDebugBuildConfig
:app:generateDebugResValues
:app:generateDebugResources
:app:mergeDebugResources
:app:processDebugManifest
:app:processDebugResources
:app:generateDebugSources
:app:incrementalDebugJavaCompilationSafeguard
:app:compileDebugJavaWithJavac
:app:compileDebugJavaWithJavac - is not incremental (e.g. outputs have changed, no previous execution, etc.).
:app:compileDebugNdk UP-TO-DATE
:app:compileDebugSources
:app:mergeDebugShaders
:app:compileDebugShaders
:app:generateDebugAssets
:app:mergeDebugAssets
:app:transformClassesWithDexForDebug
:app:mergeDebugJniLibFolders
:app:transformNative_libsWithMergeJniLibsForDebug
:app:processDebugJavaRes UP-TO-DATE
:app:transformResourcesWithMergeJavaResForDebug
:app:validateSigningDebug
:app:packageDebug
:app:assembleDebug
:app:checkReleaseManifest
:app:prepareReleaseDependencies
:app:compileReleaseAidl
:app:compileReleaseRenderscript
:app:generateReleaseBuildConfig
:app:generateReleaseResValues
:app:generateReleaseResources
:app:mergeReleaseResources
:app:processReleaseManifest
:app:processReleaseResources
:app:generateReleaseSources
:app:incrementalReleaseJavaCompilationSafeguard
:app:compileReleaseJavaWithJavac
:app:compileReleaseJavaWithJavac - is not incremental (e.g. outputs have changed, no previous execution, etc.).
:app:compileReleaseNdk UP-TO-DATE
:app:compileReleaseSources
:app:lintVitalRelease
:app:mergeReleaseShaders
:app:compileReleaseShaders
:app:generateReleaseAssets
:app:mergeReleaseAssets
:app:transformClassesWithDexForRelease
:app:mergeReleaseJniLibFolders
:app:transformNative_libsWithMergeJniLibsForRelease
:app:processReleaseJavaRes UP-TO-DATE
:app:transformResourcesWithMergeJavaResForRelease
:app:packageRelease
:app:assembleRelease
:app:assemble
:app:lint
Ran lint on variant release: 7 issues found
Ran lint on variant debug: 7 issues found
Wrote HTML report to file:///tmp/rdisk/2200/src/SortableTableView-master/app/build/outputs/lint-results-debug.html
Wrote XML report to file:///tmp/rdisk/2200/src/SortableTableView-master/app/build/outputs/lint-results-debug.xml
:app:incrementalDebugUnitTestJavaCompilationSafeguard UP-TO-DATE
:app:preDebugUnitTestBuild UP-TO-DATE
:app:prepareDebugUnitTestDependencies
:app:compileDebugUnitTestJavaWithJavac UP-TO-DATE
:app:processDebugUnitTestJavaRes UP-TO-DATE
:app:compileDebugUnitTestSources UP-TO-DATE
:app:mockableAndroidJar
:app:assembleDebugUnitTest
:app:testDebugUnitTest UP-TO-DATE
:app:incrementalReleaseUnitTestJavaCompilationSafeguard UP-TO-DATE
:app:preReleaseUnitTestBuild UP-TO-DATE
:app:prepareReleaseUnitTestDependencies
:app:compileReleaseUnitTestJavaWithJavac UP-TO-DATE
:app:processReleaseUnitTestJavaRes UP-TO-DATE
:app:compileReleaseUnitTestSources UP-TO-DATE
:app:assembleReleaseUnitTest
:app:testReleaseUnitTest UP-TO-DATE
:app:test UP-TO-DATE
:app:check
:app:build

BUILD SUCCESSFUL

Total time: 35.396 secs

2018-05-22 07:52:16,553 INFO  FullProcessService - Found APK file: /tmp/rdisk/2200/src/SortableTableView-master/app/build/outputs/apk/app-debug.apk
