2018-05-11 11:31:07,657 INFO  DownloadService - Downloading "https://github.com/jlmd/AnimatedCircleLoadingView/archive/master.zip", attempt 3
2018-05-11 11:31:08,128 INFO  DownloadService - Downloaded https://github.com/jlmd/AnimatedCircleLoadingView/archive/master.zip, attempt 3
2018-05-11 11:31:08,128 INFO  DownloadService - Size of file "/tmp/rdisk/2112/master.zip": 669 KB
2018-05-11 11:31:08,128 INFO  ArchiveUtils - Checking entries [.gradle] in ZIP file...
2018-05-11 11:31:08,129 INFO  ArchiveUtils - Has entries [.gradle] in ZIP file /tmp/rdisk/2112/master.zip: true
2018-05-11 11:31:08,129 DEBUG ZipUtil - Extracting '/tmp/rdisk/2112/master.zip' into '/tmp/rdisk/2112/src'.
2018-05-11 11:31:08,144 INFO  FullProcessService - Size of directory with sources: 789 KB
2018-05-11 11:31:08,144 INFO  SysUtils - Execute command: [git, init, /tmp/rdisk/2112/src]
2018-05-11 11:31:08,149 INFO  SysUtils - Initialized empty Git repository in /tmp/rdisk/2112/src/.git/

2018-05-11 11:31:08,152 INFO  ProjectBuildService - Gradle wrapper(s): /tmp/rdisk/2112/src/AnimatedCircleLoadingView-master/gradlew
2018-05-11 11:31:08,155 INFO  ProjectBuildService - Build script(s): /tmp/rdisk/2112/src/AnimatedCircleLoadingView-master/app/build.gradle /tmp/rdisk/2112/src/AnimatedCircleLoadingView-master/library/build.gradle /tmp/rdisk/2112/src/AnimatedCircleLoadingView-master/build.gradle
2018-05-11 11:31:08,158 INFO  ProjectBuildService - All script(s): /tmp/rdisk/2112/src/AnimatedCircleLoadingView-master/settings.gradle /tmp/rdisk/2112/src/AnimatedCircleLoadingView-master/library/build.gradle /tmp/rdisk/2112/src/AnimatedCircleLoadingView-master/build.gradle /tmp/rdisk/2112/src/AnimatedCircleLoadingView-master/app/build.gradle
2018-05-11 11:31:08,158 INFO  ProjectBuildService - Remote scripts: none
2018-05-11 11:31:08,158 INFO  ProjectFixService - Fixing project...
2018-05-11 11:31:08,165 INFO  LocalPropertiesFixService - Created fake /tmp/rdisk/2112/src/AnimatedCircleLoadingView-master/app/local.properties
2018-05-11 11:31:08,165 INFO  ProjectFixService - Build info for "/tmp/rdisk/2112/src/AnimatedCircleLoadingView-master/app/build.gradle": [buildToolsVersion=25.0.0,compileSdkVersion=22,minSdkVersion=15,targetSdkVersion=22]
2018-05-11 11:31:08,166 INFO  LocalPropertiesFixService - Created fake /tmp/rdisk/2112/src/AnimatedCircleLoadingView-master/library/local.properties
2018-05-11 11:31:08,166 INFO  ProjectFixService - Build info for "/tmp/rdisk/2112/src/AnimatedCircleLoadingView-master/library/build.gradle": [buildToolsVersion=25.0.0,compileSdkVersion=22,minSdkVersion=14,targetSdkVersion=22]
2018-05-11 11:31:08,166 INFO  LocalPropertiesFixService - Created fake /tmp/rdisk/2112/src/AnimatedCircleLoadingView-master/local.properties
2018-05-11 11:31:08,167 INFO  WrapperPropertiesFixService - Gradle wrapper: https://services.gradle.org/distributions/gradle-3.3-all.zip
2018-05-11 11:31:08,167 INFO  WrapperPropertiesFixService - Gradle wrapper was changed from "-all.zip" to "-bin.zip" (https://services.gradle.org/distributions/gradle-3.3-bin.zip)
2018-05-11 11:31:08,168 INFO  ProjectFixService - Build info for "/tmp/rdisk/2112/src/AnimatedCircleLoadingView-master/build.gradle": [buildToolsVersion=25.0.0,compileSdkVersion=22,minSdkVersion=14,targetSdkVersion=22]
2018-05-11 11:31:08,168 INFO  ProjectFixService - Project was maybe fixed
2018-05-11 11:31:08,168 INFO  ProjectTaskService - Detecting possible tasks...
2018-05-11 11:31:08,168 INFO  SysUtils - Execute command: [/tmp/rdisk/2112/src/AnimatedCircleLoadingView-master/gradlew, -b, /tmp/rdisk/2112/src/AnimatedCircleLoadingView-master/app/build.gradle, -Dorg.gradle.daemon=false, -Dorg.gradle.daemon.performance.enable-monitoring=false, -Dorg.gradle.configureondemand=true, tasks]
2018-05-11 11:31:08,263 ERROR ProjectTaskService - Could not detect possible Gradle tasks: Process exited with an error: 1 (Exit value: 1)
2018-05-11 11:31:08,263 INFO  ProjectTaskService - Detected possible tasks: 0
2018-05-11 11:31:08,263 INFO  ProjectTaskService - Excluded tasks (0): none
2018-05-11 11:31:08,264 INFO  SysUtils - Execute command: [/tmp/rdisk/2112/src/AnimatedCircleLoadingView-master/gradlew, -b, /tmp/rdisk/2112/src/AnimatedCircleLoadingView-master/app/build.gradle, -Dorg.gradle.daemon=false, -Dorg.gradle.daemon.performance.enable-monitoring=false, -Dorg.gradle.configureondemand=true, --stacktrace, build]
2018-05-11 11:31:08,356 ERROR SysUtils - Could not process external command
org.apache.commons.exec.ExecuteException: Process exited with an error: 1 (Exit value: 1)
	at org.apache.commons.exec.DefaultExecutor.executeInternal(DefaultExecutor.java:404)
	at org.apache.commons.exec.DefaultExecutor.execute(DefaultExecutor.java:166)
	at com.github.vbauer.apkmaster.util.SysUtils.execute(SysUtils.java:67)
	at com.github.vbauer.apkmaster.util.SysUtils.executeSimple(SysUtils.java:43)
	at com.github.vbauer.apkmaster.service.assembly.ProjectBuildService.buildProject(ProjectBuildService.java:78)
	at com.github.vbauer.apkmaster.service.assembly.ProjectBuildService.buildProject(ProjectBuildService.java:64)
	at com.github.vbauer.apkmaster.service.assembly.ProjectBuildService.buildProject(ProjectBuildService.java:43)
	at com.github.vbauer.apkmaster.service.FullProcessService.build(FullProcessService.java:84)
	at com.github.vbauer.apkmaster.service.FullProcessService.process(FullProcessService.java:34)
	at com.github.vbauer.apkmaster.app.MainApplication.process(MainApplication.java:38)
	at com.github.vbauer.apkmaster.app.MainApplication.main(MainApplication.java:20)
	at sun.reflect.GeneratedMethodAccessor8.invoke(Unknown Source)
	at sun.reflect.DelegatingMethodAccessorImpl.invoke(DelegatingMethodAccessorImpl.java:43)
	at java.lang.reflect.Method.invoke(Method.java:498)
	at com.android.arsenal.util.ReflectionUtils.invoke(ReflectionUtils.java:42)
	at com.android.arsenal.util.ApkMasterUtils.main(ApkMasterUtils.java:30)
	at com.android.arsenal.service.processor.impl.BuildProcessorServiceImpl.buildProject(BuildProcessorServiceImpl.java:197)
	at com.android.arsenal.service.processor.impl.BuildProcessorServiceImpl.build(BuildProcessorServiceImpl.java:131)
	at com.android.arsenal.service.processor.impl.BuildProcessorServiceImpl.lambda$null$1(BuildProcessorServiceImpl.java:114)
	at java.util.concurrent.FutureTask.run(FutureTask.java:266)
	at java.util.concurrent.Executors$RunnableAdapter.call(Executors.java:511)
	at java.util.concurrent.FutureTask.run(FutureTask.java:266)
	at java.util.concurrent.ThreadPoolExecutor.runWorker(ThreadPoolExecutor.java:1149)
	at java.util.concurrent.ThreadPoolExecutor$Worker.run(ThreadPoolExecutor.java:624)
	at java.lang.Thread.run(Thread.java:748)
2018-05-11 11:31:08,357 INFO  SysUtils - Error: Could not find or load main class org.gradle.wrapper.GradleWrapperMain

2018-05-11 11:31:08,359 INFO  ProjectTaskService - Detecting possible tasks...
2018-05-11 11:31:08,360 INFO  SysUtils - Execute command: [/tmp/rdisk/2112/src/AnimatedCircleLoadingView-master/gradlew, -b, /tmp/rdisk/2112/src/AnimatedCircleLoadingView-master/library/build.gradle, -Dorg.gradle.daemon=false, -Dorg.gradle.daemon.performance.enable-monitoring=false, -Dorg.gradle.configureondemand=true, tasks]
2018-05-11 11:31:08,454 ERROR ProjectTaskService - Could not detect possible Gradle tasks: Process exited with an error: 1 (Exit value: 1)
2018-05-11 11:31:08,454 INFO  ProjectTaskService - Detected possible tasks: 0
2018-05-11 11:31:08,454 INFO  ProjectTaskService - Excluded tasks (0): none
2018-05-11 11:31:08,455 INFO  SysUtils - Execute command: [/tmp/rdisk/2112/src/AnimatedCircleLoadingView-master/gradlew, -b, /tmp/rdisk/2112/src/AnimatedCircleLoadingView-master/library/build.gradle, -Dorg.gradle.daemon=false, -Dorg.gradle.daemon.performance.enable-monitoring=false, -Dorg.gradle.configureondemand=true, --stacktrace, build]
2018-05-11 11:31:08,548 ERROR SysUtils - Could not process external command
org.apache.commons.exec.ExecuteException: Process exited with an error: 1 (Exit value: 1)
	at org.apache.commons.exec.DefaultExecutor.executeInternal(DefaultExecutor.java:404)
	at org.apache.commons.exec.DefaultExecutor.execute(DefaultExecutor.java:166)
	at com.github.vbauer.apkmaster.util.SysUtils.execute(SysUtils.java:67)
	at com.github.vbauer.apkmaster.util.SysUtils.executeSimple(SysUtils.java:43)
	at com.github.vbauer.apkmaster.service.assembly.ProjectBuildService.buildProject(ProjectBuildService.java:78)
	at com.github.vbauer.apkmaster.service.assembly.ProjectBuildService.buildProject(ProjectBuildService.java:64)
	at com.github.vbauer.apkmaster.service.assembly.ProjectBuildService.buildProject(ProjectBuildService.java:43)
	at com.github.vbauer.apkmaster.service.FullProcessService.build(FullProcessService.java:84)
	at com.github.vbauer.apkmaster.service.FullProcessService.process(FullProcessService.java:34)
	at com.github.vbauer.apkmaster.app.MainApplication.process(MainApplication.java:38)
	at com.github.vbauer.apkmaster.app.MainApplication.main(MainApplication.java:20)
	at sun.reflect.GeneratedMethodAccessor8.invoke(Unknown Source)
	at sun.reflect.DelegatingMethodAccessorImpl.invoke(DelegatingMethodAccessorImpl.java:43)
	at java.lang.reflect.Method.invoke(Method.java:498)
	at com.android.arsenal.util.ReflectionUtils.invoke(ReflectionUtils.java:42)
	at com.android.arsenal.util.ApkMasterUtils.main(ApkMasterUtils.java:30)
	at com.android.arsenal.service.processor.impl.BuildProcessorServiceImpl.buildProject(BuildProcessorServiceImpl.java:197)
	at com.android.arsenal.service.processor.impl.BuildProcessorServiceImpl.build(BuildProcessorServiceImpl.java:131)
	at com.android.arsenal.service.processor.impl.BuildProcessorServiceImpl.lambda$null$1(BuildProcessorServiceImpl.java:114)
	at java.util.concurrent.FutureTask.run(FutureTask.java:266)
	at java.util.concurrent.Executors$RunnableAdapter.call(Executors.java:511)
	at java.util.concurrent.FutureTask.run(FutureTask.java:266)
	at java.util.concurrent.ThreadPoolExecutor.runWorker(ThreadPoolExecutor.java:1149)
	at java.util.concurrent.ThreadPoolExecutor$Worker.run(ThreadPoolExecutor.java:624)
	at java.lang.Thread.run(Thread.java:748)
2018-05-11 11:31:08,549 INFO  SysUtils - Error: Could not find or load main class org.gradle.wrapper.GradleWrapperMain

2018-05-11 11:31:08,552 INFO  ProjectTaskService - Detecting possible tasks...
2018-05-11 11:31:08,552 INFO  SysUtils - Execute command: [/tmp/rdisk/2112/src/AnimatedCircleLoadingView-master/gradlew, -b, /tmp/rdisk/2112/src/AnimatedCircleLoadingView-master/build.gradle, -Dorg.gradle.daemon=false, -Dorg.gradle.daemon.performance.enable-monitoring=false, -Dorg.gradle.configureondemand=true, tasks]
2018-05-11 11:31:08,646 ERROR ProjectTaskService - Could not detect possible Gradle tasks: Process exited with an error: 1 (Exit value: 1)
2018-05-11 11:31:08,646 INFO  ProjectTaskService - Detected possible tasks: 0
2018-05-11 11:31:08,646 INFO  ProjectTaskService - Excluded tasks (0): none
2018-05-11 11:31:08,646 INFO  SysUtils - Execute command: [/tmp/rdisk/2112/src/AnimatedCircleLoadingView-master/gradlew, -b, /tmp/rdisk/2112/src/AnimatedCircleLoadingView-master/build.gradle, -Dorg.gradle.daemon=false, -Dorg.gradle.daemon.performance.enable-monitoring=false, -Dorg.gradle.configureondemand=true, --stacktrace, build]
2018-05-11 11:31:08,738 ERROR SysUtils - Could not process external command
org.apache.commons.exec.ExecuteException: Process exited with an error: 1 (Exit value: 1)
	at org.apache.commons.exec.DefaultExecutor.executeInternal(DefaultExecutor.java:404)
	at org.apache.commons.exec.DefaultExecutor.execute(DefaultExecutor.java:166)
	at com.github.vbauer.apkmaster.util.SysUtils.execute(SysUtils.java:67)
	at com.github.vbauer.apkmaster.util.SysUtils.executeSimple(SysUtils.java:43)
	at com.github.vbauer.apkmaster.service.assembly.ProjectBuildService.buildProject(ProjectBuildService.java:78)
	at com.github.vbauer.apkmaster.service.assembly.ProjectBuildService.buildProject(ProjectBuildService.java:64)
	at com.github.vbauer.apkmaster.service.assembly.ProjectBuildService.buildProject(ProjectBuildService.java:43)
	at com.github.vbauer.apkmaster.service.FullProcessService.build(FullProcessService.java:84)
	at com.github.vbauer.apkmaster.service.FullProcessService.process(FullProcessService.java:34)
	at com.github.vbauer.apkmaster.app.MainApplication.process(MainApplication.java:38)
	at com.github.vbauer.apkmaster.app.MainApplication.main(MainApplication.java:20)
	at sun.reflect.GeneratedMethodAccessor8.invoke(Unknown Source)
	at sun.reflect.DelegatingMethodAccessorImpl.invoke(DelegatingMethodAccessorImpl.java:43)
	at java.lang.reflect.Method.invoke(Method.java:498)
	at com.android.arsenal.util.ReflectionUtils.invoke(ReflectionUtils.java:42)
	at com.android.arsenal.util.ApkMasterUtils.main(ApkMasterUtils.java:30)
	at com.android.arsenal.service.processor.impl.BuildProcessorServiceImpl.buildProject(BuildProcessorServiceImpl.java:197)
	at com.android.arsenal.service.processor.impl.BuildProcessorServiceImpl.build(BuildProcessorServiceImpl.java:131)
	at com.android.arsenal.service.processor.impl.BuildProcessorServiceImpl.lambda$null$1(BuildProcessorServiceImpl.java:114)
	at java.util.concurrent.FutureTask.run(FutureTask.java:266)
	at java.util.concurrent.Executors$RunnableAdapter.call(Executors.java:511)
	at java.util.concurrent.FutureTask.run(FutureTask.java:266)
	at java.util.concurrent.ThreadPoolExecutor.runWorker(ThreadPoolExecutor.java:1149)
	at java.util.concurrent.ThreadPoolExecutor$Worker.run(ThreadPoolExecutor.java:624)
	at java.lang.Thread.run(Thread.java:748)
2018-05-11 11:31:08,738 INFO  SysUtils - Error: Could not find or load main class org.gradle.wrapper.GradleWrapperMain

2018-05-11 11:31:08,741 ERROR FullProcessService - Project build has not produced APK file
2018-05-11 11:31:08,744 ERROR FullProcessService - Could not find generated or existed APK file
