2018-04-03 22:07:31,946 INFO  DownloadService - Downloading "https://github.com/yqritc/Android-ScalableVideoView/archive/master.zip", attempt 3
2018-04-03 22:08:32,576 INFO  GithubDownloadService - Could not find ZIP archive for master branch
2018-04-03 22:08:33,266 INFO  GithubDownloadService - Default branch of this repository: master
2018-04-03 22:08:33,266 INFO  DownloadService - Downloading "https://github.com/yqritc/Android-ScalableVideoView/archive/master.zip", attempt 3
2018-04-03 22:09:34,476 DEBUG FullProcessService - Repository https://github.com/yqritc/Android-ScalableVideoView available: true
2018-04-03 22:09:34,476 INFO  FullProcessService - Could not download ZIP file from Github, lets clone it
2018-04-03 22:09:34,476 INFO  SysUtils - Execute command: [git, clone, -q, --single-branch, --depth, 1, https://github.com/yqritc/Android-ScalableVideoView, /tmp/rdisk/2045/src]
2018-04-03 22:09:37,194 INFO  SysUtils - 
2018-04-03 22:09:37,207 INFO  GitService - Deleted "/tmp/rdisk/2045/src/.git": true
2018-04-03 22:09:37,208 INFO  FullProcessService - Size of directory with sources: 7 MB
2018-04-03 22:09:37,209 INFO  SysUtils - Execute command: [git, init, /tmp/rdisk/2045/src]
2018-04-03 22:09:37,213 INFO  SysUtils - Initialized empty Git repository in /tmp/rdisk/2045/src/.git/

2018-04-03 22:09:37,215 INFO  ProjectBuildService - Gradle wrapper(s): /tmp/rdisk/2045/src/gradlew
2018-04-03 22:09:37,217 INFO  ProjectBuildService - Build script(s): /tmp/rdisk/2045/src/library/build.gradle /tmp/rdisk/2045/src/sample/build.gradle /tmp/rdisk/2045/src/build.gradle
2018-04-03 22:09:37,219 INFO  ProjectBuildService - All script(s): /tmp/rdisk/2045/src/settings.gradle /tmp/rdisk/2045/src/sample/build.gradle /tmp/rdisk/2045/src/library/build.gradle /tmp/rdisk/2045/src/library/bintray-publish.gradle /tmp/rdisk/2045/src/library/android-artifacts.gradle /tmp/rdisk/2045/src/build.gradle
2018-04-03 22:09:37,220 INFO  ProjectBuildService - Remote scripts: none
2018-04-03 22:09:37,220 INFO  ProjectFixService - Fixing project...
2018-04-03 22:09:37,225 INFO  LocalPropertiesFixService - Created fake /tmp/rdisk/2045/src/library/local.properties
2018-04-03 22:09:37,228 INFO  ProjectFixService - Build info for "/tmp/rdisk/2045/src/library/build.gradle": [buildToolsVersion=<null>,compileSdkVersion=<null>,minSdkVersion=<null>,targetSdkVersion=<null>]
2018-04-03 22:09:37,228 INFO  ProjectFixService - Fixed build info for "/tmp/rdisk/2045/src/library/build.gradle": [buildToolsVersion=28.0.0-rc1,compileSdkVersion=27,minSdkVersion=27,targetSdkVersion=27]
2018-04-03 22:09:37,229 INFO  LocalPropertiesFixService - Created fake /tmp/rdisk/2045/src/sample/local.properties
2018-04-03 22:09:37,231 INFO  ProjectFixService - Build info for "/tmp/rdisk/2045/src/sample/build.gradle": [buildToolsVersion=<null>,compileSdkVersion=<null>,minSdkVersion=<null>,targetSdkVersion=<null>]
2018-04-03 22:09:37,231 INFO  ProjectFixService - Fixed build info for "/tmp/rdisk/2045/src/sample/build.gradle": [buildToolsVersion=28.0.0-rc1,compileSdkVersion=27,minSdkVersion=27,targetSdkVersion=27]
2018-04-03 22:09:37,232 INFO  LocalPropertiesFixService - Created fake /tmp/rdisk/2045/src/local.properties
2018-04-03 22:09:37,232 INFO  WrapperPropertiesFixService - Gradle wrapper: https://services.gradle.org/distributions/gradle-2.10-all.zip
2018-04-03 22:09:37,232 INFO  WrapperPropertiesFixService - Gradle wrapper was changed from "-all.zip" to "-bin.zip" (https://services.gradle.org/distributions/gradle-2.10-bin.zip)
2018-04-03 22:09:37,235 INFO  ProjectFixService - Build info for "/tmp/rdisk/2045/src/build.gradle": [buildToolsVersion=<null>,compileSdkVersion=<null>,minSdkVersion=<null>,targetSdkVersion=<null>]
2018-04-03 22:09:37,235 INFO  ProjectFixService - Fixed build info for "/tmp/rdisk/2045/src/build.gradle": [buildToolsVersion=28.0.0-rc1,compileSdkVersion=27,minSdkVersion=27,targetSdkVersion=27]
2018-04-03 22:09:37,235 INFO  ProjectFixService - Project was maybe fixed
2018-04-03 22:09:37,235 INFO  ProjectTaskService - Detecting possible tasks...
2018-04-03 22:09:37,235 INFO  SysUtils - Execute command: [/tmp/rdisk/2045/src/gradlew, -b, /tmp/rdisk/2045/src/library/build.gradle, -Dorg.gradle.daemon=false, -Dorg.gradle.daemon.performance.enable-monitoring=false, -Dorg.gradle.configureondemand=true, tasks]
2018-04-03 22:09:47,516 ERROR ProjectTaskService - Could not detect possible Gradle tasks: Process exited with an error: 1 (Exit value: 1)
2018-04-03 22:09:47,516 INFO  ProjectTaskService - Detected possible tasks: 0
2018-04-03 22:09:47,516 INFO  ProjectTaskService - Excluded tasks (0): none
2018-04-03 22:09:47,516 INFO  SysUtils - Execute command: [/tmp/rdisk/2045/src/gradlew, -b, /tmp/rdisk/2045/src/library/build.gradle, -Dorg.gradle.daemon=false, -Dorg.gradle.daemon.performance.enable-monitoring=false, -Dorg.gradle.configureondemand=true, --stacktrace, build]
2018-04-03 22:10:12,423 INFO  SysUtils - Configuration on demand is an incubating feature.
Observed package id 'build-tools;28.0.0-preview' in inconsistent location '/root/Applications/android-sdk/build-tools/28.0.0-rc1' (Expected '/root/Applications/android-sdk/build-tools/28.0.0-preview')
Incremental java compilation is an incubating feature.
:library:androidJar
:library:androidJavadocs/tmp/rdisk/2045/src/library/src/main/java/com/yqritc/scalablevideoview/ScalableVideoView.java:11: error: package android.support.annotation does not exist
import android.support.annotation.NonNull;
                                 ^
/tmp/rdisk/2045/src/library/src/main/java/com/yqritc/scalablevideoview/ScalableVideoView.java:12: error: package android.support.annotation does not exist
import android.support.annotation.Nullable;
                                 ^
/tmp/rdisk/2045/src/library/src/main/java/com/yqritc/scalablevideoview/ScalableVideoView.java:13: error: package android.support.annotation does not exist
import android.support.annotation.RawRes;
                                 ^
/tmp/rdisk/2045/src/library/src/main/java/com/yqritc/scalablevideoview/ScalableVideoView.java:119: error: cannot find symbol
    public void setRawData(@RawRes int id) throws IOException {
                            ^
  symbol:   class RawRes
  location: class ScalableVideoView
/tmp/rdisk/2045/src/library/src/main/java/com/yqritc/scalablevideoview/ScalableVideoView.java:124: error: cannot find symbol
    public void setAssetData(@NonNull String assetName) throws IOException {
                              ^
  symbol:   class NonNull
  location: class ScalableVideoView
/tmp/rdisk/2045/src/library/src/main/java/com/yqritc/scalablevideoview/ScalableVideoView.java:130: error: cannot find symbol
    private void setDataSource(@NonNull AssetFileDescriptor afd) throws IOException {
                                ^
  symbol:   class NonNull
  location: class ScalableVideoView
/tmp/rdisk/2045/src/library/src/main/java/com/yqritc/scalablevideoview/ScalableVideoView.java:135: error: cannot find symbol
    public void setDataSource(@NonNull String path) throws IOException {
                               ^
  symbol:   class NonNull
  location: class ScalableVideoView
/tmp/rdisk/2045/src/library/src/main/java/com/yqritc/scalablevideoview/ScalableVideoView.java:140: error: cannot find symbol
    public void setDataSource(@NonNull Context context, @NonNull Uri uri,
                               ^
  symbol:   class NonNull
  location: class ScalableVideoView
/tmp/rdisk/2045/src/library/src/main/java/com/yqritc/scalablevideoview/ScalableVideoView.java:140: error: cannot find symbol
    public void setDataSource(@NonNull Context context, @NonNull Uri uri,
                                                         ^
  symbol:   class NonNull
  location: class ScalableVideoView
/tmp/rdisk/2045/src/library/src/main/java/com/yqritc/scalablevideoview/ScalableVideoView.java:141: error: cannot find symbol
            @Nullable Map<String, String> headers) throws IOException {
             ^
  symbol:   class Nullable
  location: class ScalableVideoView
/tmp/rdisk/2045/src/library/src/main/java/com/yqritc/scalablevideoview/ScalableVideoView.java:146: error: cannot find symbol
    public void setDataSource(@NonNull Context context, @NonNull Uri uri) throws IOException {
                               ^
  symbol:   class NonNull
  location: class ScalableVideoView
/tmp/rdisk/2045/src/library/src/main/java/com/yqritc/scalablevideoview/ScalableVideoView.java:146: error: cannot find symbol
    public void setDataSource(@NonNull Context context, @NonNull Uri uri) throws IOException {
                                                         ^
  symbol:   class NonNull
  location: class ScalableVideoView
/tmp/rdisk/2045/src/library/src/main/java/com/yqritc/scalablevideoview/ScalableVideoView.java:151: error: cannot find symbol
    public void setDataSource(@NonNull FileDescriptor fd, long offset, long length)
                               ^
  symbol:   class NonNull
  location: class ScalableVideoView
/tmp/rdisk/2045/src/library/src/main/java/com/yqritc/scalablevideoview/ScalableVideoView.java:157: error: cannot find symbol
    public void setDataSource(@NonNull FileDescriptor fd) throws IOException {
                               ^
  symbol:   class NonNull
  location: class ScalableVideoView
/tmp/rdisk/2045/src/library/src/main/java/com/yqritc/scalablevideoview/ScalableVideoView.java:167: error: cannot find symbol
    public void prepare(@Nullable MediaPlayer.OnPreparedListener listener)
                         ^
  symbol:   class Nullable
  location: class ScalableVideoView
/tmp/rdisk/2045/src/library/src/main/java/com/yqritc/scalablevideoview/ScalableVideoView.java:173: error: cannot find symbol
    public void prepareAsync(@Nullable MediaPlayer.OnPreparedListener listener)
                              ^
  symbol:   class Nullable
  location: class ScalableVideoView
/tmp/rdisk/2045/src/library/src/main/java/com/yqritc/scalablevideoview/ScalableVideoView.java:187: error: cannot find symbol
    public void setOnErrorListener(@Nullable MediaPlayer.OnErrorListener listener) {
                                    ^
  symbol:   class Nullable
  location: class ScalableVideoView
/tmp/rdisk/2045/src/library/src/main/java/com/yqritc/scalablevideoview/ScalableVideoView.java:191: error: cannot find symbol
    public void setOnCompletionListener(@Nullable MediaPlayer.OnCompletionListener listener) {
                                         ^
  symbol:   class Nullable
  location: class ScalableVideoView
/tmp/rdisk/2045/src/library/src/main/java/com/yqritc/scalablevideoview/ScalableVideoView.java:195: error: cannot find symbol
    public void setOnInfoListener(@Nullable MediaPlayer.OnInfoListener listener) {
                                   ^
  symbol:   class Nullable
  location: class ScalableVideoView
javadoc: warning - Class RawRes not found.
javadoc: warning - Class NonNull not found.
javadoc: warning - Class NonNull not found.
javadoc: warning - Class NonNull not found.
javadoc: warning - Class NonNull not found.
javadoc: warning - Class Nullable not found.
javadoc: warning - Class NonNull not found.
javadoc: warning - Class NonNull not found.
javadoc: warning - Class NonNull not found.
javadoc: warning - Class NonNull not found.
javadoc: warning - Class Nullable not found.
javadoc: warning - Class Nullable not found.
javadoc: warning - Class Nullable not found.
javadoc: warning - Class Nullable not found.
javadoc: warning - Class Nullable not found.

34 warnings
:library:androidJavadocsJar
:library:androidSourcesJar
:library:preBuild UP-TO-DATE
:library:preDebugBuild UP-TO-DATE
:library:compileDebugNdk UP-TO-DATE
:library:compileLint
:library:copyDebugLint UP-TO-DATE
:library:checkDebugManifest
:library:preDebugAndroidTestBuild UP-TO-DATE
:library:preDebugUnitTestBuild UP-TO-DATE
:library:preReleaseBuild UP-TO-DATE
:library:preReleaseUnitTestBuild UP-TO-DATE
:library:prepareComAndroidSupportAnimatedVectorDrawable2340Library
:library:prepareComAndroidSupportAppcompatV72340Library
:library:prepareComAndroidSupportSupportV42340Library
:library:prepareComAndroidSupportSupportVectorDrawable2340Library
:library:prepareDebugDependencies
:library:compileDebugAidl
:library:compileDebugRenderscript
:library:generateDebugBuildConfig
:library:mergeDebugShaders
:library:compileDebugShaders
:library:generateDebugAssets
:library:mergeDebugAssets
:library:generateDebugResValues
:library:generateDebugResources
:library:mergeDebugResources
:library:processDebugManifest
:library:processDebugResources
:library:generateDebugSources
:library:incrementalDebugJavaCompilationSafeguard
:library:compileDebugJavaWithJavac
:library:compileDebugJavaWithJavac - is not incremental (e.g. outputs have changed, no previous execution, etc.).
:library:extractDebugAnnotations
:library:mergeDebugProguardFiles
:library:packageDebugRenderscript UP-TO-DATE
:library:packageDebugResources
:library:processDebugJavaRes UP-TO-DATE
:library:transformResourcesWithMergeJavaResForDebug
:library:transformClassesAndResourcesWithSyncLibJarsForDebug
:library:mergeDebugJniLibFolders
:library:transformNative_libsWithMergeJniLibsForDebug
:library:transformNative_libsWithSyncJniLibsForDebug
:library:bundleDebug
:library:compileDebugSources
:library:assembleDebug
:library:compileReleaseNdk UP-TO-DATE
:library:copyReleaseLint UP-TO-DATE
:library:checkReleaseManifest
:library:prepareReleaseDependencies
:library:compileReleaseAidl
:library:compileReleaseRenderscript
:library:generateReleaseBuildConfig
:library:mergeReleaseShaders
:library:compileReleaseShaders
:library:generateReleaseAssets
:library:mergeReleaseAssets
:library:generateReleaseResValues
:library:generateReleaseResources
:library:mergeReleaseResources
:library:processReleaseManifest
:library:processReleaseResources
:library:generateReleaseSources
:library:incrementalReleaseJavaCompilationSafeguard
:library:compileReleaseJavaWithJavac
:library:compileReleaseJavaWithJavac - is not incremental (e.g. outputs have changed, no previous execution, etc.).
:library:extractReleaseAnnotations
:library:mergeReleaseProguardFiles
:library:packageReleaseRenderscript UP-TO-DATE
:library:packageReleaseResources
:library:processReleaseJavaRes UP-TO-DATE
:library:transformResourcesWithMergeJavaResForRelease
:library:transformClassesAndResourcesWithSyncLibJarsForRelease
:library:mergeReleaseJniLibFolders
:library:transformNative_libsWithMergeJniLibsForRelease
:library:transformNative_libsWithSyncJniLibsForRelease
:library:bundleRelease
:library:compileReleaseSources
:library:assembleRelease
:library:assemble
:library:lint
Ran lint on variant debug: 1 issues found
Ran lint on variant release: 1 issues found
Wrote HTML report to file:///tmp/rdisk/2045/src/library/build/outputs/lint-results-debug.html
Wrote XML report to file:///tmp/rdisk/2045/src/library/build/outputs/lint-results-debug.xml
:library:incrementalDebugUnitTestJavaCompilationSafeguard UP-TO-DATE
:library:prepareDebugUnitTestDependencies
:library:compileDebugUnitTestJavaWithJavac UP-TO-DATE
:library:processDebugUnitTestJavaRes UP-TO-DATE
:library:compileDebugUnitTestSources UP-TO-DATE
:library:mockableAndroidJar
:library:assembleDebugUnitTest
:library:testDebugUnitTest
:library:incrementalReleaseUnitTestJavaCompilationSafeguard UP-TO-DATE
:library:prepareReleaseUnitTestDependencies
:library:compileReleaseUnitTestJavaWithJavac UP-TO-DATE
:library:processReleaseUnitTestJavaRes UP-TO-DATE
:library:compileReleaseUnitTestSources UP-TO-DATE
:library:assembleReleaseUnitTest
:library:testReleaseUnitTest
:library:test
:library:check
:library:build

BUILD SUCCESSFUL

Total time: 24.463 secs

2018-04-03 22:10:12,465 INFO  ProjectTaskService - Detecting possible tasks...
2018-04-03 22:10:12,465 INFO  SysUtils - Execute command: [/tmp/rdisk/2045/src/gradlew, -b, /tmp/rdisk/2045/src/sample/build.gradle, -Dorg.gradle.daemon=false, -Dorg.gradle.daemon.performance.enable-monitoring=false, -Dorg.gradle.configureondemand=true, tasks]
2018-04-03 22:10:19,360 INFO  ProjectTaskService - Detected possible tasks: 70
2018-04-03 22:10:19,360 INFO  ProjectTaskService - Excluded tasks (19): lintDebug mockableAndroidJar deviceCheck lint testReleaseUnitTest uninstallRelease deviceAndroidTest uninstallDebugAndroidTest installDebugAndroidTest connectedCheck connectedDebugAndroidTest uninstallAll test check testDebugUnitTest connectedAndroidTest installDebug lintRelease uninstallDebug
2018-04-03 22:10:19,361 INFO  SysUtils - Execute command: [/tmp/rdisk/2045/src/gradlew, -b, /tmp/rdisk/2045/src/sample/build.gradle, -Dorg.gradle.daemon=false, -Dorg.gradle.daemon.performance.enable-monitoring=false, -Dorg.gradle.configureondemand=true, --stacktrace, -x, lintDebug, -x, mockableAndroidJar, -x, deviceCheck, -x, lint, -x, testReleaseUnitTest, -x, uninstallRelease, -x, deviceAndroidTest, -x, uninstallDebugAndroidTest, -x, installDebugAndroidTest, -x, connectedCheck, -x, connectedDebugAndroidTest, -x, uninstallAll, -x, test, -x, check, -x, testDebugUnitTest, -x, connectedAndroidTest, -x, installDebug, -x, lintRelease, -x, uninstallDebug, build]
2018-04-03 22:10:47,232 INFO  SysUtils - Configuration on demand is an incubating feature.
Observed package id 'build-tools;28.0.0-preview' in inconsistent location '/root/Applications/android-sdk/build-tools/28.0.0-rc1' (Expected '/root/Applications/android-sdk/build-tools/28.0.0-preview')
Incremental java compilation is an incubating feature.
:library:preBuild UP-TO-DATE
:library:preReleaseBuild UP-TO-DATE
:library:compileReleaseNdk UP-TO-DATE
:library:compileLint
:library:copyReleaseLint UP-TO-DATE
:library:checkReleaseManifest
:library:preDebugAndroidTestBuild UP-TO-DATE
:library:preDebugBuild UP-TO-DATE
:library:preDebugUnitTestBuild UP-TO-DATE
:library:preReleaseUnitTestBuild UP-TO-DATE
:library:prepareComAndroidSupportAnimatedVectorDrawable2340Library UP-TO-DATE
:library:prepareComAndroidSupportAppcompatV72340Library UP-TO-DATE
:library:prepareComAndroidSupportSupportV42340Library UP-TO-DATE
:library:prepareComAndroidSupportSupportVectorDrawable2340Library UP-TO-DATE
:library:prepareReleaseDependencies
:library:compileReleaseAidl UP-TO-DATE
:library:compileReleaseRenderscript UP-TO-DATE
:library:generateReleaseBuildConfig UP-TO-DATE
:library:mergeReleaseShaders UP-TO-DATE
:library:compileReleaseShaders UP-TO-DATE
:library:generateReleaseAssets UP-TO-DATE
:library:mergeReleaseAssets UP-TO-DATE
:library:generateReleaseResValues UP-TO-DATE
:library:generateReleaseResources UP-TO-DATE
:library:mergeReleaseResources UP-TO-DATE
:library:processReleaseManifest UP-TO-DATE
:library:processReleaseResources UP-TO-DATE
:library:generateReleaseSources UP-TO-DATE
:library:incrementalReleaseJavaCompilationSafeguard UP-TO-DATE
:library:compileReleaseJavaWithJavac UP-TO-DATE
:library:extractReleaseAnnotations UP-TO-DATE
:library:mergeReleaseProguardFiles UP-TO-DATE
:library:packageReleaseRenderscript UP-TO-DATE
:library:packageReleaseResources UP-TO-DATE
:library:processReleaseJavaRes UP-TO-DATE
:library:transformResourcesWithMergeJavaResForRelease UP-TO-DATE
:library:transformClassesAndResourcesWithSyncLibJarsForRelease UP-TO-DATE
:library:mergeReleaseJniLibFolders UP-TO-DATE
:library:transformNative_libsWithMergeJniLibsForRelease UP-TO-DATE
:library:transformNative_libsWithSyncJniLibsForRelease UP-TO-DATE
:library:bundleRelease UP-TO-DATE
:sample:preBuild UP-TO-DATE
:sample:preDebugBuild UP-TO-DATE
:sample:checkDebugManifest
:sample:preReleaseBuild UP-TO-DATE
:sample:prepareComAndroidSupportAnimatedVectorDrawable2340Library
:sample:prepareComAndroidSupportAppcompatV72340Library
:sample:prepareComAndroidSupportRecyclerviewV72340Library
:sample:prepareComAndroidSupportSupportV42340Library
:sample:prepareComAndroidSupportSupportVectorDrawable2340Library
:sample:prepareSrcLibraryUnspecifiedLibrary
:sample:prepareDebugDependencies
:sample:compileDebugAidl
:sample:compileDebugRenderscript
:sample:generateDebugBuildConfig
:sample:mergeDebugShaders
:sample:compileDebugShaders
:sample:generateDebugAssets
:sample:mergeDebugAssets
:sample:generateDebugResValues
:sample:generateDebugResources
:sample:mergeDebugResources
:sample:processDebugManifest
:sample:processDebugResources
:sample:generateDebugSources
:sample:incrementalDebugJavaCompilationSafeguard
:sample:compileDebugJavaWithJavac
:sample:compileDebugJavaWithJavac - is not incremental (e.g. outputs have changed, no previous execution, etc.).
:sample:compileDebugNdk UP-TO-DATE
:sample:compileDebugSources
:sample:prePackageMarkerForDebug
:sample:transformClassesWithDexForDebug
To run dex in process, the Gradle daemon needs a larger heap.
It currently has approximately 1623 MB.
For faster builds, increase the maximum heap size for the Gradle daemon to more than 2048 MB.
To do this set org.gradle.jvmargs=-Xmx2048M in the project gradle.properties.
For more information see https://docs.gradle.org/current/userguide/build_environment.html
:sample:mergeDebugJniLibFolders
:sample:transformNative_libsWithMergeJniLibsForDebug
:sample:processDebugJavaRes UP-TO-DATE
:sample:transformResourcesWithMergeJavaResForDebug
:sample:validateDebugSigning
:sample:packageDebug
:sample:zipalignDebug
:sample:assembleDebug
:sample:checkReleaseManifest
:sample:prepareReleaseDependencies
:sample:compileReleaseAidl
:sample:compileReleaseRenderscript
:sample:generateReleaseBuildConfig
:sample:mergeReleaseShaders
:sample:compileReleaseShaders
:sample:generateReleaseAssets
:sample:mergeReleaseAssets
:sample:generateReleaseResValues
:sample:generateReleaseResources
:sample:mergeReleaseResources
:sample:processReleaseManifest
:sample:processReleaseResources
:sample:generateReleaseSources
:sample:incrementalReleaseJavaCompilationSafeguard
:sample:compileReleaseJavaWithJavac
:sample:compileReleaseJavaWithJavac - is not incremental (e.g. outputs have changed, no previous execution, etc.).
:sample:compileReleaseNdk UP-TO-DATE
:sample:compileReleaseSources
:sample:lintVitalRelease
:sample:prePackageMarkerForRelease
:sample:transformClassesWithDexForRelease
:sample:mergeReleaseJniLibFolders
:sample:transformNative_libsWithMergeJniLibsForRelease
:sample:processReleaseJavaRes UP-TO-DATE
:sample:transformResourcesWithMergeJavaResForRelease
:sample:packageRelease
:sample:assembleRelease
:sample:assemble
:sample:build

BUILD SUCCESSFUL

Total time: 27.439 secs

2018-04-03 22:10:47,313 INFO  FullProcessService - Found APK file: /tmp/rdisk/2045/src/sample/build/outputs/apk/sample-release-unsigned.apk
