2018-04-03 19:58:09,710 INFO  DownloadService - Downloading "https://github.com/jjhesk/BringItBackAdvanceSlidingMenu/archive/master.zip", attempt 3
2018-04-03 19:59:10,328 INFO  GithubDownloadService - Could not find ZIP archive for master branch
2018-04-03 19:59:11,412 INFO  GithubDownloadService - Default branch of this repository: master
2018-04-03 19:59:11,412 INFO  DownloadService - Downloading "https://github.com/jjhesk/BringItBackAdvanceSlidingMenu/archive/master.zip", attempt 3
2018-04-03 20:00:13,248 DEBUG FullProcessService - Repository https://github.com/jjhesk/BringItBackAdvanceSlidingMenu available: true
2018-04-03 20:00:13,248 INFO  FullProcessService - Could not download ZIP file from Github, lets clone it
2018-04-03 20:00:13,248 INFO  SysUtils - Execute command: [git, clone, -q, --single-branch, --depth, 1, https://github.com/jjhesk/BringItBackAdvanceSlidingMenu, /tmp/rdisk/2099/src]
2018-04-03 20:00:18,921 INFO  SysUtils - 
2018-04-03 20:00:18,931 INFO  GitService - Deleted "/tmp/rdisk/2099/src/.git": true
2018-04-03 20:00:18,941 INFO  FullProcessService - Size of directory with sources: 7 MB
2018-04-03 20:00:18,941 INFO  SysUtils - Execute command: [git, init, /tmp/rdisk/2099/src]
2018-04-03 20:00:18,945 INFO  SysUtils - Initialized empty Git repository in /tmp/rdisk/2099/src/.git/

2018-04-03 20:00:18,953 INFO  ProjectBuildService - Gradle wrapper(s): /tmp/rdisk/2099/src/slideOutMenu/gradlew /tmp/rdisk/2099/src/AdvancedSlidingMenu/gradlew
2018-04-03 20:00:18,962 INFO  ProjectBuildService - Build script(s): /tmp/rdisk/2099/src/AdvancedSlidingMenu/demoslidemenu/build.gradle /tmp/rdisk/2099/src/slideOutMenu/app/build.gradle /tmp/rdisk/2099/src/slideOutMenu/menux/build.gradle /tmp/rdisk/2099/src/AdvancedSlidingMenu/build.gradle /tmp/rdisk/2099/src/slideOutMenu/build.gradle
2018-04-03 20:00:18,969 INFO  ProjectBuildService - All script(s): /tmp/rdisk/2099/src/slideOutMenu/settings.gradle /tmp/rdisk/2099/src/slideOutMenu/menux/build.gradle /tmp/rdisk/2099/src/slideOutMenu/menux/br.gradle /tmp/rdisk/2099/src/slideOutMenu/build.gradle /tmp/rdisk/2099/src/slideOutMenu/app/build.gradle /tmp/rdisk/2099/src/AdvancedSlidingMenu/demoslidemenu/build.gradle /tmp/rdisk/2099/src/AdvancedSlidingMenu/build.gradle
2018-04-03 20:00:18,970 INFO  ProjectBuildService - Remote scripts: none
2018-04-03 20:00:18,970 INFO  ProjectFixService - Fixing project...
2018-04-03 20:00:18,989 INFO  LocalPropertiesFixService - Created fake /tmp/rdisk/2099/src/AdvancedSlidingMenu/demoslidemenu/local.properties
2018-04-03 20:00:18,991 INFO  ProjectFixService - Build info for "/tmp/rdisk/2099/src/AdvancedSlidingMenu/demoslidemenu/build.gradle": [buildToolsVersion=23.0.3,compileSdkVersion=23,minSdkVersion=17,targetSdkVersion=23]
2018-04-03 20:00:18,991 INFO  LocalPropertiesFixService - Created fake /tmp/rdisk/2099/src/slideOutMenu/app/local.properties
2018-04-03 20:00:18,991 INFO  ProjectFixService - Build info for "/tmp/rdisk/2099/src/slideOutMenu/app/build.gradle": [buildToolsVersion=23.0.3,compileSdkVersion=23,minSdkVersion=17,targetSdkVersion=23]
2018-04-03 20:00:18,991 INFO  LocalPropertiesFixService - Created fake /tmp/rdisk/2099/src/slideOutMenu/menux/local.properties
2018-04-03 20:00:18,993 INFO  ProjectFixService - Build info for "/tmp/rdisk/2099/src/slideOutMenu/menux/build.gradle": [buildToolsVersion=23.0.3,compileSdkVersion=23,minSdkVersion=17,targetSdkVersion=23]
2018-04-03 20:00:18,993 INFO  LocalPropertiesFixService - Created fake /tmp/rdisk/2099/src/AdvancedSlidingMenu/local.properties
2018-04-03 20:00:18,993 INFO  WrapperPropertiesFixService - Gradle wrapper: https://services.gradle.org/distributions/gradle-2.10-all.zip
2018-04-03 20:00:18,993 INFO  WrapperPropertiesFixService - Gradle wrapper was changed from "-all.zip" to "-bin.zip" (https://services.gradle.org/distributions/gradle-2.10-bin.zip)
2018-04-03 20:00:18,996 INFO  ProjectFixService - Build info for "/tmp/rdisk/2099/src/AdvancedSlidingMenu/build.gradle": [buildToolsVersion=23.0.3,compileSdkVersion=23,minSdkVersion=17,targetSdkVersion=23]
2018-04-03 20:00:18,997 INFO  LocalPropertiesFixService - Created fake /tmp/rdisk/2099/src/slideOutMenu/local.properties
2018-04-03 20:00:18,997 INFO  WrapperPropertiesFixService - Gradle wrapper: https://services.gradle.org/distributions/gradle-2.10-all.zip
2018-04-03 20:00:18,997 INFO  WrapperPropertiesFixService - Gradle wrapper was changed from "-all.zip" to "-bin.zip" (https://services.gradle.org/distributions/gradle-2.10-bin.zip)
2018-04-03 20:00:18,999 INFO  ProjectFixService - Build info for "/tmp/rdisk/2099/src/slideOutMenu/build.gradle": [buildToolsVersion=23.0.3,compileSdkVersion=23,minSdkVersion=17,targetSdkVersion=23]
2018-04-03 20:00:18,999 INFO  ProjectFixService - Project was maybe fixed
2018-04-03 20:00:18,999 INFO  ProjectTaskService - Detecting possible tasks...
2018-04-03 20:00:18,999 INFO  SysUtils - Execute command: [/tmp/rdisk/2099/src/AdvancedSlidingMenu/gradlew, -b, /tmp/rdisk/2099/src/AdvancedSlidingMenu/demoslidemenu/build.gradle, -Dorg.gradle.daemon=false, -Dorg.gradle.daemon.performance.enable-monitoring=false, -Dorg.gradle.configureondemand=true, tasks]
2018-04-03 20:00:22,310 ERROR ProjectTaskService - Could not detect possible Gradle tasks: Process exited with an error: 1 (Exit value: 1)
2018-04-03 20:00:22,311 INFO  ProjectTaskService - Detected possible tasks: 0
2018-04-03 20:00:22,311 INFO  ProjectTaskService - Excluded tasks (0): none
2018-04-03 20:00:22,311 INFO  SysUtils - Execute command: [/tmp/rdisk/2099/src/AdvancedSlidingMenu/gradlew, -b, /tmp/rdisk/2099/src/AdvancedSlidingMenu/demoslidemenu/build.gradle, -Dorg.gradle.daemon=false, -Dorg.gradle.daemon.performance.enable-monitoring=false, -Dorg.gradle.configureondemand=true, --stacktrace, build]
2018-04-03 20:00:24,299 ERROR SysUtils - Could not process external command
org.apache.commons.exec.ExecuteException: Process exited with an error: 1 (Exit value: 1)
	at org.apache.commons.exec.DefaultExecutor.executeInternal(DefaultExecutor.java:404)
	at org.apache.commons.exec.DefaultExecutor.execute(DefaultExecutor.java:166)
	at com.github.vbauer.apkmaster.util.SysUtils.execute(SysUtils.java:67)
	at com.github.vbauer.apkmaster.util.SysUtils.executeSimple(SysUtils.java:43)
	at com.github.vbauer.apkmaster.service.assembly.ProjectBuildService.buildProject(ProjectBuildService.java:78)
	at com.github.vbauer.apkmaster.service.assembly.ProjectBuildService.buildProject(ProjectBuildService.java:64)
	at com.github.vbauer.apkmaster.service.assembly.ProjectBuildService.buildProject(ProjectBuildService.java:43)
	at com.github.vbauer.apkmaster.service.FullProcessService.build(FullProcessService.java:84)
	at com.github.vbauer.apkmaster.service.FullProcessService.process(FullProcessService.java:34)
	at com.github.vbauer.apkmaster.app.MainApplication.process(MainApplication.java:38)
	at com.github.vbauer.apkmaster.app.MainApplication.main(MainApplication.java:20)
	at sun.reflect.GeneratedMethodAccessor8.invoke(Unknown Source)
	at sun.reflect.DelegatingMethodAccessorImpl.invoke(DelegatingMethodAccessorImpl.java:43)
	at java.lang.reflect.Method.invoke(Method.java:498)
	at com.android.arsenal.util.ReflectionUtils.invoke(ReflectionUtils.java:42)
	at com.android.arsenal.util.ApkMasterUtils.main(ApkMasterUtils.java:30)
	at com.android.arsenal.service.processor.impl.BuildProcessorServiceImpl.buildProject(BuildProcessorServiceImpl.java:197)
	at com.android.arsenal.service.processor.impl.BuildProcessorServiceImpl.build(BuildProcessorServiceImpl.java:131)
	at com.android.arsenal.service.processor.impl.BuildProcessorServiceImpl.lambda$null$1(BuildProcessorServiceImpl.java:114)
	at java.util.concurrent.FutureTask.run(FutureTask.java:266)
	at java.util.concurrent.Executors$RunnableAdapter.call(Executors.java:511)
	at java.util.concurrent.FutureTask.run(FutureTask.java:266)
	at java.util.concurrent.ThreadPoolExecutor.runWorker(ThreadPoolExecutor.java:1149)
	at java.util.concurrent.ThreadPoolExecutor$Worker.run(ThreadPoolExecutor.java:624)
	at java.lang.Thread.run(Thread.java:748)
2018-04-03 20:00:24,299 INFO  SysUtils - Configuration on demand is an incubating feature.

FAILURE: Build failed with an exception.

* Where:
Build file '/tmp/rdisk/2099/src/AdvancedSlidingMenu/demoslidemenu/build.gradle' line: 1

* What went wrong:
A problem occurred evaluating root project 'demoslidemenu'.
> Plugin with id 'com.android.application' not found.

* Try:
Run with --info or --debug option to get more log output.

* Exception is:
org.gradle.api.GradleScriptException: A problem occurred evaluating root project 'demoslidemenu'.
	at org.gradle.groovy.scripts.internal.DefaultScriptRunnerFactory$ScriptRunnerImpl.run(DefaultScriptRunnerFactory.java:93)
	at org.gradle.configuration.DefaultScriptPluginFactory$ScriptPluginImpl$1.run(DefaultScriptPluginFactory.java:144)
	at org.gradle.configuration.ProjectScriptTarget.addConfiguration(ProjectScriptTarget.java:72)
	at org.gradle.configuration.DefaultScriptPluginFactory$ScriptPluginImpl.apply(DefaultScriptPluginFactory.java:149)
	at org.gradle.configuration.project.BuildScriptProcessor.execute(BuildScriptProcessor.java:38)
	at org.gradle.configuration.project.BuildScriptProcessor.execute(BuildScriptProcessor.java:25)
	at org.gradle.configuration.project.ConfigureActionsProjectEvaluator.evaluate(ConfigureActionsProjectEvaluator.java:34)
	at org.gradle.configuration.project.LifecycleProjectEvaluator.evaluate(LifecycleProjectEvaluator.java:55)
	at org.gradle.api.internal.project.AbstractProject.evaluate(AbstractProject.java:510)
	at org.gradle.api.internal.project.AbstractProject.evaluate(AbstractProject.java:90)
	at org.gradle.execution.TaskPathProjectEvaluator.configure(TaskPathProjectEvaluator.java:35)
	at org.gradle.configuration.DefaultBuildConfigurer.configure(DefaultBuildConfigurer.java:33)
	at org.gradle.initialization.DefaultGradleLauncher$2.run(DefaultGradleLauncher.java:125)
	at org.gradle.internal.Factories$1.create(Factories.java:22)
	at org.gradle.internal.progress.DefaultBuildOperationExecutor.run(DefaultBuildOperationExecutor.java:90)
	at org.gradle.internal.progress.DefaultBuildOperationExecutor.run(DefaultBuildOperationExecutor.java:52)
	at org.gradle.initialization.DefaultGradleLauncher.doBuildStages(DefaultGradleLauncher.java:122)
	at org.gradle.initialization.DefaultGradleLauncher.access$200(DefaultGradleLauncher.java:32)
	at org.gradle.initialization.DefaultGradleLauncher$1.create(DefaultGradleLauncher.java:99)
	at org.gradle.initialization.DefaultGradleLauncher$1.create(DefaultGradleLauncher.java:93)
	at org.gradle.internal.progress.DefaultBuildOperationExecutor.run(DefaultBuildOperationExecutor.java:90)
	at org.gradle.internal.progress.DefaultBuildOperationExecutor.run(DefaultBuildOperationExecutor.java:62)
	at org.gradle.initialization.DefaultGradleLauncher.doBuild(DefaultGradleLauncher.java:93)
	at org.gradle.initialization.DefaultGradleLauncher.run(DefaultGradleLauncher.java:82)
	at org.gradle.launcher.exec.InProcessBuildActionExecuter$DefaultBuildController.run(InProcessBuildActionExecuter.java:94)
	at org.gradle.tooling.internal.provider.ExecuteBuildActionRunner.run(ExecuteBuildActionRunner.java:28)
	at org.gradle.launcher.exec.ChainingBuildActionRunner.run(ChainingBuildActionRunner.java:35)
	at org.gradle.launcher.exec.InProcessBuildActionExecuter.execute(InProcessBuildActionExecuter.java:43)
	at org.gradle.launcher.exec.InProcessBuildActionExecuter.execute(InProcessBuildActionExecuter.java:28)
	at org.gradle.launcher.exec.ContinuousBuildActionExecuter.execute(ContinuousBuildActionExecuter.java:78)
	at org.gradle.launcher.exec.ContinuousBuildActionExecuter.execute(ContinuousBuildActionExecuter.java:48)
	at org.gradle.launcher.exec.DaemonUsageSuggestingBuildActionExecuter.execute(DaemonUsageSuggestingBuildActionExecuter.java:51)
	at org.gradle.launcher.exec.DaemonUsageSuggestingBuildActionExecuter.execute(DaemonUsageSuggestingBuildActionExecuter.java:28)
	at org.gradle.launcher.cli.RunBuildAction.run(RunBuildAction.java:43)
	at org.gradle.internal.Actions$RunnableActionAdapter.execute(Actions.java:170)
	at org.gradle.launcher.cli.CommandLineActionFactory$ParseAndBuildAction.execute(CommandLineActionFactory.java:237)
	at org.gradle.launcher.cli.CommandLineActionFactory$ParseAndBuildAction.execute(CommandLineActionFactory.java:210)
	at org.gradle.launcher.cli.JavaRuntimeValidationAction.execute(JavaRuntimeValidationAction.java:35)
	at org.gradle.launcher.cli.JavaRuntimeValidationAction.execute(JavaRuntimeValidationAction.java:24)
	at org.gradle.launcher.cli.CommandLineActionFactory$WithLogging.execute(CommandLineActionFactory.java:206)
	at org.gradle.launcher.cli.CommandLineActionFactory$WithLogging.execute(CommandLineActionFactory.java:169)
	at org.gradle.launcher.cli.ExceptionReportingAction.execute(ExceptionReportingAction.java:33)
	at org.gradle.launcher.cli.ExceptionReportingAction.execute(ExceptionReportingAction.java:22)
	at org.gradle.launcher.Main.doAction(Main.java:33)
	at org.gradle.launcher.bootstrap.EntryPoint.run(EntryPoint.java:45)
	at org.gradle.launcher.bootstrap.ProcessBootstrap.runNoExit(ProcessBootstrap.java:54)
	at org.gradle.launcher.bootstrap.ProcessBootstrap.run(ProcessBootstrap.java:35)
	at org.gradle.launcher.GradleMain.main(GradleMain.java:23)
	at org.gradle.wrapper.BootstrapMainStarter.start(BootstrapMainStarter.java:30)
	at org.gradle.wrapper.WrapperExecutor.execute(WrapperExecutor.java:129)
	at org.gradle.wrapper.GradleWrapperMain.main(GradleWrapperMain.java:61)
Caused by: org.gradle.api.plugins.UnknownPluginException: Plugin with id 'com.android.application' not found.
	at org.gradle.api.internal.plugins.DefaultPluginManager.apply(DefaultPluginManager.java:110)
	at org.gradle.api.internal.plugins.DefaultObjectConfigurationAction.applyType(DefaultObjectConfigurationAction.java:112)
	at org.gradle.api.internal.plugins.DefaultObjectConfigurationAction.access$200(DefaultObjectConfigurationAction.java:35)
	at org.gradle.api.internal.plugins.DefaultObjectConfigurationAction$3.run(DefaultObjectConfigurationAction.java:79)
	at org.gradle.api.internal.plugins.DefaultObjectConfigurationAction.execute(DefaultObjectConfigurationAction.java:135)
	at org.gradle.api.internal.project.AbstractPluginAware.apply(AbstractPluginAware.java:46)
	at org.gradle.api.plugins.PluginAware$apply.call(Unknown Source)
	at org.gradle.api.internal.project.ProjectScript.apply(ProjectScript.groovy:35)
	at org.gradle.api.Script$apply.callCurrent(Unknown Source)
	at build_12aqyw1kbbd3jmu0llhq0e2h4.run(/tmp/rdisk/2099/src/AdvancedSlidingMenu/demoslidemenu/build.gradle:1)
	at org.gradle.groovy.scripts.internal.DefaultScriptRunnerFactory$ScriptRunnerImpl.run(DefaultScriptRunnerFactory.java:91)
	... 50 more


BUILD FAILED

Total time: 1.844 secs

2018-04-03 20:00:24,307 INFO  ProjectTaskService - Detecting possible tasks...
2018-04-03 20:00:24,307 INFO  SysUtils - Execute command: [/tmp/rdisk/2099/src/slideOutMenu/gradlew, -b, /tmp/rdisk/2099/src/slideOutMenu/app/build.gradle, -Dorg.gradle.daemon=false, -Dorg.gradle.daemon.performance.enable-monitoring=false, -Dorg.gradle.configureondemand=true, tasks]
2018-04-03 20:00:48,454 ERROR ProjectTaskService - Could not detect possible Gradle tasks: Process exited with an error: 1 (Exit value: 1)
2018-04-03 20:00:48,455 INFO  ProjectTaskService - Detected possible tasks: 0
2018-04-03 20:00:48,455 INFO  ProjectTaskService - Excluded tasks (0): none
2018-04-03 20:00:48,455 INFO  SysUtils - Execute command: [/tmp/rdisk/2099/src/slideOutMenu/gradlew, -b, /tmp/rdisk/2099/src/slideOutMenu/app/build.gradle, -Dorg.gradle.daemon=false, -Dorg.gradle.daemon.performance.enable-monitoring=false, -Dorg.gradle.configureondemand=true, --stacktrace, build]
2018-04-03 20:01:28,585 INFO  SysUtils - Configuration on demand is an incubating feature.
Incremental java compilation is an incubating feature.
:app:preBuild UP-TO-DATE
:app:preDebugBuild UP-TO-DATE
:app:checkDebugManifest
:app:preReleaseBuild UP-TO-DATE
:app:prepareComAndroidSupportAnimatedVectorDrawable2330Library
:app:prepareComAndroidSupportAppcompatV72330Library
:app:prepareComAndroidSupportDesign2330Library
:app:prepareComAndroidSupportRecyclerviewV72330Library
:app:prepareComAndroidSupportSupportV42330Library
:app:prepareComAndroidSupportSupportVectorDrawable2330Library
:app:prepareDebugDependencies
:app:compileDebugAidl
:app:compileDebugRenderscript
:app:generateDebugBuildConfig
:app:generateDebugAssets UP-TO-DATE
:app:mergeDebugAssets
:app:generateDebugResValues
:app:generateDebugResources
:app:mergeDebugResources
:app:processDebugManifest
:app:processDebugResources
:app:generateDebugSources
:app:compileDebugJavaWithJavacNote: /tmp/rdisk/2099/src/slideOutMenu/app/src/main/java/mxh/kickassmenu/classic.java uses or overrides a deprecated API.
Note: Recompile with -Xlint:deprecation for details.

:app:compileDebugNdk UP-TO-DATE
:app:compileDebugSources
:app:prePackageMarkerForDebug
:app:transformClassesWithDexForDebug
:app:mergeDebugJniLibFolders
:app:transformNative_libsWithMergeJniLibsForDebug
:app:processDebugJavaRes UP-TO-DATE
:app:transformResourcesWithMergeJavaResForDebug
:app:validateDebugSigning
:app:packageDebug
:app:zipalignDebug
:app:assembleDebug
:app:checkReleaseManifest
:app:prepareReleaseDependencies
:app:compileReleaseAidl
:app:compileReleaseRenderscript
:app:generateReleaseBuildConfig
:app:generateReleaseAssets UP-TO-DATE
:app:mergeReleaseAssets
:app:generateReleaseResValues
:app:generateReleaseResources
:app:mergeReleaseResources
:app:processReleaseManifest
:app:processReleaseResources
:app:generateReleaseSources
:app:compileReleaseJavaWithJavacNote: /tmp/rdisk/2099/src/slideOutMenu/app/src/main/java/mxh/kickassmenu/classic.java uses or overrides a deprecated API.
Note: Recompile with -Xlint:deprecation for details.

:app:compileReleaseNdk UP-TO-DATE
:app:compileReleaseSources
:app:lintVitalRelease
:app:prePackageMarkerForRelease
:app:transformClassesWithDexForRelease
:app:mergeReleaseJniLibFolders
:app:transformNative_libsWithMergeJniLibsForRelease
:app:processReleaseJavaRes UP-TO-DATE
:app:transformResourcesWithMergeJavaResForRelease
:app:packageRelease
:app:assembleRelease
:app:assemble
:app:compileLint
:app:lint
Ran lint on variant release: 15 issues found
Ran lint on variant debug: 15 issues found
Wrote HTML report to file:///tmp/rdisk/2099/src/slideOutMenu/app/build/outputs/lint-results-debug.html
Wrote XML report to file:///tmp/rdisk/2099/src/slideOutMenu/app/build/outputs/lint-results-debug.xml
:app:preDebugUnitTestBuild UP-TO-DATE
:app:prepareDebugUnitTestDependencies
:app:compileDebugUnitTestJavaWithJavac
:app:processDebugUnitTestJavaRes UP-TO-DATE
:app:compileDebugUnitTestSources
:app:mockableAndroidJar
:app:assembleDebugUnitTest
:app:testDebugUnitTest
:app:preReleaseUnitTestBuild UP-TO-DATE
:app:prepareReleaseUnitTestDependencies
:app:compileReleaseUnitTestJavaWithJavac
:app:processReleaseUnitTestJavaRes UP-TO-DATE
:app:compileReleaseUnitTestSources
:app:assembleReleaseUnitTest
:app:testReleaseUnitTest
:app:test
:app:check
:app:build

BUILD SUCCESSFUL

Total time: 39.642 secs

2018-04-03 20:01:28,635 INFO  FullProcessService - Found APK file: /tmp/rdisk/2099/src/slideOutMenu/app/build/outputs/apk/app-debug.apk
